2023-09-14 22:28:04.8953|0|INFO|Program|Program initial |url: |action: |Program.<Main>$| body: 
2023-09-14 22:28:05.2691|0|INFO|Microsoft.Hosting.Lifetime|Application started. Press Ctrl+C to shut down. |url: |action: |Microsoft.Extensions.Hosting.Internal.ConsoleLifetime.OnApplicationStarted| body: 
2023-09-14 22:28:05.2691|0|INFO|Microsoft.Hosting.Lifetime|Hosting environment: Development |url: |action: |Microsoft.Extensions.Hosting.Internal.ConsoleLifetime.OnApplicationStarted| body: 
2023-09-14 22:28:05.2691|0|INFO|Microsoft.Hosting.Lifetime|Content root path: C:\AProject\DwellEase\DwellEase.WebAPI |url: |action: |Microsoft.Extensions.Hosting.Internal.ApplicationLifetime.NotifyStarted| body: 
2023-09-14 22:28:13.6689|0|ERROR|Microsoft.AspNetCore.Diagnostics.DeveloperExceptionPageMiddleware|An unhandled exception has occurred while executing the request. System.NotSupportedException: Store does not implement IQueryableUserStore<TUser>.
   at Microsoft.AspNetCore.Identity.UserManager`1.get_Users()
   at DwellEase.WebAPI.Controllers.AccountsController.Log() in C:\AProject\DwellEase\DwellEase.WebAPI\Controllers\AccountController.cs:line 39
   at lambda_method1(Closure, Object, Object[])
   at Microsoft.AspNetCore.Mvc.Infrastructure.ActionMethodExecutor.SyncObjectResultExecutor.Execute(ActionContext actionContext, IActionResultTypeMapper mapper, ObjectMethodExecutor executor, Object controller, Object[] arguments)
   at Microsoft.AspNetCore.Mvc.Infrastructure.ControllerActionInvoker.<InvokeActionMethodAsync>g__Logged|12_1(ControllerActionInvoker invoker)
   at Microsoft.AspNetCore.Mvc.Infrastructure.ControllerActionInvoker.<InvokeNextActionFilterAsync>g__Awaited|10_0(ControllerActionInvoker invoker, Task lastTask, State next, Scope scope, Object state, Boolean isCompleted)
   at Microsoft.AspNetCore.Mvc.Infrastructure.ControllerActionInvoker.Rethrow(ActionExecutedContextSealed context)
   at Microsoft.AspNetCore.Mvc.Infrastructure.ControllerActionInvoker.Next(State& next, Scope& scope, Object& state, Boolean& isCompleted)
   at Microsoft.AspNetCore.Mvc.Infrastructure.ControllerActionInvoker.InvokeInnerFilterAsync()
--- End of stack trace from previous location ---
   at Microsoft.AspNetCore.Mvc.Infrastructure.ResourceInvoker.<InvokeFilterPipelineAsync>g__Awaited|20_0(ResourceInvoker invoker, Task lastTask, State next, Scope scope, Object state, Boolean isCompleted)
   at Microsoft.AspNetCore.Mvc.Infrastructure.ResourceInvoker.<InvokeAsync>g__Logged|17_1(ResourceInvoker invoker)
   at Microsoft.AspNetCore.Mvc.Infrastructure.ResourceInvoker.<InvokeAsync>g__Logged|17_1(ResourceInvoker invoker)
   at Microsoft.AspNetCore.Routing.EndpointMiddleware.<Invoke>g__AwaitRequestTask|6_0(Endpoint endpoint, Task requestTask, ILogger logger)
   at Microsoft.AspNetCore.Authorization.AuthorizationMiddleware.Invoke(HttpContext context)
   at Microsoft.AspNetCore.Authentication.AuthenticationMiddleware.Invoke(HttpContext context)
   at Microsoft.AspNetCore.Diagnostics.DeveloperExceptionPageMiddlewareImpl.Invoke(HttpContext context)|url: https://localhost/Account/log|action: Log|Microsoft.AspNetCore.Diagnostics.DeveloperExceptionPageMiddlewareImpl.Invoke| body: 
2023-09-14 22:28:14.6007|0|ERROR|Microsoft.AspNetCore.Diagnostics.DeveloperExceptionPageMiddleware|An unhandled exception has occurred while executing the request. System.NotSupportedException: Store does not implement IQueryableUserStore<TUser>.
   at Microsoft.AspNetCore.Identity.UserManager`1.get_Users()
   at DwellEase.WebAPI.Controllers.AccountsController.Log() in C:\AProject\DwellEase\DwellEase.WebAPI\Controllers\AccountController.cs:line 39
   at lambda_method1(Closure, Object, Object[])
   at Microsoft.AspNetCore.Mvc.Infrastructure.ActionMethodExecutor.SyncObjectResultExecutor.Execute(ActionContext actionContext, IActionResultTypeMapper mapper, ObjectMethodExecutor executor, Object controller, Object[] arguments)
   at Microsoft.AspNetCore.Mvc.Infrastructure.ControllerActionInvoker.<InvokeActionMethodAsync>g__Logged|12_1(ControllerActionInvoker invoker)
   at Microsoft.AspNetCore.Mvc.Infrastructure.ControllerActionInvoker.<InvokeNextActionFilterAsync>g__Awaited|10_0(ControllerActionInvoker invoker, Task lastTask, State next, Scope scope, Object state, Boolean isCompleted)
   at Microsoft.AspNetCore.Mvc.Infrastructure.ControllerActionInvoker.Rethrow(ActionExecutedContextSealed context)
   at Microsoft.AspNetCore.Mvc.Infrastructure.ControllerActionInvoker.Next(State& next, Scope& scope, Object& state, Boolean& isCompleted)
   at Microsoft.AspNetCore.Mvc.Infrastructure.ControllerActionInvoker.InvokeInnerFilterAsync()
--- End of stack trace from previous location ---
   at Microsoft.AspNetCore.Mvc.Infrastructure.ResourceInvoker.<InvokeFilterPipelineAsync>g__Awaited|20_0(ResourceInvoker invoker, Task lastTask, State next, Scope scope, Object state, Boolean isCompleted)
   at Microsoft.AspNetCore.Mvc.Infrastructure.ResourceInvoker.<InvokeAsync>g__Logged|17_1(ResourceInvoker invoker)
   at Microsoft.AspNetCore.Mvc.Infrastructure.ResourceInvoker.<InvokeAsync>g__Logged|17_1(ResourceInvoker invoker)
   at Microsoft.AspNetCore.Routing.EndpointMiddleware.<Invoke>g__AwaitRequestTask|6_0(Endpoint endpoint, Task requestTask, ILogger logger)
   at Microsoft.AspNetCore.Authorization.AuthorizationMiddleware.Invoke(HttpContext context)
   at Microsoft.AspNetCore.Authentication.AuthenticationMiddleware.Invoke(HttpContext context)
   at Microsoft.AspNetCore.Diagnostics.DeveloperExceptionPageMiddlewareImpl.Invoke(HttpContext context)|url: https://localhost/Account/log|action: Log|Microsoft.AspNetCore.Diagnostics.DeveloperExceptionPageMiddlewareImpl.Invoke| body: 
2023-09-14 22:28:15.0580|0|ERROR|Microsoft.AspNetCore.Diagnostics.DeveloperExceptionPageMiddleware|An unhandled exception has occurred while executing the request. System.NotSupportedException: Store does not implement IQueryableUserStore<TUser>.
   at Microsoft.AspNetCore.Identity.UserManager`1.get_Users()
   at DwellEase.WebAPI.Controllers.AccountsController.Log() in C:\AProject\DwellEase\DwellEase.WebAPI\Controllers\AccountController.cs:line 39
   at lambda_method1(Closure, Object, Object[])
   at Microsoft.AspNetCore.Mvc.Infrastructure.ActionMethodExecutor.SyncObjectResultExecutor.Execute(ActionContext actionContext, IActionResultTypeMapper mapper, ObjectMethodExecutor executor, Object controller, Object[] arguments)
   at Microsoft.AspNetCore.Mvc.Infrastructure.ControllerActionInvoker.<InvokeActionMethodAsync>g__Logged|12_1(ControllerActionInvoker invoker)
   at Microsoft.AspNetCore.Mvc.Infrastructure.ControllerActionInvoker.<InvokeNextActionFilterAsync>g__Awaited|10_0(ControllerActionInvoker invoker, Task lastTask, State next, Scope scope, Object state, Boolean isCompleted)
   at Microsoft.AspNetCore.Mvc.Infrastructure.ControllerActionInvoker.Rethrow(ActionExecutedContextSealed context)
   at Microsoft.AspNetCore.Mvc.Infrastructure.ControllerActionInvoker.Next(State& next, Scope& scope, Object& state, Boolean& isCompleted)
   at Microsoft.AspNetCore.Mvc.Infrastructure.ControllerActionInvoker.InvokeInnerFilterAsync()
--- End of stack trace from previous location ---
   at Microsoft.AspNetCore.Mvc.Infrastructure.ResourceInvoker.<InvokeFilterPipelineAsync>g__Awaited|20_0(ResourceInvoker invoker, Task lastTask, State next, Scope scope, Object state, Boolean isCompleted)
   at Microsoft.AspNetCore.Mvc.Infrastructure.ResourceInvoker.<InvokeAsync>g__Logged|17_1(ResourceInvoker invoker)
   at Microsoft.AspNetCore.Mvc.Infrastructure.ResourceInvoker.<InvokeAsync>g__Logged|17_1(ResourceInvoker invoker)
   at Microsoft.AspNetCore.Routing.EndpointMiddleware.<Invoke>g__AwaitRequestTask|6_0(Endpoint endpoint, Task requestTask, ILogger logger)
   at Microsoft.AspNetCore.Authorization.AuthorizationMiddleware.Invoke(HttpContext context)
   at Microsoft.AspNetCore.Authentication.AuthenticationMiddleware.Invoke(HttpContext context)
   at Microsoft.AspNetCore.Diagnostics.DeveloperExceptionPageMiddlewareImpl.Invoke(HttpContext context)|url: https://localhost/Account/log|action: Log|Microsoft.AspNetCore.Diagnostics.DeveloperExceptionPageMiddlewareImpl.Invoke| body: 
2023-09-14 22:29:59.9680|0|INFO|Program|Program initial |url: |action: |Program.<Main>$| body: 
2023-09-14 22:30:00.0498|0|INFO|Microsoft.Hosting.Lifetime|Application started. Press Ctrl+C to shut down. |url: |action: |Microsoft.Extensions.Hosting.Internal.ConsoleLifetime.OnApplicationStarted| body: 
2023-09-14 22:30:00.0498|0|INFO|Microsoft.Hosting.Lifetime|Hosting environment: Development |url: |action: |Microsoft.Extensions.Hosting.Internal.ConsoleLifetime.OnApplicationStarted| body: 
2023-09-14 22:30:00.0498|0|INFO|Microsoft.Hosting.Lifetime|Content root path: C:\AProject\DwellEase\DwellEase.WebAPI |url: |action: |Microsoft.Extensions.Hosting.Internal.ApplicationLifetime.NotifyStarted| body: 
2023-09-14 22:30:10.6850|0|INFO|Microsoft.Hosting.Lifetime|Application is shutting down... |url: |action: |Microsoft.Extensions.Hosting.Internal.ApplicationLifetime.StopApplication| body: 
2023-09-14 23:42:33.6929|0|INFO|Program|Program initial |url: |action: |Program.<Main>$| body: 
2023-09-14 23:42:33.7774|0|INFO|Microsoft.Hosting.Lifetime|Application started. Press Ctrl+C to shut down. |url: |action: |Microsoft.Extensions.Hosting.Internal.ConsoleLifetime.OnApplicationStarted| body: 
2023-09-14 23:42:33.7774|0|INFO|Microsoft.Hosting.Lifetime|Hosting environment: Development |url: |action: |Microsoft.Extensions.Hosting.Internal.ConsoleLifetime.OnApplicationStarted| body: 
2023-09-14 23:42:33.7774|0|INFO|Microsoft.Hosting.Lifetime|Content root path: C:\AProject\DwellEase\DwellEase.WebAPI |url: |action: |Microsoft.Extensions.Hosting.Internal.ApplicationLifetime.NotifyStarted| body: 
2023-09-14 23:42:39.9680|0|ERROR|Microsoft.AspNetCore.Diagnostics.DeveloperExceptionPageMiddleware|An unhandled exception has occurred while executing the request. System.NullReferenceException: Object reference not set to an instance of an object.
   at DwellEase.WebAPI.Controllers.AccountsController.Log() in C:\AProject\DwellEase\DwellEase.WebAPI\Controllers\AccountController.cs:line 36
   at lambda_method4(Closure, Object)
   at Microsoft.AspNetCore.Mvc.Infrastructure.ActionMethodExecutor.AwaitableObjectResultExecutor.Execute(ActionContext actionContext, IActionResultTypeMapper mapper, ObjectMethodExecutor executor, Object controller, Object[] arguments)
   at Microsoft.AspNetCore.Mvc.Infrastructure.ControllerActionInvoker.<InvokeActionMethodAsync>g__Logged|12_1(ControllerActionInvoker invoker)
   at Microsoft.AspNetCore.Mvc.Infrastructure.ControllerActionInvoker.<InvokeNextActionFilterAsync>g__Awaited|10_0(ControllerActionInvoker invoker, Task lastTask, State next, Scope scope, Object state, Boolean isCompleted)
   at Microsoft.AspNetCore.Mvc.Infrastructure.ControllerActionInvoker.Rethrow(ActionExecutedContextSealed context)
   at Microsoft.AspNetCore.Mvc.Infrastructure.ControllerActionInvoker.Next(State& next, Scope& scope, Object& state, Boolean& isCompleted)
   at Microsoft.AspNetCore.Mvc.Infrastructure.ControllerActionInvoker.<InvokeInnerFilterAsync>g__Awaited|13_0(ControllerActionInvoker invoker, Task lastTask, State next, Scope scope, Object state, Boolean isCompleted)
   at Microsoft.AspNetCore.Mvc.Infrastructure.ResourceInvoker.<InvokeFilterPipelineAsync>g__Awaited|20_0(ResourceInvoker invoker, Task lastTask, State next, Scope scope, Object state, Boolean isCompleted)
   at Microsoft.AspNetCore.Mvc.Infrastructure.ResourceInvoker.<InvokeAsync>g__Logged|17_1(ResourceInvoker invoker)
   at Microsoft.AspNetCore.Mvc.Infrastructure.ResourceInvoker.<InvokeAsync>g__Logged|17_1(ResourceInvoker invoker)
   at Microsoft.AspNetCore.Routing.EndpointMiddleware.<Invoke>g__AwaitRequestTask|6_0(Endpoint endpoint, Task requestTask, ILogger logger)
   at Microsoft.AspNetCore.Authorization.AuthorizationMiddleware.Invoke(HttpContext context)
   at Microsoft.AspNetCore.Authentication.AuthenticationMiddleware.Invoke(HttpContext context)
   at Microsoft.AspNetCore.Diagnostics.DeveloperExceptionPageMiddlewareImpl.Invoke(HttpContext context)|url: https://localhost/Account/log|action: Log|Microsoft.AspNetCore.Diagnostics.DeveloperExceptionPageMiddlewareImpl.Invoke| body: 
2023-09-14 23:42:40.1669|0|ERROR|Microsoft.AspNetCore.Diagnostics.DeveloperExceptionPageMiddleware|An unhandled exception has occurred while executing the request. System.NullReferenceException: Object reference not set to an instance of an object.
   at DwellEase.WebAPI.Controllers.AccountsController.Log() in C:\AProject\DwellEase\DwellEase.WebAPI\Controllers\AccountController.cs:line 36
   at lambda_method4(Closure, Object)
   at Microsoft.AspNetCore.Mvc.Infrastructure.ActionMethodExecutor.AwaitableObjectResultExecutor.Execute(ActionContext actionContext, IActionResultTypeMapper mapper, ObjectMethodExecutor executor, Object controller, Object[] arguments)
   at Microsoft.AspNetCore.Mvc.Infrastructure.ControllerActionInvoker.<InvokeActionMethodAsync>g__Logged|12_1(ControllerActionInvoker invoker)
   at Microsoft.AspNetCore.Mvc.Infrastructure.ControllerActionInvoker.<InvokeNextActionFilterAsync>g__Awaited|10_0(ControllerActionInvoker invoker, Task lastTask, State next, Scope scope, Object state, Boolean isCompleted)
   at Microsoft.AspNetCore.Mvc.Infrastructure.ControllerActionInvoker.Rethrow(ActionExecutedContextSealed context)
   at Microsoft.AspNetCore.Mvc.Infrastructure.ControllerActionInvoker.Next(State& next, Scope& scope, Object& state, Boolean& isCompleted)
   at Microsoft.AspNetCore.Mvc.Infrastructure.ControllerActionInvoker.<InvokeInnerFilterAsync>g__Awaited|13_0(ControllerActionInvoker invoker, Task lastTask, State next, Scope scope, Object state, Boolean isCompleted)
   at Microsoft.AspNetCore.Mvc.Infrastructure.ResourceInvoker.<InvokeFilterPipelineAsync>g__Awaited|20_0(ResourceInvoker invoker, Task lastTask, State next, Scope scope, Object state, Boolean isCompleted)
   at Microsoft.AspNetCore.Mvc.Infrastructure.ResourceInvoker.<InvokeAsync>g__Logged|17_1(ResourceInvoker invoker)
   at Microsoft.AspNetCore.Mvc.Infrastructure.ResourceInvoker.<InvokeAsync>g__Logged|17_1(ResourceInvoker invoker)
   at Microsoft.AspNetCore.Routing.EndpointMiddleware.<Invoke>g__AwaitRequestTask|6_0(Endpoint endpoint, Task requestTask, ILogger logger)
   at Microsoft.AspNetCore.Authorization.AuthorizationMiddleware.Invoke(HttpContext context)
   at Microsoft.AspNetCore.Authentication.AuthenticationMiddleware.Invoke(HttpContext context)
   at Microsoft.AspNetCore.Diagnostics.DeveloperExceptionPageMiddlewareImpl.Invoke(HttpContext context)|url: https://localhost/Account/log|action: Log|Microsoft.AspNetCore.Diagnostics.DeveloperExceptionPageMiddlewareImpl.Invoke| body: 
2023-09-14 23:42:40.6968|0|ERROR|Microsoft.AspNetCore.Diagnostics.DeveloperExceptionPageMiddleware|An unhandled exception has occurred while executing the request. System.NullReferenceException: Object reference not set to an instance of an object.
   at DwellEase.WebAPI.Controllers.AccountsController.Log() in C:\AProject\DwellEase\DwellEase.WebAPI\Controllers\AccountController.cs:line 36
   at lambda_method4(Closure, Object)
   at Microsoft.AspNetCore.Mvc.Infrastructure.ActionMethodExecutor.AwaitableObjectResultExecutor.Execute(ActionContext actionContext, IActionResultTypeMapper mapper, ObjectMethodExecutor executor, Object controller, Object[] arguments)
   at Microsoft.AspNetCore.Mvc.Infrastructure.ControllerActionInvoker.<InvokeActionMethodAsync>g__Logged|12_1(ControllerActionInvoker invoker)
   at Microsoft.AspNetCore.Mvc.Infrastructure.ControllerActionInvoker.<InvokeNextActionFilterAsync>g__Awaited|10_0(ControllerActionInvoker invoker, Task lastTask, State next, Scope scope, Object state, Boolean isCompleted)
   at Microsoft.AspNetCore.Mvc.Infrastructure.ControllerActionInvoker.Rethrow(ActionExecutedContextSealed context)
   at Microsoft.AspNetCore.Mvc.Infrastructure.ControllerActionInvoker.Next(State& next, Scope& scope, Object& state, Boolean& isCompleted)
   at Microsoft.AspNetCore.Mvc.Infrastructure.ControllerActionInvoker.<InvokeInnerFilterAsync>g__Awaited|13_0(ControllerActionInvoker invoker, Task lastTask, State next, Scope scope, Object state, Boolean isCompleted)
   at Microsoft.AspNetCore.Mvc.Infrastructure.ResourceInvoker.<InvokeFilterPipelineAsync>g__Awaited|20_0(ResourceInvoker invoker, Task lastTask, State next, Scope scope, Object state, Boolean isCompleted)
   at Microsoft.AspNetCore.Mvc.Infrastructure.ResourceInvoker.<InvokeAsync>g__Logged|17_1(ResourceInvoker invoker)
   at Microsoft.AspNetCore.Mvc.Infrastructure.ResourceInvoker.<InvokeAsync>g__Logged|17_1(ResourceInvoker invoker)
   at Microsoft.AspNetCore.Routing.EndpointMiddleware.<Invoke>g__AwaitRequestTask|6_0(Endpoint endpoint, Task requestTask, ILogger logger)
   at Microsoft.AspNetCore.Authorization.AuthorizationMiddleware.Invoke(HttpContext context)
   at Microsoft.AspNetCore.Authentication.AuthenticationMiddleware.Invoke(HttpContext context)
   at Microsoft.AspNetCore.Diagnostics.DeveloperExceptionPageMiddlewareImpl.Invoke(HttpContext context)|url: https://localhost/Account/log|action: Log|Microsoft.AspNetCore.Diagnostics.DeveloperExceptionPageMiddlewareImpl.Invoke| body: 
2023-09-14 23:44:56.4725|0|INFO|Program|Program initial |url: |action: |Program.<Main>$| body: 
2023-09-14 23:44:56.5384|0|INFO|Microsoft.Hosting.Lifetime|Application started. Press Ctrl+C to shut down. |url: |action: |Microsoft.Extensions.Hosting.Internal.ConsoleLifetime.OnApplicationStarted| body: 
2023-09-14 23:44:56.5384|0|INFO|Microsoft.Hosting.Lifetime|Hosting environment: Development |url: |action: |Microsoft.Extensions.Hosting.Internal.ConsoleLifetime.OnApplicationStarted| body: 
2023-09-14 23:44:56.5384|0|INFO|Microsoft.Hosting.Lifetime|Content root path: C:\AProject\DwellEase\DwellEase.WebAPI |url: |action: |Microsoft.Extensions.Hosting.Internal.ApplicationLifetime.NotifyStarted| body: 
2023-09-14 23:46:11.0257|0|INFO|Microsoft.Hosting.Lifetime|Application is shutting down... |url: |action: |Microsoft.Extensions.Hosting.Internal.ApplicationLifetime.StopApplication| body: 
2023-09-14 23:46:18.0137|0|INFO|Program|Program initial |url: |action: |Program.<Main>$| body: 
2023-09-14 23:46:18.0977|0|INFO|Microsoft.Hosting.Lifetime|Application started. Press Ctrl+C to shut down. |url: |action: |Microsoft.Extensions.Hosting.Internal.ConsoleLifetime.OnApplicationStarted| body: 
2023-09-14 23:46:18.0977|0|INFO|Microsoft.Hosting.Lifetime|Hosting environment: Development |url: |action: |Microsoft.Extensions.Hosting.Internal.ConsoleLifetime.OnApplicationStarted| body: 
2023-09-14 23:46:18.0977|0|INFO|Microsoft.Hosting.Lifetime|Content root path: C:\AProject\DwellEase\DwellEase.WebAPI |url: |action: |Microsoft.Extensions.Hosting.Internal.ApplicationLifetime.NotifyStarted| body: 
2023-09-14 23:46:26.8731|0|INFO|Microsoft.Hosting.Lifetime|Application is shutting down... |url: |action: |Microsoft.Extensions.Hosting.Internal.ApplicationLifetime.StopApplication| body: 
2023-09-14 23:47:58.6337|0|INFO|Program|Program initial |url: |action: |Program.<Main>$| body: 
2023-09-14 23:47:58.7227|0|INFO|Microsoft.Hosting.Lifetime|Application started. Press Ctrl+C to shut down. |url: |action: |Microsoft.Extensions.Hosting.Internal.ConsoleLifetime.OnApplicationStarted| body: 
2023-09-14 23:47:58.7227|0|INFO|Microsoft.Hosting.Lifetime|Hosting environment: Development |url: |action: |Microsoft.Extensions.Hosting.Internal.ConsoleLifetime.OnApplicationStarted| body: 
2023-09-14 23:47:58.7227|0|INFO|Microsoft.Hosting.Lifetime|Content root path: C:\AProject\DwellEase\DwellEase.WebAPI |url: |action: |Microsoft.Extensions.Hosting.Internal.ApplicationLifetime.NotifyStarted| body: 
2023-09-14 23:48:01.5536|0|ERROR|Microsoft.AspNetCore.Diagnostics.DeveloperExceptionPageMiddleware|An unhandled exception has occurred while executing the request. MongoDB.Driver.MongoCommandException: Command find failed: Executor error during find command :: caused by :: Unsupported conversion from binData to string in $convert with no onError value.
   at MongoDB.Driver.Core.WireProtocol.CommandUsingCommandMessageWireProtocol`1.ProcessResponse(ConnectionId connectionId, CommandMessage responseMessage)
   at MongoDB.Driver.Core.WireProtocol.CommandUsingCommandMessageWireProtocol`1.ExecuteAsync(IConnection connection, CancellationToken cancellationToken)
   at MongoDB.Driver.Core.Servers.Server.ServerChannel.ExecuteProtocolAsync[TResult](IWireProtocol`1 protocol, ICoreSession session, CancellationToken cancellationToken)
   at MongoDB.Driver.Core.Operations.RetryableReadOperationExecutor.ExecuteAsync[TResult](IRetryableReadOperation`1 operation, RetryableReadContext context, CancellationToken cancellationToken)
   at MongoDB.Driver.Core.Operations.ReadCommandOperation`1.ExecuteAsync(RetryableReadContext context, CancellationToken cancellationToken)
   at MongoDB.Driver.Core.Operations.FindOperation`1.ExecuteAsync(RetryableReadContext context, CancellationToken cancellationToken)
   at MongoDB.Driver.Core.Operations.FindOperation`1.ExecuteAsync(IReadBinding binding, CancellationToken cancellationToken)
   at MongoDB.Driver.OperationExecutor.ExecuteReadOperationAsync[TResult](IReadBinding binding, IReadOperation`1 operation, CancellationToken cancellationToken)
   at MongoDB.Driver.MongoCollectionImpl`1.ExecuteReadOperationAsync[TResult](IClientSessionHandle session, IReadOperation`1 operation, ReadPreference readPreference, CancellationToken cancellationToken)
   at MongoDB.Driver.MongoCollectionImpl`1.UsingImplicitSessionAsync[TResult](Func`2 funcAsync, CancellationToken cancellationToken)
   at MongoDB.Driver.IAsyncCursorSourceExtensions.FirstOrDefaultAsync[TDocument](IAsyncCursorSource`1 source, CancellationToken cancellationToken)
   at DwellEase.DataManagement.Repositories.Stores.RoleStore.FindByIdAsync(String roleId, CancellationToken cancellationToken) in C:\AProject\DwellEase\DwellEase.DataManagement\Stores\RoleStore.cs:line 74
   at DwellEase.WebAPI.Controllers.AccountsController.Log() in C:\AProject\DwellEase\DwellEase.WebAPI\Controllers\AccountController.cs:line 36
   at lambda_method4(Closure, Object)
   at Microsoft.AspNetCore.Mvc.Infrastructure.ActionMethodExecutor.AwaitableObjectResultExecutor.Execute(ActionContext actionContext, IActionResultTypeMapper mapper, ObjectMethodExecutor executor, Object controller, Object[] arguments)
   at Microsoft.AspNetCore.Mvc.Infrastructure.ControllerActionInvoker.<InvokeActionMethodAsync>g__Logged|12_1(ControllerActionInvoker invoker)
   at Microsoft.AspNetCore.Mvc.Infrastructure.ControllerActionInvoker.<InvokeNextActionFilterAsync>g__Awaited|10_0(ControllerActionInvoker invoker, Task lastTask, State next, Scope scope, Object state, Boolean isCompleted)
   at Microsoft.AspNetCore.Mvc.Infrastructure.ControllerActionInvoker.Rethrow(ActionExecutedContextSealed context)
   at Microsoft.AspNetCore.Mvc.Infrastructure.ControllerActionInvoker.Next(State& next, Scope& scope, Object& state, Boolean& isCompleted)
   at Microsoft.AspNetCore.Mvc.Infrastructure.ControllerActionInvoker.<InvokeInnerFilterAsync>g__Awaited|13_0(ControllerActionInvoker invoker, Task lastTask, State next, Scope scope, Object state, Boolean isCompleted)
   at Microsoft.AspNetCore.Mvc.Infrastructure.ResourceInvoker.<InvokeFilterPipelineAsync>g__Awaited|20_0(ResourceInvoker invoker, Task lastTask, State next, Scope scope, Object state, Boolean isCompleted)
   at Microsoft.AspNetCore.Mvc.Infrastructure.ResourceInvoker.<InvokeAsync>g__Logged|17_1(ResourceInvoker invoker)
   at Microsoft.AspNetCore.Mvc.Infrastructure.ResourceInvoker.<InvokeAsync>g__Logged|17_1(ResourceInvoker invoker)
   at Microsoft.AspNetCore.Routing.EndpointMiddleware.<Invoke>g__AwaitRequestTask|6_0(Endpoint endpoint, Task requestTask, ILogger logger)
   at Microsoft.AspNetCore.Authorization.AuthorizationMiddleware.Invoke(HttpContext context)
   at Microsoft.AspNetCore.Authentication.AuthenticationMiddleware.Invoke(HttpContext context)
   at Microsoft.AspNetCore.Diagnostics.DeveloperExceptionPageMiddlewareImpl.Invoke(HttpContext context)|url: https://localhost/Account/log|action: Log|Microsoft.AspNetCore.Diagnostics.DeveloperExceptionPageMiddlewareImpl.Invoke| body: 
2023-09-14 23:48:01.8226|0|ERROR|Microsoft.AspNetCore.Diagnostics.DeveloperExceptionPageMiddleware|An unhandled exception has occurred while executing the request. MongoDB.Driver.MongoCommandException: Command find failed: Executor error during find command :: caused by :: Unsupported conversion from binData to string in $convert with no onError value.
   at MongoDB.Driver.Core.WireProtocol.CommandUsingCommandMessageWireProtocol`1.ProcessResponse(ConnectionId connectionId, CommandMessage responseMessage)
   at MongoDB.Driver.Core.WireProtocol.CommandUsingCommandMessageWireProtocol`1.ExecuteAsync(IConnection connection, CancellationToken cancellationToken)
   at MongoDB.Driver.Core.Servers.Server.ServerChannel.ExecuteProtocolAsync[TResult](IWireProtocol`1 protocol, ICoreSession session, CancellationToken cancellationToken)
   at MongoDB.Driver.Core.Operations.RetryableReadOperationExecutor.ExecuteAsync[TResult](IRetryableReadOperation`1 operation, RetryableReadContext context, CancellationToken cancellationToken)
   at MongoDB.Driver.Core.Operations.ReadCommandOperation`1.ExecuteAsync(RetryableReadContext context, CancellationToken cancellationToken)
   at MongoDB.Driver.Core.Operations.FindOperation`1.ExecuteAsync(RetryableReadContext context, CancellationToken cancellationToken)
   at MongoDB.Driver.Core.Operations.FindOperation`1.ExecuteAsync(IReadBinding binding, CancellationToken cancellationToken)
   at MongoDB.Driver.OperationExecutor.ExecuteReadOperationAsync[TResult](IReadBinding binding, IReadOperation`1 operation, CancellationToken cancellationToken)
   at MongoDB.Driver.MongoCollectionImpl`1.ExecuteReadOperationAsync[TResult](IClientSessionHandle session, IReadOperation`1 operation, ReadPreference readPreference, CancellationToken cancellationToken)
   at MongoDB.Driver.MongoCollectionImpl`1.UsingImplicitSessionAsync[TResult](Func`2 funcAsync, CancellationToken cancellationToken)
   at MongoDB.Driver.IAsyncCursorSourceExtensions.FirstOrDefaultAsync[TDocument](IAsyncCursorSource`1 source, CancellationToken cancellationToken)
   at DwellEase.DataManagement.Repositories.Stores.RoleStore.FindByIdAsync(String roleId, CancellationToken cancellationToken) in C:\AProject\DwellEase\DwellEase.DataManagement\Stores\RoleStore.cs:line 74
   at DwellEase.WebAPI.Controllers.AccountsController.Log() in C:\AProject\DwellEase\DwellEase.WebAPI\Controllers\AccountController.cs:line 36
   at lambda_method4(Closure, Object)
   at Microsoft.AspNetCore.Mvc.Infrastructure.ActionMethodExecutor.AwaitableObjectResultExecutor.Execute(ActionContext actionContext, IActionResultTypeMapper mapper, ObjectMethodExecutor executor, Object controller, Object[] arguments)
   at Microsoft.AspNetCore.Mvc.Infrastructure.ControllerActionInvoker.<InvokeActionMethodAsync>g__Logged|12_1(ControllerActionInvoker invoker)
   at Microsoft.AspNetCore.Mvc.Infrastructure.ControllerActionInvoker.<InvokeNextActionFilterAsync>g__Awaited|10_0(ControllerActionInvoker invoker, Task lastTask, State next, Scope scope, Object state, Boolean isCompleted)
   at Microsoft.AspNetCore.Mvc.Infrastructure.ControllerActionInvoker.Rethrow(ActionExecutedContextSealed context)
   at Microsoft.AspNetCore.Mvc.Infrastructure.ControllerActionInvoker.Next(State& next, Scope& scope, Object& state, Boolean& isCompleted)
   at Microsoft.AspNetCore.Mvc.Infrastructure.ControllerActionInvoker.<InvokeInnerFilterAsync>g__Awaited|13_0(ControllerActionInvoker invoker, Task lastTask, State next, Scope scope, Object state, Boolean isCompleted)
   at Microsoft.AspNetCore.Mvc.Infrastructure.ResourceInvoker.<InvokeFilterPipelineAsync>g__Awaited|20_0(ResourceInvoker invoker, Task lastTask, State next, Scope scope, Object state, Boolean isCompleted)
   at Microsoft.AspNetCore.Mvc.Infrastructure.ResourceInvoker.<InvokeAsync>g__Logged|17_1(ResourceInvoker invoker)
   at Microsoft.AspNetCore.Mvc.Infrastructure.ResourceInvoker.<InvokeAsync>g__Logged|17_1(ResourceInvoker invoker)
   at Microsoft.AspNetCore.Routing.EndpointMiddleware.<Invoke>g__AwaitRequestTask|6_0(Endpoint endpoint, Task requestTask, ILogger logger)
   at Microsoft.AspNetCore.Authorization.AuthorizationMiddleware.Invoke(HttpContext context)
   at Microsoft.AspNetCore.Authentication.AuthenticationMiddleware.Invoke(HttpContext context)
   at Microsoft.AspNetCore.Diagnostics.DeveloperExceptionPageMiddlewareImpl.Invoke(HttpContext context)|url: https://localhost/Account/log|action: Log|Microsoft.AspNetCore.Diagnostics.DeveloperExceptionPageMiddlewareImpl.Invoke| body: 
2023-09-14 23:48:02.1343|0|ERROR|Microsoft.AspNetCore.Diagnostics.DeveloperExceptionPageMiddleware|An unhandled exception has occurred while executing the request. MongoDB.Driver.MongoCommandException: Command find failed: Executor error during find command :: caused by :: Unsupported conversion from binData to string in $convert with no onError value.
   at MongoDB.Driver.Core.WireProtocol.CommandUsingCommandMessageWireProtocol`1.ProcessResponse(ConnectionId connectionId, CommandMessage responseMessage)
   at MongoDB.Driver.Core.WireProtocol.CommandUsingCommandMessageWireProtocol`1.ExecuteAsync(IConnection connection, CancellationToken cancellationToken)
   at MongoDB.Driver.Core.Servers.Server.ServerChannel.ExecuteProtocolAsync[TResult](IWireProtocol`1 protocol, ICoreSession session, CancellationToken cancellationToken)
   at MongoDB.Driver.Core.Operations.RetryableReadOperationExecutor.ExecuteAsync[TResult](IRetryableReadOperation`1 operation, RetryableReadContext context, CancellationToken cancellationToken)
   at MongoDB.Driver.Core.Operations.ReadCommandOperation`1.ExecuteAsync(RetryableReadContext context, CancellationToken cancellationToken)
   at MongoDB.Driver.Core.Operations.FindOperation`1.ExecuteAsync(RetryableReadContext context, CancellationToken cancellationToken)
   at MongoDB.Driver.Core.Operations.FindOperation`1.ExecuteAsync(IReadBinding binding, CancellationToken cancellationToken)
   at MongoDB.Driver.OperationExecutor.ExecuteReadOperationAsync[TResult](IReadBinding binding, IReadOperation`1 operation, CancellationToken cancellationToken)
   at MongoDB.Driver.MongoCollectionImpl`1.ExecuteReadOperationAsync[TResult](IClientSessionHandle session, IReadOperation`1 operation, ReadPreference readPreference, CancellationToken cancellationToken)
   at MongoDB.Driver.MongoCollectionImpl`1.UsingImplicitSessionAsync[TResult](Func`2 funcAsync, CancellationToken cancellationToken)
   at MongoDB.Driver.IAsyncCursorSourceExtensions.FirstOrDefaultAsync[TDocument](IAsyncCursorSource`1 source, CancellationToken cancellationToken)
   at DwellEase.DataManagement.Repositories.Stores.RoleStore.FindByIdAsync(String roleId, CancellationToken cancellationToken) in C:\AProject\DwellEase\DwellEase.DataManagement\Stores\RoleStore.cs:line 74
   at DwellEase.WebAPI.Controllers.AccountsController.Log() in C:\AProject\DwellEase\DwellEase.WebAPI\Controllers\AccountController.cs:line 36
   at lambda_method4(Closure, Object)
   at Microsoft.AspNetCore.Mvc.Infrastructure.ActionMethodExecutor.AwaitableObjectResultExecutor.Execute(ActionContext actionContext, IActionResultTypeMapper mapper, ObjectMethodExecutor executor, Object controller, Object[] arguments)
   at Microsoft.AspNetCore.Mvc.Infrastructure.ControllerActionInvoker.<InvokeActionMethodAsync>g__Logged|12_1(ControllerActionInvoker invoker)
   at Microsoft.AspNetCore.Mvc.Infrastructure.ControllerActionInvoker.<InvokeNextActionFilterAsync>g__Awaited|10_0(ControllerActionInvoker invoker, Task lastTask, State next, Scope scope, Object state, Boolean isCompleted)
   at Microsoft.AspNetCore.Mvc.Infrastructure.ControllerActionInvoker.Rethrow(ActionExecutedContextSealed context)
   at Microsoft.AspNetCore.Mvc.Infrastructure.ControllerActionInvoker.Next(State& next, Scope& scope, Object& state, Boolean& isCompleted)
   at Microsoft.AspNetCore.Mvc.Infrastructure.ControllerActionInvoker.<InvokeInnerFilterAsync>g__Awaited|13_0(ControllerActionInvoker invoker, Task lastTask, State next, Scope scope, Object state, Boolean isCompleted)
   at Microsoft.AspNetCore.Mvc.Infrastructure.ResourceInvoker.<InvokeFilterPipelineAsync>g__Awaited|20_0(ResourceInvoker invoker, Task lastTask, State next, Scope scope, Object state, Boolean isCompleted)
   at Microsoft.AspNetCore.Mvc.Infrastructure.ResourceInvoker.<InvokeAsync>g__Logged|17_1(ResourceInvoker invoker)
   at Microsoft.AspNetCore.Mvc.Infrastructure.ResourceInvoker.<InvokeAsync>g__Logged|17_1(ResourceInvoker invoker)
   at Microsoft.AspNetCore.Routing.EndpointMiddleware.<Invoke>g__AwaitRequestTask|6_0(Endpoint endpoint, Task requestTask, ILogger logger)
   at Microsoft.AspNetCore.Authorization.AuthorizationMiddleware.Invoke(HttpContext context)
   at Microsoft.AspNetCore.Authentication.AuthenticationMiddleware.Invoke(HttpContext context)
   at Microsoft.AspNetCore.Diagnostics.DeveloperExceptionPageMiddlewareImpl.Invoke(HttpContext context)|url: https://localhost/Account/log|action: Log|Microsoft.AspNetCore.Diagnostics.DeveloperExceptionPageMiddlewareImpl.Invoke| body: 
2023-09-14 23:48:18.9407|0|INFO|Microsoft.Hosting.Lifetime|Application is shutting down... |url: |action: |Microsoft.Extensions.Hosting.Internal.ApplicationLifetime.StopApplication| body: 
2023-09-14 23:48:39.7988|0|INFO|Program|Program initial |url: |action: |Program.<Main>$| body: 
2023-09-14 23:48:39.8817|0|INFO|Microsoft.Hosting.Lifetime|Application started. Press Ctrl+C to shut down. |url: |action: |Microsoft.Extensions.Hosting.Internal.ConsoleLifetime.OnApplicationStarted| body: 
2023-09-14 23:48:39.8817|0|INFO|Microsoft.Hosting.Lifetime|Hosting environment: Development |url: |action: |Microsoft.Extensions.Hosting.Internal.ConsoleLifetime.OnApplicationStarted| body: 
2023-09-14 23:48:39.8817|0|INFO|Microsoft.Hosting.Lifetime|Content root path: C:\AProject\DwellEase\DwellEase.WebAPI |url: |action: |Microsoft.Extensions.Hosting.Internal.ApplicationLifetime.NotifyStarted| body: 
2023-09-14 23:48:43.5004|0|ERROR|Microsoft.AspNetCore.Diagnostics.DeveloperExceptionPageMiddleware|An unhandled exception has occurred while executing the request. MongoDB.Driver.MongoCommandException: Command find failed: Executor error during find command :: caused by :: Unsupported conversion from binData to string in $convert with no onError value.
   at MongoDB.Driver.Core.WireProtocol.CommandUsingCommandMessageWireProtocol`1.ProcessResponse(ConnectionId connectionId, CommandMessage responseMessage)
   at MongoDB.Driver.Core.WireProtocol.CommandUsingCommandMessageWireProtocol`1.ExecuteAsync(IConnection connection, CancellationToken cancellationToken)
   at MongoDB.Driver.Core.Servers.Server.ServerChannel.ExecuteProtocolAsync[TResult](IWireProtocol`1 protocol, ICoreSession session, CancellationToken cancellationToken)
   at MongoDB.Driver.Core.Operations.RetryableReadOperationExecutor.ExecuteAsync[TResult](IRetryableReadOperation`1 operation, RetryableReadContext context, CancellationToken cancellationToken)
   at MongoDB.Driver.Core.Operations.ReadCommandOperation`1.ExecuteAsync(RetryableReadContext context, CancellationToken cancellationToken)
   at MongoDB.Driver.Core.Operations.FindOperation`1.ExecuteAsync(RetryableReadContext context, CancellationToken cancellationToken)
   at MongoDB.Driver.Core.Operations.FindOperation`1.ExecuteAsync(IReadBinding binding, CancellationToken cancellationToken)
   at MongoDB.Driver.OperationExecutor.ExecuteReadOperationAsync[TResult](IReadBinding binding, IReadOperation`1 operation, CancellationToken cancellationToken)
   at MongoDB.Driver.MongoCollectionImpl`1.ExecuteReadOperationAsync[TResult](IClientSessionHandle session, IReadOperation`1 operation, ReadPreference readPreference, CancellationToken cancellationToken)
   at MongoDB.Driver.MongoCollectionImpl`1.UsingImplicitSessionAsync[TResult](Func`2 funcAsync, CancellationToken cancellationToken)
   at MongoDB.Driver.IAsyncCursorSourceExtensions.FirstOrDefaultAsync[TDocument](IAsyncCursorSource`1 source, CancellationToken cancellationToken)
   at DwellEase.DataManagement.Repositories.Stores.RoleStore.FindByIdAsync(String roleId, CancellationToken cancellationToken) in C:\AProject\DwellEase\DwellEase.DataManagement\Stores\RoleStore.cs:line 74
   at DwellEase.WebAPI.Controllers.AccountsController.Log() in C:\AProject\DwellEase\DwellEase.WebAPI\Controllers\AccountController.cs:line 36
   at lambda_method4(Closure, Object)
   at Microsoft.AspNetCore.Mvc.Infrastructure.ActionMethodExecutor.AwaitableObjectResultExecutor.Execute(ActionContext actionContext, IActionResultTypeMapper mapper, ObjectMethodExecutor executor, Object controller, Object[] arguments)
   at Microsoft.AspNetCore.Mvc.Infrastructure.ControllerActionInvoker.<InvokeActionMethodAsync>g__Logged|12_1(ControllerActionInvoker invoker)
   at Microsoft.AspNetCore.Mvc.Infrastructure.ControllerActionInvoker.<InvokeNextActionFilterAsync>g__Awaited|10_0(ControllerActionInvoker invoker, Task lastTask, State next, Scope scope, Object state, Boolean isCompleted)
   at Microsoft.AspNetCore.Mvc.Infrastructure.ControllerActionInvoker.Rethrow(ActionExecutedContextSealed context)
   at Microsoft.AspNetCore.Mvc.Infrastructure.ControllerActionInvoker.Next(State& next, Scope& scope, Object& state, Boolean& isCompleted)
   at Microsoft.AspNetCore.Mvc.Infrastructure.ControllerActionInvoker.<InvokeInnerFilterAsync>g__Awaited|13_0(ControllerActionInvoker invoker, Task lastTask, State next, Scope scope, Object state, Boolean isCompleted)
   at Microsoft.AspNetCore.Mvc.Infrastructure.ResourceInvoker.<InvokeFilterPipelineAsync>g__Awaited|20_0(ResourceInvoker invoker, Task lastTask, State next, Scope scope, Object state, Boolean isCompleted)
   at Microsoft.AspNetCore.Mvc.Infrastructure.ResourceInvoker.<InvokeAsync>g__Logged|17_1(ResourceInvoker invoker)
   at Microsoft.AspNetCore.Mvc.Infrastructure.ResourceInvoker.<InvokeAsync>g__Logged|17_1(ResourceInvoker invoker)
   at Microsoft.AspNetCore.Routing.EndpointMiddleware.<Invoke>g__AwaitRequestTask|6_0(Endpoint endpoint, Task requestTask, ILogger logger)
   at Microsoft.AspNetCore.Authorization.AuthorizationMiddleware.Invoke(HttpContext context)
   at Microsoft.AspNetCore.Authentication.AuthenticationMiddleware.Invoke(HttpContext context)
   at Microsoft.AspNetCore.Diagnostics.DeveloperExceptionPageMiddlewareImpl.Invoke(HttpContext context)|url: https://localhost/Account/log|action: Log|Microsoft.AspNetCore.Diagnostics.DeveloperExceptionPageMiddlewareImpl.Invoke| body: 
2023-09-14 23:48:43.7347|0|ERROR|Microsoft.AspNetCore.Diagnostics.DeveloperExceptionPageMiddleware|An unhandled exception has occurred while executing the request. MongoDB.Driver.MongoCommandException: Command find failed: Executor error during find command :: caused by :: Unsupported conversion from binData to string in $convert with no onError value.
   at MongoDB.Driver.Core.WireProtocol.CommandUsingCommandMessageWireProtocol`1.ProcessResponse(ConnectionId connectionId, CommandMessage responseMessage)
   at MongoDB.Driver.Core.WireProtocol.CommandUsingCommandMessageWireProtocol`1.ExecuteAsync(IConnection connection, CancellationToken cancellationToken)
   at MongoDB.Driver.Core.Servers.Server.ServerChannel.ExecuteProtocolAsync[TResult](IWireProtocol`1 protocol, ICoreSession session, CancellationToken cancellationToken)
   at MongoDB.Driver.Core.Operations.RetryableReadOperationExecutor.ExecuteAsync[TResult](IRetryableReadOperation`1 operation, RetryableReadContext context, CancellationToken cancellationToken)
   at MongoDB.Driver.Core.Operations.ReadCommandOperation`1.ExecuteAsync(RetryableReadContext context, CancellationToken cancellationToken)
   at MongoDB.Driver.Core.Operations.FindOperation`1.ExecuteAsync(RetryableReadContext context, CancellationToken cancellationToken)
   at MongoDB.Driver.Core.Operations.FindOperation`1.ExecuteAsync(IReadBinding binding, CancellationToken cancellationToken)
   at MongoDB.Driver.OperationExecutor.ExecuteReadOperationAsync[TResult](IReadBinding binding, IReadOperation`1 operation, CancellationToken cancellationToken)
   at MongoDB.Driver.MongoCollectionImpl`1.ExecuteReadOperationAsync[TResult](IClientSessionHandle session, IReadOperation`1 operation, ReadPreference readPreference, CancellationToken cancellationToken)
   at MongoDB.Driver.MongoCollectionImpl`1.UsingImplicitSessionAsync[TResult](Func`2 funcAsync, CancellationToken cancellationToken)
   at MongoDB.Driver.IAsyncCursorSourceExtensions.FirstOrDefaultAsync[TDocument](IAsyncCursorSource`1 source, CancellationToken cancellationToken)
   at DwellEase.DataManagement.Repositories.Stores.RoleStore.FindByIdAsync(String roleId, CancellationToken cancellationToken) in C:\AProject\DwellEase\DwellEase.DataManagement\Stores\RoleStore.cs:line 74
   at DwellEase.WebAPI.Controllers.AccountsController.Log() in C:\AProject\DwellEase\DwellEase.WebAPI\Controllers\AccountController.cs:line 36
   at lambda_method4(Closure, Object)
   at Microsoft.AspNetCore.Mvc.Infrastructure.ActionMethodExecutor.AwaitableObjectResultExecutor.Execute(ActionContext actionContext, IActionResultTypeMapper mapper, ObjectMethodExecutor executor, Object controller, Object[] arguments)
   at Microsoft.AspNetCore.Mvc.Infrastructure.ControllerActionInvoker.<InvokeActionMethodAsync>g__Logged|12_1(ControllerActionInvoker invoker)
   at Microsoft.AspNetCore.Mvc.Infrastructure.ControllerActionInvoker.<InvokeNextActionFilterAsync>g__Awaited|10_0(ControllerActionInvoker invoker, Task lastTask, State next, Scope scope, Object state, Boolean isCompleted)
   at Microsoft.AspNetCore.Mvc.Infrastructure.ControllerActionInvoker.Rethrow(ActionExecutedContextSealed context)
   at Microsoft.AspNetCore.Mvc.Infrastructure.ControllerActionInvoker.Next(State& next, Scope& scope, Object& state, Boolean& isCompleted)
   at Microsoft.AspNetCore.Mvc.Infrastructure.ControllerActionInvoker.<InvokeInnerFilterAsync>g__Awaited|13_0(ControllerActionInvoker invoker, Task lastTask, State next, Scope scope, Object state, Boolean isCompleted)
   at Microsoft.AspNetCore.Mvc.Infrastructure.ResourceInvoker.<InvokeFilterPipelineAsync>g__Awaited|20_0(ResourceInvoker invoker, Task lastTask, State next, Scope scope, Object state, Boolean isCompleted)
   at Microsoft.AspNetCore.Mvc.Infrastructure.ResourceInvoker.<InvokeAsync>g__Logged|17_1(ResourceInvoker invoker)
   at Microsoft.AspNetCore.Mvc.Infrastructure.ResourceInvoker.<InvokeAsync>g__Logged|17_1(ResourceInvoker invoker)
   at Microsoft.AspNetCore.Routing.EndpointMiddleware.<Invoke>g__AwaitRequestTask|6_0(Endpoint endpoint, Task requestTask, ILogger logger)
   at Microsoft.AspNetCore.Authorization.AuthorizationMiddleware.Invoke(HttpContext context)
   at Microsoft.AspNetCore.Authentication.AuthenticationMiddleware.Invoke(HttpContext context)
   at Microsoft.AspNetCore.Diagnostics.DeveloperExceptionPageMiddlewareImpl.Invoke(HttpContext context)|url: https://localhost/Account/log|action: Log|Microsoft.AspNetCore.Diagnostics.DeveloperExceptionPageMiddlewareImpl.Invoke| body: 
2023-09-14 23:48:44.0478|0|ERROR|Microsoft.AspNetCore.Diagnostics.DeveloperExceptionPageMiddleware|An unhandled exception has occurred while executing the request. MongoDB.Driver.MongoCommandException: Command find failed: Executor error during find command :: caused by :: Unsupported conversion from binData to string in $convert with no onError value.
   at MongoDB.Driver.Core.WireProtocol.CommandUsingCommandMessageWireProtocol`1.ProcessResponse(ConnectionId connectionId, CommandMessage responseMessage)
   at MongoDB.Driver.Core.WireProtocol.CommandUsingCommandMessageWireProtocol`1.ExecuteAsync(IConnection connection, CancellationToken cancellationToken)
   at MongoDB.Driver.Core.Servers.Server.ServerChannel.ExecuteProtocolAsync[TResult](IWireProtocol`1 protocol, ICoreSession session, CancellationToken cancellationToken)
   at MongoDB.Driver.Core.Operations.RetryableReadOperationExecutor.ExecuteAsync[TResult](IRetryableReadOperation`1 operation, RetryableReadContext context, CancellationToken cancellationToken)
   at MongoDB.Driver.Core.Operations.ReadCommandOperation`1.ExecuteAsync(RetryableReadContext context, CancellationToken cancellationToken)
   at MongoDB.Driver.Core.Operations.FindOperation`1.ExecuteAsync(RetryableReadContext context, CancellationToken cancellationToken)
   at MongoDB.Driver.Core.Operations.FindOperation`1.ExecuteAsync(IReadBinding binding, CancellationToken cancellationToken)
   at MongoDB.Driver.OperationExecutor.ExecuteReadOperationAsync[TResult](IReadBinding binding, IReadOperation`1 operation, CancellationToken cancellationToken)
   at MongoDB.Driver.MongoCollectionImpl`1.ExecuteReadOperationAsync[TResult](IClientSessionHandle session, IReadOperation`1 operation, ReadPreference readPreference, CancellationToken cancellationToken)
   at MongoDB.Driver.MongoCollectionImpl`1.UsingImplicitSessionAsync[TResult](Func`2 funcAsync, CancellationToken cancellationToken)
   at MongoDB.Driver.IAsyncCursorSourceExtensions.FirstOrDefaultAsync[TDocument](IAsyncCursorSource`1 source, CancellationToken cancellationToken)
   at DwellEase.DataManagement.Repositories.Stores.RoleStore.FindByIdAsync(String roleId, CancellationToken cancellationToken) in C:\AProject\DwellEase\DwellEase.DataManagement\Stores\RoleStore.cs:line 74
   at DwellEase.WebAPI.Controllers.AccountsController.Log() in C:\AProject\DwellEase\DwellEase.WebAPI\Controllers\AccountController.cs:line 36
   at lambda_method4(Closure, Object)
   at Microsoft.AspNetCore.Mvc.Infrastructure.ActionMethodExecutor.AwaitableObjectResultExecutor.Execute(ActionContext actionContext, IActionResultTypeMapper mapper, ObjectMethodExecutor executor, Object controller, Object[] arguments)
   at Microsoft.AspNetCore.Mvc.Infrastructure.ControllerActionInvoker.<InvokeActionMethodAsync>g__Logged|12_1(ControllerActionInvoker invoker)
   at Microsoft.AspNetCore.Mvc.Infrastructure.ControllerActionInvoker.<InvokeNextActionFilterAsync>g__Awaited|10_0(ControllerActionInvoker invoker, Task lastTask, State next, Scope scope, Object state, Boolean isCompleted)
   at Microsoft.AspNetCore.Mvc.Infrastructure.ControllerActionInvoker.Rethrow(ActionExecutedContextSealed context)
   at Microsoft.AspNetCore.Mvc.Infrastructure.ControllerActionInvoker.Next(State& next, Scope& scope, Object& state, Boolean& isCompleted)
   at Microsoft.AspNetCore.Mvc.Infrastructure.ControllerActionInvoker.<InvokeInnerFilterAsync>g__Awaited|13_0(ControllerActionInvoker invoker, Task lastTask, State next, Scope scope, Object state, Boolean isCompleted)
   at Microsoft.AspNetCore.Mvc.Infrastructure.ResourceInvoker.<InvokeFilterPipelineAsync>g__Awaited|20_0(ResourceInvoker invoker, Task lastTask, State next, Scope scope, Object state, Boolean isCompleted)
   at Microsoft.AspNetCore.Mvc.Infrastructure.ResourceInvoker.<InvokeAsync>g__Logged|17_1(ResourceInvoker invoker)
   at Microsoft.AspNetCore.Mvc.Infrastructure.ResourceInvoker.<InvokeAsync>g__Logged|17_1(ResourceInvoker invoker)
   at Microsoft.AspNetCore.Routing.EndpointMiddleware.<Invoke>g__AwaitRequestTask|6_0(Endpoint endpoint, Task requestTask, ILogger logger)
   at Microsoft.AspNetCore.Authorization.AuthorizationMiddleware.Invoke(HttpContext context)
   at Microsoft.AspNetCore.Authentication.AuthenticationMiddleware.Invoke(HttpContext context)
   at Microsoft.AspNetCore.Diagnostics.DeveloperExceptionPageMiddlewareImpl.Invoke(HttpContext context)|url: https://localhost/Account/log|action: Log|Microsoft.AspNetCore.Diagnostics.DeveloperExceptionPageMiddlewareImpl.Invoke| body: 
2023-09-14 23:48:55.8954|0|INFO|Microsoft.Hosting.Lifetime|Application is shutting down... |url: |action: |Microsoft.Extensions.Hosting.Internal.ApplicationLifetime.StopApplication| body: 
2023-09-14 23:50:46.1157|0|INFO|Program|Program initial |url: |action: |Program.<Main>$| body: 
2023-09-14 23:50:46.2009|0|INFO|Microsoft.Hosting.Lifetime|Application started. Press Ctrl+C to shut down. |url: |action: |Microsoft.Extensions.Hosting.Internal.ConsoleLifetime.OnApplicationStarted| body: 
2023-09-14 23:50:46.2009|0|INFO|Microsoft.Hosting.Lifetime|Hosting environment: Development |url: |action: |Microsoft.Extensions.Hosting.Internal.ConsoleLifetime.OnApplicationStarted| body: 
2023-09-14 23:50:46.2009|0|INFO|Microsoft.Hosting.Lifetime|Content root path: C:\AProject\DwellEase\DwellEase.WebAPI |url: |action: |Microsoft.Extensions.Hosting.Internal.ApplicationLifetime.NotifyStarted| body: 
