2023-12-05 00:45:17.8313|0|ERROR|Program|Program initial |url: |action: |Program.<Main>$| body: 
2023-12-05 00:45:18.0879|0|ERROR|DwellEase.Service.Services.Implementations.RentalService|Apartment pages are not found |url: |action: |DwellEase.Service.Services.Implementations.RentalService.CheckAndUpdateApartmentStatus| body: 
2023-12-05 00:45:48.1183|0|ERROR|DwellEase.Service.Services.Implementations.RentalService|Apartment pages are not found |url: |action: |DwellEase.Service.Services.Implementations.RentalService.CheckAndUpdateApartmentStatus| body: 
2023-12-05 00:46:18.1405|0|ERROR|DwellEase.Service.Services.Implementations.RentalService|Apartment pages are not found |url: |action: |DwellEase.Service.Services.Implementations.RentalService.CheckAndUpdateApartmentStatus| body: 
2023-12-05 00:46:48.1458|0|ERROR|DwellEase.Service.Services.Implementations.RentalService|Apartment pages are not found |url: |action: |DwellEase.Service.Services.Implementations.RentalService.CheckAndUpdateApartmentStatus| body: 
2023-12-05 00:47:18.1529|0|ERROR|DwellEase.Service.Services.Implementations.RentalService|Apartment pages are not found |url: |action: |DwellEase.Service.Services.Implementations.RentalService.CheckAndUpdateApartmentStatus| body: 
2023-12-05 00:57:37.7544|0|ERROR|Program|Program initial |url: |action: |Program.<Main>$| body: 
2023-12-05 00:57:37.9174|0|ERROR|DwellEase.Service.Services.Implementations.RentalService|Apartment pages are not found |url: |action: |DwellEase.Service.Services.Implementations.RentalService.CheckAndUpdateApartmentStatus| body: 
2023-12-05 00:58:07.9397|0|ERROR|DwellEase.Service.Services.Implementations.RentalService|Apartment pages are not found |url: |action: |DwellEase.Service.Services.Implementations.RentalService.CheckAndUpdateApartmentStatus| body: 
2023-12-05 00:58:37.9512|0|ERROR|DwellEase.Service.Services.Implementations.RentalService|Apartment pages are not found |url: |action: |DwellEase.Service.Services.Implementations.RentalService.CheckAndUpdateApartmentStatus| body: 
2023-12-05 00:59:07.9625|0|ERROR|DwellEase.Service.Services.Implementations.RentalService|Apartment pages are not found |url: |action: |DwellEase.Service.Services.Implementations.RentalService.CheckAndUpdateApartmentStatus| body: 
2023-12-05 00:59:37.9631|0|ERROR|DwellEase.Service.Services.Implementations.RentalService|Apartment pages are not found |url: |action: |DwellEase.Service.Services.Implementations.RentalService.CheckAndUpdateApartmentStatus| body: 
2023-12-05 01:00:07.9684|0|ERROR|DwellEase.Service.Services.Implementations.RentalService|Apartment pages are not found |url: |action: |DwellEase.Service.Services.Implementations.RentalService.CheckAndUpdateApartmentStatus| body: 
2023-12-05 01:00:52.6862|0|ERROR|Program|Program initial |url: |action: |Program.<Main>$| body: 
2023-12-05 01:00:52.7623|0|ERROR|DwellEase.Service.Services.Implementations.RentalService|Apartment pages are not found |url: |action: |DwellEase.Service.Services.Implementations.RentalService.CheckAndUpdateApartmentStatus| body: 
2023-12-05 01:01:22.7847|0|ERROR|DwellEase.Service.Services.Implementations.RentalService|Apartment pages are not found |url: |action: |DwellEase.Service.Services.Implementations.RentalService.CheckAndUpdateApartmentStatus| body: 
2023-12-05 01:01:52.8040|0|ERROR|DwellEase.Service.Services.Implementations.RentalService|Apartment pages are not found |url: |action: |DwellEase.Service.Services.Implementations.RentalService.CheckAndUpdateApartmentStatus| body: 
2023-12-05 01:02:08.1800|0|ERROR|DwellEase.WebAPI.BackgroundTasks.RentalExpirationWorker|An error occurred during rental expiration check. System.Threading.Tasks.TaskCanceledException: A task was canceled.
   at DwellEase.WebAPI.BackgroundTasks.RentalExpirationWorker.ExecuteAsync(CancellationToken stoppingToken) in C:\AProject\DwellEase\DwellEase.WebAPI\BackgroundTasks\RentalExpirationWorker.cs:line 43|url: |action: |DwellEase.WebAPI.BackgroundTasks.RentalExpirationWorker.ExecuteAsync| body: 
2023-12-05 01:05:42.9333|0|ERROR|Program|Program initial |url: |action: |Program.<Main>$| body: 
2023-12-05 01:05:42.9872|0|ERROR|DwellEase.Service.Services.Implementations.RentalService|Apartment pages are not found |url: |action: |DwellEase.Service.Services.Implementations.RentalService.CheckAndUpdateApartmentStatus| body: 
2023-12-05 01:06:12.9945|0|ERROR|DwellEase.Service.Services.Implementations.RentalService|Apartment pages are not found |url: |action: |DwellEase.Service.Services.Implementations.RentalService.CheckAndUpdateApartmentStatus| body: 
2023-12-05 01:06:19.1710|0|ERROR|DwellEase.WebAPI.BackgroundTasks.RentalExpirationWorker|An error occurred during rental expiration check. System.Threading.Tasks.TaskCanceledException: A task was canceled.
   at DwellEase.WebAPI.BackgroundTasks.RentalExpirationWorker.ExecuteAsync(CancellationToken stoppingToken) in C:\AProject\DwellEase\DwellEase.WebAPI\BackgroundTasks\RentalExpirationWorker.cs:line 43|url: |action: |DwellEase.WebAPI.BackgroundTasks.RentalExpirationWorker.ExecuteAsync| body: 
2023-12-05 01:06:50.0029|0|ERROR|Program|Program initial |url: |action: |Program.<Main>$| body: 
2023-12-05 01:06:50.0654|0|ERROR|DwellEase.Service.Services.Implementations.RentalService|Apartment pages are not found |url: |action: |DwellEase.Service.Services.Implementations.RentalService.CheckAndUpdateApartmentStatus| body: 
2023-12-05 01:07:20.0840|0|ERROR|DwellEase.Service.Services.Implementations.RentalService|Apartment pages are not found |url: |action: |DwellEase.Service.Services.Implementations.RentalService.CheckAndUpdateApartmentStatus| body: 
2023-12-05 01:07:50.0889|0|ERROR|DwellEase.Service.Services.Implementations.RentalService|Apartment pages are not found |url: |action: |DwellEase.Service.Services.Implementations.RentalService.CheckAndUpdateApartmentStatus| body: 
2023-12-05 01:08:20.1068|0|ERROR|DwellEase.Service.Services.Implementations.RentalService|Apartment pages are not found |url: |action: |DwellEase.Service.Services.Implementations.RentalService.CheckAndUpdateApartmentStatus| body: 
2023-12-05 01:08:50.1142|0|ERROR|DwellEase.Service.Services.Implementations.RentalService|Apartment pages are not found |url: |action: |DwellEase.Service.Services.Implementations.RentalService.CheckAndUpdateApartmentStatus| body: 
2023-12-05 01:09:20.1182|0|ERROR|DwellEase.Service.Services.Implementations.RentalService|Apartment pages are not found |url: |action: |DwellEase.Service.Services.Implementations.RentalService.CheckAndUpdateApartmentStatus| body: 
2023-12-05 01:09:50.1383|0|ERROR|DwellEase.Service.Services.Implementations.RentalService|Apartment pages are not found |url: |action: |DwellEase.Service.Services.Implementations.RentalService.CheckAndUpdateApartmentStatus| body: 
2023-12-05 01:10:20.1440|0|ERROR|DwellEase.Service.Services.Implementations.RentalService|Apartment pages are not found |url: |action: |DwellEase.Service.Services.Implementations.RentalService.CheckAndUpdateApartmentStatus| body: 
2023-12-05 01:10:50.1535|0|ERROR|DwellEase.Service.Services.Implementations.RentalService|Apartment pages are not found |url: |action: |DwellEase.Service.Services.Implementations.RentalService.CheckAndUpdateApartmentStatus| body: 
2023-12-05 01:11:20.1652|0|ERROR|DwellEase.Service.Services.Implementations.RentalService|Apartment pages are not found |url: |action: |DwellEase.Service.Services.Implementations.RentalService.CheckAndUpdateApartmentStatus| body: 
2023-12-05 01:11:39.9918|0|ERROR|DwellEase.Service.Services.Implementations.UserService|User with username: Andrew not found |url: https://localhost/Account/Register|action: Register|DwellEase.Service.Services.Implementations.UserService.HandleError| body: 
2023-12-05 01:11:50.1812|0|ERROR|DwellEase.Service.Services.Implementations.RentalService|Apartment pages are not found |url: |action: |DwellEase.Service.Services.Implementations.RentalService.CheckAndUpdateApartmentStatus| body: 
2023-12-05 01:12:20.1950|0|ERROR|DwellEase.Service.Services.Implementations.RentalService|Apartment pages are not found |url: |action: |DwellEase.Service.Services.Implementations.RentalService.CheckAndUpdateApartmentStatus| body: 
2023-12-05 01:12:50.2048|0|ERROR|DwellEase.Service.Services.Implementations.RentalService|Apartment pages are not found |url: |action: |DwellEase.Service.Services.Implementations.RentalService.CheckAndUpdateApartmentStatus| body: 
2023-12-05 01:13:20.2151|0|ERROR|DwellEase.Service.Services.Implementations.RentalService|Apartment pages are not found |url: |action: |DwellEase.Service.Services.Implementations.RentalService.CheckAndUpdateApartmentStatus| body: 
2023-12-05 01:13:37.3857|0|ERROR|DwellEase.WebAPI.BackgroundTasks.RentalExpirationWorker|An error occurred during rental expiration check. System.Threading.Tasks.TaskCanceledException: A task was canceled.
   at DwellEase.WebAPI.BackgroundTasks.RentalExpirationWorker.ExecuteAsync(CancellationToken stoppingToken) in C:\AProject\DwellEase\DwellEase.WebAPI\BackgroundTasks\RentalExpirationWorker.cs:line 43|url: |action: |DwellEase.WebAPI.BackgroundTasks.RentalExpirationWorker.ExecuteAsync| body: 
2023-12-05 01:13:48.3051|0|ERROR|Program|Program initial |url: |action: |Program.<Main>$| body: 
2023-12-05 01:13:48.3675|0|ERROR|DwellEase.Service.Services.Implementations.RentalService|Apartment pages are not found |url: |action: |DwellEase.Service.Services.Implementations.RentalService.CheckAndUpdateApartmentStatus| body: 
2023-12-05 01:14:18.3879|0|ERROR|DwellEase.Service.Services.Implementations.RentalService|Apartment pages are not found |url: |action: |DwellEase.Service.Services.Implementations.RentalService.CheckAndUpdateApartmentStatus| body: 
2023-12-05 01:14:48.3975|0|ERROR|DwellEase.Service.Services.Implementations.RentalService|Apartment pages are not found |url: |action: |DwellEase.Service.Services.Implementations.RentalService.CheckAndUpdateApartmentStatus| body: 
2023-12-05 01:15:18.4113|0|ERROR|DwellEase.Service.Services.Implementations.RentalService|Apartment pages are not found |url: |action: |DwellEase.Service.Services.Implementations.RentalService.CheckAndUpdateApartmentStatus| body: 
2023-12-05 01:15:40.9654|0|ERROR|DwellEase.WebAPI.BackgroundTasks.RentalExpirationWorker|An error occurred during rental expiration check. System.Threading.Tasks.TaskCanceledException: A task was canceled.
   at DwellEase.WebAPI.BackgroundTasks.RentalExpirationWorker.ExecuteAsync(CancellationToken stoppingToken) in C:\AProject\DwellEase\DwellEase.WebAPI\BackgroundTasks\RentalExpirationWorker.cs:line 43|url: |action: |DwellEase.WebAPI.BackgroundTasks.RentalExpirationWorker.ExecuteAsync| body: 
2023-12-05 01:17:11.1089|0|ERROR|Program|Program initial |url: |action: |Program.<Main>$| body: 
2023-12-05 01:17:11.2042|0|ERROR|DwellEase.Service.Services.Implementations.RentalService|Apartment pages are not found |url: |action: |DwellEase.Service.Services.Implementations.RentalService.CheckAndUpdateApartmentStatus| body: 
2023-12-05 01:17:13.8309|0|ERROR|DwellEase.Service.Services.Implementations.ApartmentPageService|Apartmeent page with id: da7025f4-7f34-458c-942b-2850dce8a1ef not found |url: https://localhost/Creator/SwitchPriorityRequest/CreateRequest|action: CreateSwitchPriorityRequest|DwellEase.Service.Services.Implementations.ApartmentPageService.HandleNotFound| body: 
2023-12-05 01:17:41.2190|0|ERROR|DwellEase.Service.Services.Implementations.RentalService|Apartment pages are not found |url: |action: |DwellEase.Service.Services.Implementations.RentalService.CheckAndUpdateApartmentStatus| body: 
2023-12-05 01:18:11.2421|0|ERROR|DwellEase.Service.Services.Implementations.RentalService|Apartment pages are not found |url: |action: |DwellEase.Service.Services.Implementations.RentalService.CheckAndUpdateApartmentStatus| body: 
2023-12-05 01:18:40.3863|0|ERROR|DwellEase.WebAPI.BackgroundTasks.RentalExpirationWorker|An error occurred during rental expiration check. System.Threading.Tasks.TaskCanceledException: A task was canceled.
   at DwellEase.WebAPI.BackgroundTasks.RentalExpirationWorker.ExecuteAsync(CancellationToken stoppingToken) in C:\AProject\DwellEase\DwellEase.WebAPI\BackgroundTasks\RentalExpirationWorker.cs:line 43|url: |action: |DwellEase.WebAPI.BackgroundTasks.RentalExpirationWorker.ExecuteAsync| body: 
