2023-11-29 00:18:28.0139|0|ERROR|Program|Program initial |url: |action: |Program.<Main>$| body: 
2023-11-29 00:18:28.0927|0|ERROR|DwellEase.Service.Services.Implementations.RentalService|Apartmentpages are not found |url: |action: |DwellEase.Service.Services.Implementations.RentalService.CheckAndUpdateApartmentStatus| body: 
2023-11-29 00:49:23.6605|0|ERROR|Program|Program initial |url: |action: |Program.<Main>$| body: 
2023-11-29 00:49:23.7303|0|ERROR|DwellEase.Service.Services.Implementations.RentalService|Apartmentpages are not found |url: |action: |DwellEase.Service.Services.Implementations.RentalService.CheckAndUpdateApartmentStatus| body: 
2023-11-29 00:49:53.7344|0|ERROR|DwellEase.Service.Services.Implementations.RentalService|Apartmentpages are not found |url: |action: |DwellEase.Service.Services.Implementations.RentalService.CheckAndUpdateApartmentStatus| body: 
2023-11-29 00:49:54.1248|0|ERROR|DwellEase.WebAPI.BackgroundTasks.RentalExpirationWorker|An error occurred during rental expiration check. System.Threading.Tasks.TaskCanceledException: A task was canceled.
   at DwellEase.WebAPI.BackgroundTasks.RentalExpirationWorker.ExecuteAsync(CancellationToken stoppingToken) in C:\AProject\DwellEase\DwellEase.WebAPI\BackgroundTasks\RentalExpirationWorker.cs:line 43|url: |action: |DwellEase.WebAPI.BackgroundTasks.RentalExpirationWorker.ExecuteAsync| body: 
2023-11-29 00:50:03.9464|0|ERROR|Program|Program initial |url: |action: |Program.<Main>$| body: 
2023-11-29 00:50:04.0117|0|ERROR|DwellEase.Service.Services.Implementations.RentalService|Apartmentpages are not found |url: |action: |DwellEase.Service.Services.Implementations.RentalService.CheckAndUpdateApartmentStatus| body: 
2023-11-29 00:50:34.0230|0|ERROR|DwellEase.Service.Services.Implementations.RentalService|Apartmentpages are not found |url: |action: |DwellEase.Service.Services.Implementations.RentalService.CheckAndUpdateApartmentStatus| body: 
2023-11-29 00:51:04.0350|0|ERROR|DwellEase.Service.Services.Implementations.RentalService|Apartmentpages are not found |url: |action: |DwellEase.Service.Services.Implementations.RentalService.CheckAndUpdateApartmentStatus| body: 
2023-11-29 00:51:34.0426|0|ERROR|DwellEase.Service.Services.Implementations.RentalService|Apartmentpages are not found |url: |action: |DwellEase.Service.Services.Implementations.RentalService.CheckAndUpdateApartmentStatus| body: 
2023-11-29 00:52:04.0433|0|ERROR|DwellEase.Service.Services.Implementations.RentalService|Apartmentpages are not found |url: |action: |DwellEase.Service.Services.Implementations.RentalService.CheckAndUpdateApartmentStatus| body: 
2023-11-29 00:52:34.0492|0|ERROR|DwellEase.Service.Services.Implementations.RentalService|Apartmentpages are not found |url: |action: |DwellEase.Service.Services.Implementations.RentalService.CheckAndUpdateApartmentStatus| body: 
2023-11-29 00:53:04.0583|0|ERROR|DwellEase.Service.Services.Implementations.RentalService|Apartmentpages are not found |url: |action: |DwellEase.Service.Services.Implementations.RentalService.CheckAndUpdateApartmentStatus| body: 
2023-11-29 00:53:30.6530|0|ERROR|DwellEase.WebAPI.BackgroundTasks.RentalExpirationWorker|An error occurred during rental expiration check. System.Threading.Tasks.TaskCanceledException: A task was canceled.
   at DwellEase.WebAPI.BackgroundTasks.RentalExpirationWorker.ExecuteAsync(CancellationToken stoppingToken) in C:\AProject\DwellEase\DwellEase.WebAPI\BackgroundTasks\RentalExpirationWorker.cs:line 43|url: |action: |DwellEase.WebAPI.BackgroundTasks.RentalExpirationWorker.ExecuteAsync| body: 
2023-11-29 00:59:34.1984|0|ERROR|Program|Program initial |url: |action: |Program.<Main>$| body: 
2023-11-29 00:59:34.2648|0|ERROR|DwellEase.Service.Services.Implementations.RentalService|Apartmentpages are not found |url: |action: |DwellEase.Service.Services.Implementations.RentalService.CheckAndUpdateApartmentStatus| body: 
2023-11-29 01:00:04.2709|0|ERROR|DwellEase.Service.Services.Implementations.RentalService|Apartmentpages are not found |url: |action: |DwellEase.Service.Services.Implementations.RentalService.CheckAndUpdateApartmentStatus| body: 
2023-11-29 01:00:18.8114|0|ERROR|Microsoft.AspNetCore.Diagnostics.DeveloperExceptionPageMiddleware|An unhandled exception has occurred while executing the request. System.NullReferenceException: Object reference not set to an instance of an object.
   at DwellEase.Service.Services.Implementations.TokenService.CreateClaims(User user, List`1 roles) in C:\AProject\DwellEase\DwellEase.Service\Services\Implementations\TokenService.cs:line 22
   at DwellEase.Service.Handlers.LoginQueryHandler.Handle(LoginQuery request, CancellationToken cancellationToken) in C:\AProject\DwellEase\DwellEase.Service\Handlers\LoginQueryHandler.cs:line 59
   at DwellEase.WebAPI.Controllers.AccountsController.Authenticate(AuthRequest request) in C:\AProject\DwellEase\DwellEase.WebAPI\Controllers\AccountController.cs:line 62
   at lambda_method12(Closure, Object)
   at Microsoft.AspNetCore.Mvc.Infrastructure.ActionMethodExecutor.AwaitableObjectResultExecutor.Execute(ActionContext actionContext, IActionResultTypeMapper mapper, ObjectMethodExecutor executor, Object controller, Object[] arguments)
   at Microsoft.AspNetCore.Mvc.Infrastructure.ControllerActionInvoker.<InvokeActionMethodAsync>g__Logged|12_1(ControllerActionInvoker invoker)
   at Microsoft.AspNetCore.Mvc.Infrastructure.ControllerActionInvoker.<InvokeNextActionFilterAsync>g__Awaited|10_0(ControllerActionInvoker invoker, Task lastTask, State next, Scope scope, Object state, Boolean isCompleted)
   at Microsoft.AspNetCore.Mvc.Infrastructure.ControllerActionInvoker.Rethrow(ActionExecutedContextSealed context)
   at Microsoft.AspNetCore.Mvc.Infrastructure.ControllerActionInvoker.Next(State& next, Scope& scope, Object& state, Boolean& isCompleted)
   at Microsoft.AspNetCore.Mvc.Infrastructure.ControllerActionInvoker.<InvokeInnerFilterAsync>g__Awaited|13_0(ControllerActionInvoker invoker, Task lastTask, State next, Scope scope, Object state, Boolean isCompleted)
   at Microsoft.AspNetCore.Mvc.Infrastructure.ResourceInvoker.<InvokeFilterPipelineAsync>g__Awaited|20_0(ResourceInvoker invoker, Task lastTask, State next, Scope scope, Object state, Boolean isCompleted)
   at Microsoft.AspNetCore.Mvc.Infrastructure.ResourceInvoker.<InvokeAsync>g__Logged|17_1(ResourceInvoker invoker)
   at Microsoft.AspNetCore.Mvc.Infrastructure.ResourceInvoker.<InvokeAsync>g__Logged|17_1(ResourceInvoker invoker)
   at Microsoft.AspNetCore.Routing.EndpointMiddleware.<Invoke>g__AwaitRequestTask|6_0(Endpoint endpoint, Task requestTask, ILogger logger)
   at Microsoft.AspNetCore.Authorization.AuthorizationMiddleware.Invoke(HttpContext context)
   at Microsoft.AspNetCore.Authentication.AuthenticationMiddleware.Invoke(HttpContext context)
   at Microsoft.AspNetCore.Diagnostics.DeveloperExceptionPageMiddlewareImpl.Invoke(HttpContext context)|url: https://localhost/Account/Login|action: Authenticate|Microsoft.AspNetCore.Diagnostics.DeveloperExceptionPageMiddlewareImpl.Invoke| body: 
2023-11-29 01:00:34.2822|0|ERROR|DwellEase.Service.Services.Implementations.RentalService|Apartmentpages are not found |url: |action: |DwellEase.Service.Services.Implementations.RentalService.CheckAndUpdateApartmentStatus| body: 
2023-11-29 01:01:04.2926|0|ERROR|DwellEase.Service.Services.Implementations.RentalService|Apartmentpages are not found |url: |action: |DwellEase.Service.Services.Implementations.RentalService.CheckAndUpdateApartmentStatus| body: 
2023-11-29 01:01:34.3000|0|ERROR|DwellEase.Service.Services.Implementations.RentalService|Apartmentpages are not found |url: |action: |DwellEase.Service.Services.Implementations.RentalService.CheckAndUpdateApartmentStatus| body: 
2023-11-29 01:02:15.0616|0|ERROR|Program|Program initial |url: |action: |Program.<Main>$| body: 
2023-11-29 01:02:15.1325|0|ERROR|DwellEase.Service.Services.Implementations.RentalService|Apartmentpages are not found |url: |action: |DwellEase.Service.Services.Implementations.RentalService.CheckAndUpdateApartmentStatus| body: 
2023-11-29 01:02:45.1526|0|ERROR|DwellEase.Service.Services.Implementations.RentalService|Apartmentpages are not found |url: |action: |DwellEase.Service.Services.Implementations.RentalService.CheckAndUpdateApartmentStatus| body: 
2023-11-29 01:03:15.1771|0|ERROR|DwellEase.Service.Services.Implementations.RentalService|Apartmentpages are not found |url: |action: |DwellEase.Service.Services.Implementations.RentalService.CheckAndUpdateApartmentStatus| body: 
2023-11-29 01:03:45.1829|0|ERROR|DwellEase.Service.Services.Implementations.RentalService|Apartmentpages are not found |url: |action: |DwellEase.Service.Services.Implementations.RentalService.CheckAndUpdateApartmentStatus| body: 
2023-11-29 01:04:15.1987|0|ERROR|DwellEase.Service.Services.Implementations.RentalService|Apartmentpages are not found |url: |action: |DwellEase.Service.Services.Implementations.RentalService.CheckAndUpdateApartmentStatus| body: 
2023-11-29 01:04:45.2059|0|ERROR|DwellEase.Service.Services.Implementations.RentalService|Apartmentpages are not found |url: |action: |DwellEase.Service.Services.Implementations.RentalService.CheckAndUpdateApartmentStatus| body: 
2023-11-29 01:05:15.2136|0|ERROR|DwellEase.Service.Services.Implementations.RentalService|Apartmentpages are not found |url: |action: |DwellEase.Service.Services.Implementations.RentalService.CheckAndUpdateApartmentStatus| body: 
2023-11-29 01:05:45.2142|0|ERROR|DwellEase.Service.Services.Implementations.RentalService|Apartmentpages are not found |url: |action: |DwellEase.Service.Services.Implementations.RentalService.CheckAndUpdateApartmentStatus| body: 
2023-11-29 01:06:15.2291|0|ERROR|DwellEase.Service.Services.Implementations.RentalService|Apartmentpages are not found |url: |action: |DwellEase.Service.Services.Implementations.RentalService.CheckAndUpdateApartmentStatus| body: 
2023-11-29 01:06:45.2344|0|ERROR|DwellEase.Service.Services.Implementations.RentalService|Apartmentpages are not found |url: |action: |DwellEase.Service.Services.Implementations.RentalService.CheckAndUpdateApartmentStatus| body: 
2023-11-29 01:07:52.7461|0|ERROR|Program|Program initial |url: |action: |Program.<Main>$| body: 
2023-11-29 01:07:52.8080|0|ERROR|DwellEase.Service.Services.Implementations.RentalService|Apartmentpages are not found |url: |action: |DwellEase.Service.Services.Implementations.RentalService.CheckAndUpdateApartmentStatus| body: 
2023-11-29 01:08:22.8227|0|ERROR|DwellEase.Service.Services.Implementations.RentalService|Apartmentpages are not found |url: |action: |DwellEase.Service.Services.Implementations.RentalService.CheckAndUpdateApartmentStatus| body: 
2023-11-29 01:08:52.8374|0|ERROR|DwellEase.Service.Services.Implementations.RentalService|Apartmentpages are not found |url: |action: |DwellEase.Service.Services.Implementations.RentalService.CheckAndUpdateApartmentStatus| body: 
2023-11-29 01:09:22.8477|0|ERROR|DwellEase.Service.Services.Implementations.RentalService|Apartmentpages are not found |url: |action: |DwellEase.Service.Services.Implementations.RentalService.CheckAndUpdateApartmentStatus| body: 
2023-11-29 01:09:52.8554|0|ERROR|DwellEase.Service.Services.Implementations.RentalService|Apartmentpages are not found |url: |action: |DwellEase.Service.Services.Implementations.RentalService.CheckAndUpdateApartmentStatus| body: 
2023-11-29 01:10:05.7797|0|ERROR|DwellEase.Service.Services.Implementations.ApartmentOperationService|Apartmentoperations are not found |url: https://localhost/Admin/ApartmentOperation/GetAllOperations|action: GetAllApartmentOperations|DwellEase.Service.Services.Implementations.ApartmentOperationService.HandleNotFound| body: 
2023-11-29 01:10:05.8042|0|ERROR|DwellEase.WebAPI.Areas.Admin.Controllers.ApartmentOperationController|Apartmentoperations are not found |url: https://localhost/Admin/ApartmentOperation/GetAllOperations|action: GetAllApartmentOperations|DwellEase.WebAPI.Areas.Admin.Controllers.ApartmentOperationController.GetAllApartmentOperations| body: 
