2023-11-01 00:26:21.4149|0|ERROR|DwellEase.Service.Services.Implementations.RentalService|Apartmentpages are not found |url: |action: |DwellEase.Service.Services.Implementations.RentalService.CheckAndUpdateApartmentStatus| body: 
2023-11-01 00:31:52.9777|0|ERROR|DwellEase.Service.Services.Implementations.RentalService|Apartmentpages are not found |url: |action: |DwellEase.Service.Services.Implementations.RentalService.CheckAndUpdateApartmentStatus| body: 
2023-11-01 00:32:22.9942|0|ERROR|DwellEase.Service.Services.Implementations.RentalService|Apartmentpages are not found |url: |action: |DwellEase.Service.Services.Implementations.RentalService.CheckAndUpdateApartmentStatus| body: 
2023-11-01 00:32:46.5361|0|ERROR|DwellEase.WebAPI.BackgroundTasks.RentalExpirationWorker|An error occurred during rental expiration check. System.Threading.Tasks.TaskCanceledException: A task was canceled.
   at DwellEase.WebAPI.BackgroundTasks.RentalExpirationWorker.ExecuteAsync(CancellationToken stoppingToken)|url: |action: |DwellEase.WebAPI.BackgroundTasks.RentalExpirationWorker.ExecuteAsync| body: 
2023-11-01 00:32:58.1541|0|ERROR|Program|Program initial |url: |action: |Program.<Main>$| body: 
2023-11-01 00:32:58.2189|0|ERROR|DwellEase.Service.Services.Implementations.RentalService|Apartmentpages are not found |url: |action: |DwellEase.Service.Services.Implementations.RentalService.CheckAndUpdateApartmentStatus| body: 
2023-11-01 00:33:28.2320|0|ERROR|DwellEase.Service.Services.Implementations.RentalService|Apartmentpages are not found |url: |action: |DwellEase.Service.Services.Implementations.RentalService.CheckAndUpdateApartmentStatus| body: 
2023-11-01 00:33:58.2350|0|ERROR|DwellEase.Service.Services.Implementations.RentalService|Apartmentpages are not found |url: |action: |DwellEase.Service.Services.Implementations.RentalService.CheckAndUpdateApartmentStatus| body: 
2023-11-01 00:34:28.2329|0|ERROR|DwellEase.Service.Services.Implementations.RentalService|Apartmentpages are not found |url: |action: |DwellEase.Service.Services.Implementations.RentalService.CheckAndUpdateApartmentStatus| body: 
2023-11-01 00:34:58.2383|0|ERROR|DwellEase.Service.Services.Implementations.RentalService|Apartmentpages are not found |url: |action: |DwellEase.Service.Services.Implementations.RentalService.CheckAndUpdateApartmentStatus| body: 
2023-11-01 00:35:28.2597|0|ERROR|DwellEase.Service.Services.Implementations.RentalService|Apartmentpages are not found |url: |action: |DwellEase.Service.Services.Implementations.RentalService.CheckAndUpdateApartmentStatus| body: 
2023-11-01 00:35:58.2755|0|ERROR|DwellEase.Service.Services.Implementations.RentalService|Apartmentpages are not found |url: |action: |DwellEase.Service.Services.Implementations.RentalService.CheckAndUpdateApartmentStatus| body: 
2023-11-01 00:37:28.3215|0|ERROR|DwellEase.Service.Services.Implementations.RentalService|Apartmentpages are not found |url: |action: |DwellEase.Service.Services.Implementations.RentalService.CheckAndUpdateApartmentStatus| body: 
2023-11-01 00:37:58.3343|0|ERROR|DwellEase.Service.Services.Implementations.RentalService|Apartmentpages are not found |url: |action: |DwellEase.Service.Services.Implementations.RentalService.CheckAndUpdateApartmentStatus| body: 
2023-11-01 00:38:28.3435|0|ERROR|DwellEase.Service.Services.Implementations.RentalService|Apartmentpages are not found |url: |action: |DwellEase.Service.Services.Implementations.RentalService.CheckAndUpdateApartmentStatus| body: 
2023-11-01 00:38:30.8971|0|ERROR|DwellEase.WebAPI.BackgroundTasks.RentalExpirationWorker|An error occurred during rental expiration check. System.Threading.Tasks.TaskCanceledException: A task was canceled.
   at DwellEase.WebAPI.BackgroundTasks.RentalExpirationWorker.ExecuteAsync(CancellationToken stoppingToken) in C:\AProject\DwellEase\DwellEase.WebAPI\BackgroundTasks\RentalExpirationWorker.cs:line 43|url: |action: |DwellEase.WebAPI.BackgroundTasks.RentalExpirationWorker.ExecuteAsync| body: 
2023-11-01 00:38:39.3414|0|ERROR|Program|Program initial |url: |action: |Program.<Main>$| body: 
2023-11-01 00:38:39.4315|0|ERROR|DwellEase.Service.Services.Implementations.RentalService|Apartmentpages are not found |url: |action: |DwellEase.Service.Services.Implementations.RentalService.CheckAndUpdateApartmentStatus| body: 
2023-11-01 00:39:09.4372|0|ERROR|DwellEase.Service.Services.Implementations.RentalService|Apartmentpages are not found |url: |action: |DwellEase.Service.Services.Implementations.RentalService.CheckAndUpdateApartmentStatus| body: 
2023-11-01 00:39:39.4472|0|ERROR|DwellEase.Service.Services.Implementations.RentalService|Apartmentpages are not found |url: |action: |DwellEase.Service.Services.Implementations.RentalService.CheckAndUpdateApartmentStatus| body: 
2023-11-01 00:40:09.4532|0|ERROR|DwellEase.Service.Services.Implementations.RentalService|Apartmentpages are not found |url: |action: |DwellEase.Service.Services.Implementations.RentalService.CheckAndUpdateApartmentStatus| body: 
2023-11-01 00:40:39.4521|0|ERROR|DwellEase.Service.Services.Implementations.RentalService|Apartmentpages are not found |url: |action: |DwellEase.Service.Services.Implementations.RentalService.CheckAndUpdateApartmentStatus| body: 
2023-11-01 00:41:09.4655|0|ERROR|DwellEase.Service.Services.Implementations.RentalService|Apartmentpages are not found |url: |action: |DwellEase.Service.Services.Implementations.RentalService.CheckAndUpdateApartmentStatus| body: 
2023-11-01 00:41:39.4759|0|ERROR|DwellEase.Service.Services.Implementations.RentalService|Apartmentpages are not found |url: |action: |DwellEase.Service.Services.Implementations.RentalService.CheckAndUpdateApartmentStatus| body: 
2023-11-01 00:42:09.4782|0|ERROR|DwellEase.Service.Services.Implementations.RentalService|Apartmentpages are not found |url: |action: |DwellEase.Service.Services.Implementations.RentalService.CheckAndUpdateApartmentStatus| body: 
2023-11-01 00:42:39.4914|0|ERROR|DwellEase.Service.Services.Implementations.RentalService|Apartmentpages are not found |url: |action: |DwellEase.Service.Services.Implementations.RentalService.CheckAndUpdateApartmentStatus| body: 
2023-11-01 00:43:09.4985|0|ERROR|DwellEase.Service.Services.Implementations.RentalService|Apartmentpages are not found |url: |action: |DwellEase.Service.Services.Implementations.RentalService.CheckAndUpdateApartmentStatus| body: 
2023-11-01 00:43:39.5109|0|ERROR|DwellEase.Service.Services.Implementations.RentalService|Apartmentpages are not found |url: |action: |DwellEase.Service.Services.Implementations.RentalService.CheckAndUpdateApartmentStatus| body: 
2023-11-01 00:44:09.5227|0|ERROR|DwellEase.Service.Services.Implementations.RentalService|Apartmentpages are not found |url: |action: |DwellEase.Service.Services.Implementations.RentalService.CheckAndUpdateApartmentStatus| body: 
2023-11-01 00:44:39.5356|0|ERROR|DwellEase.Service.Services.Implementations.RentalService|Apartmentpages are not found |url: |action: |DwellEase.Service.Services.Implementations.RentalService.CheckAndUpdateApartmentStatus| body: 
2023-11-01 00:45:09.5442|0|ERROR|DwellEase.Service.Services.Implementations.RentalService|Apartmentpages are not found |url: |action: |DwellEase.Service.Services.Implementations.RentalService.CheckAndUpdateApartmentStatus| body: 
2023-11-01 00:45:39.5605|0|ERROR|DwellEase.Service.Services.Implementations.RentalService|Apartmentpages are not found |url: |action: |DwellEase.Service.Services.Implementations.RentalService.CheckAndUpdateApartmentStatus| body: 
2023-11-01 00:46:09.5654|0|ERROR|DwellEase.Service.Services.Implementations.RentalService|Apartmentpages are not found |url: |action: |DwellEase.Service.Services.Implementations.RentalService.CheckAndUpdateApartmentStatus| body: 
2023-11-01 00:46:39.5768|0|ERROR|DwellEase.Service.Services.Implementations.RentalService|Apartmentpages are not found |url: |action: |DwellEase.Service.Services.Implementations.RentalService.CheckAndUpdateApartmentStatus| body: 
2023-11-01 00:47:09.5810|0|ERROR|DwellEase.Service.Services.Implementations.RentalService|Apartmentpages are not found |url: |action: |DwellEase.Service.Services.Implementations.RentalService.CheckAndUpdateApartmentStatus| body: 
2023-11-01 00:47:39.5936|0|ERROR|DwellEase.Service.Services.Implementations.RentalService|Apartmentpages are not found |url: |action: |DwellEase.Service.Services.Implementations.RentalService.CheckAndUpdateApartmentStatus| body: 
2023-11-01 00:48:09.6028|0|ERROR|DwellEase.Service.Services.Implementations.RentalService|Apartmentpages are not found |url: |action: |DwellEase.Service.Services.Implementations.RentalService.CheckAndUpdateApartmentStatus| body: 
2023-11-01 00:48:14.8427|0|ERROR|DwellEase.WebAPI.BackgroundTasks.RentalExpirationWorker|An error occurred during rental expiration check. System.Threading.Tasks.TaskCanceledException: A task was canceled.
   at DwellEase.WebAPI.BackgroundTasks.RentalExpirationWorker.ExecuteAsync(CancellationToken stoppingToken) in C:\AProject\DwellEase\DwellEase.WebAPI\BackgroundTasks\RentalExpirationWorker.cs:line 43|url: |action: |DwellEase.WebAPI.BackgroundTasks.RentalExpirationWorker.ExecuteAsync| body: 
2023-11-01 00:48:22.9219|0|ERROR|Program|Program initial |url: |action: |Program.<Main>$| body: 
2023-11-01 00:48:22.9794|0|ERROR|DwellEase.Service.Services.Implementations.RentalService|Apartmentpages are not found |url: |action: |DwellEase.Service.Services.Implementations.RentalService.CheckAndUpdateApartmentStatus| body: 
2023-11-01 00:48:52.9972|0|ERROR|DwellEase.Service.Services.Implementations.RentalService|Apartmentpages are not found |url: |action: |DwellEase.Service.Services.Implementations.RentalService.CheckAndUpdateApartmentStatus| body: 
2023-11-01 00:49:23.0072|0|ERROR|DwellEase.Service.Services.Implementations.RentalService|Apartmentpages are not found |url: |action: |DwellEase.Service.Services.Implementations.RentalService.CheckAndUpdateApartmentStatus| body: 
2023-11-01 00:49:53.0257|0|ERROR|DwellEase.Service.Services.Implementations.RentalService|Apartmentpages are not found |url: |action: |DwellEase.Service.Services.Implementations.RentalService.CheckAndUpdateApartmentStatus| body: 
2023-11-01 00:50:23.0314|0|ERROR|DwellEase.Service.Services.Implementations.RentalService|Apartmentpages are not found |url: |action: |DwellEase.Service.Services.Implementations.RentalService.CheckAndUpdateApartmentStatus| body: 
2023-11-01 00:50:53.0355|0|ERROR|DwellEase.Service.Services.Implementations.RentalService|Apartmentpages are not found |url: |action: |DwellEase.Service.Services.Implementations.RentalService.CheckAndUpdateApartmentStatus| body: 
2023-11-01 00:51:23.0447|0|ERROR|DwellEase.Service.Services.Implementations.RentalService|Apartmentpages are not found |url: |action: |DwellEase.Service.Services.Implementations.RentalService.CheckAndUpdateApartmentStatus| body: 
2023-11-01 00:51:53.0462|0|ERROR|DwellEase.Service.Services.Implementations.RentalService|Apartmentpages are not found |url: |action: |DwellEase.Service.Services.Implementations.RentalService.CheckAndUpdateApartmentStatus| body: 
2023-11-01 00:52:23.0610|0|ERROR|DwellEase.Service.Services.Implementations.RentalService|Apartmentpages are not found |url: |action: |DwellEase.Service.Services.Implementations.RentalService.CheckAndUpdateApartmentStatus| body: 
2023-11-01 00:52:53.0706|0|ERROR|DwellEase.Service.Services.Implementations.RentalService|Apartmentpages are not found |url: |action: |DwellEase.Service.Services.Implementations.RentalService.CheckAndUpdateApartmentStatus| body: 
2023-11-01 00:53:23.0866|0|ERROR|DwellEase.Service.Services.Implementations.RentalService|Apartmentpages are not found |url: |action: |DwellEase.Service.Services.Implementations.RentalService.CheckAndUpdateApartmentStatus| body: 
2023-11-01 00:53:53.0935|0|ERROR|DwellEase.Service.Services.Implementations.RentalService|Apartmentpages are not found |url: |action: |DwellEase.Service.Services.Implementations.RentalService.CheckAndUpdateApartmentStatus| body: 
2023-11-01 00:54:23.1088|0|ERROR|DwellEase.Service.Services.Implementations.RentalService|Apartmentpages are not found |url: |action: |DwellEase.Service.Services.Implementations.RentalService.CheckAndUpdateApartmentStatus| body: 
2023-11-01 00:54:53.1153|0|ERROR|DwellEase.Service.Services.Implementations.RentalService|Apartmentpages are not found |url: |action: |DwellEase.Service.Services.Implementations.RentalService.CheckAndUpdateApartmentStatus| body: 
2023-11-01 00:55:23.1168|0|ERROR|DwellEase.Service.Services.Implementations.RentalService|Apartmentpages are not found |url: |action: |DwellEase.Service.Services.Implementations.RentalService.CheckAndUpdateApartmentStatus| body: 
2023-11-01 00:55:53.1262|0|ERROR|DwellEase.Service.Services.Implementations.RentalService|Apartmentpages are not found |url: |action: |DwellEase.Service.Services.Implementations.RentalService.CheckAndUpdateApartmentStatus| body: 
2023-11-01 00:56:23.1289|0|ERROR|DwellEase.Service.Services.Implementations.RentalService|Apartmentpages are not found |url: |action: |DwellEase.Service.Services.Implementations.RentalService.CheckAndUpdateApartmentStatus| body: 
2023-11-01 00:56:53.1401|0|ERROR|DwellEase.Service.Services.Implementations.RentalService|Apartmentpages are not found |url: |action: |DwellEase.Service.Services.Implementations.RentalService.CheckAndUpdateApartmentStatus| body: 
2023-11-01 00:57:23.1566|0|ERROR|DwellEase.Service.Services.Implementations.RentalService|Apartmentpages are not found |url: |action: |DwellEase.Service.Services.Implementations.RentalService.CheckAndUpdateApartmentStatus| body: 
2023-11-01 00:57:53.1589|0|ERROR|DwellEase.Service.Services.Implementations.RentalService|Apartmentpages are not found |url: |action: |DwellEase.Service.Services.Implementations.RentalService.CheckAndUpdateApartmentStatus| body: 
2023-11-01 00:58:23.1721|0|ERROR|DwellEase.Service.Services.Implementations.RentalService|Apartmentpages are not found |url: |action: |DwellEase.Service.Services.Implementations.RentalService.CheckAndUpdateApartmentStatus| body: 
2023-11-01 00:58:53.1873|0|ERROR|DwellEase.Service.Services.Implementations.RentalService|Apartmentpages are not found |url: |action: |DwellEase.Service.Services.Implementations.RentalService.CheckAndUpdateApartmentStatus| body: 
2023-11-01 00:59:23.1992|0|ERROR|DwellEase.Service.Services.Implementations.RentalService|Apartmentpages are not found |url: |action: |DwellEase.Service.Services.Implementations.RentalService.CheckAndUpdateApartmentStatus| body: 
2023-11-01 00:59:53.2091|0|ERROR|DwellEase.Service.Services.Implementations.RentalService|Apartmentpages are not found |url: |action: |DwellEase.Service.Services.Implementations.RentalService.CheckAndUpdateApartmentStatus| body: 
2023-11-01 01:00:23.2176|0|ERROR|DwellEase.Service.Services.Implementations.RentalService|Apartmentpages are not found |url: |action: |DwellEase.Service.Services.Implementations.RentalService.CheckAndUpdateApartmentStatus| body: 
2023-11-01 01:00:53.2273|0|ERROR|DwellEase.Service.Services.Implementations.RentalService|Apartmentpages are not found |url: |action: |DwellEase.Service.Services.Implementations.RentalService.CheckAndUpdateApartmentStatus| body: 
2023-11-01 01:01:23.2400|0|ERROR|DwellEase.Service.Services.Implementations.RentalService|Apartmentpages are not found |url: |action: |DwellEase.Service.Services.Implementations.RentalService.CheckAndUpdateApartmentStatus| body: 
