2023-11-01 00:38:39.2224|0|DEBUG|Microsoft.AspNetCore.Mvc.ModelBinding.ModelBinderFactory|Registered model binder providers, in the following order: Microsoft.AspNetCore.Mvc.ModelBinding.Binders.BinderTypeModelBinderProvider, Microsoft.AspNetCore.Mvc.ModelBinding.Binders.ServicesModelBinderProvider, Microsoft.AspNetCore.Mvc.ModelBinding.Binders.BodyModelBinderProvider, Microsoft.AspNetCore.Mvc.ModelBinding.Binders.HeaderModelBinderProvider, Microsoft.AspNetCore.Mvc.ModelBinding.Binders.FloatingPointTypeModelBinderProvider, Microsoft.AspNetCore.Mvc.ModelBinding.Binders.EnumTypeModelBinderProvider, Microsoft.AspNetCore.Mvc.ModelBinding.Binders.DateTimeModelBinderProvider, Microsoft.AspNetCore.Mvc.ModelBinding.Binders.SimpleTypeModelBinderProvider, Microsoft.AspNetCore.Mvc.ModelBinding.Binders.TryParseModelBinderProvider, Microsoft.AspNetCore.Mvc.ModelBinding.Binders.CancellationTokenModelBinderProvider, Microsoft.AspNetCore.Mvc.ModelBinding.Binders.ByteArrayModelBinderProvider, Microsoft.AspNetCore.Mvc.ModelBinding.Binders.FormFileModelBinderProvider, Microsoft.AspNetCore.Mvc.ModelBinding.Binders.FormCollectionModelBinderProvider, Microsoft.AspNetCore.Mvc.ModelBinding.Binders.KeyValuePairModelBinderProvider, Microsoft.AspNetCore.Mvc.ModelBinding.Binders.DictionaryModelBinderProvider, Microsoft.AspNetCore.Mvc.ModelBinding.Binders.ArrayModelBinderProvider, Microsoft.AspNetCore.Mvc.ModelBinding.Binders.CollectionModelBinderProvider, Microsoft.AspNetCore.Mvc.ModelBinding.Binders.ComplexObjectModelBinderProvider 
2023-11-01 00:38:39.3142|0|DEBUG|Microsoft.AspNetCore.SignalR.Internal.DefaultHubProtocolResolver|Registered SignalR Protocol: json, implemented by Microsoft.AspNetCore.SignalR.Protocol.JsonHubProtocol. 
2023-11-01 00:38:39.3414|0|TRACE|Microsoft.AspNetCore.SignalR.Internal.DefaultHubDispatcher|'RentalHub' hub method 'SendRemainingTimeUpdate' is bound. 
2023-11-01 00:38:39.3414|0|ERROR|Program|Program initial 
2023-11-01 00:38:39.3414|0|DEBUG|Microsoft.Extensions.Hosting.Internal.Host|Hosting starting 
2023-11-01 00:38:39.3815|0|INFO|Microsoft.AspNetCore.DataProtection.KeyManagement.XmlKeyManager|User profile is available. Using 'C:\Users\Алексей\AppData\Local\ASP.NET\DataProtection-Keys' as key repository and Windows DPAPI to encrypt keys at rest. 
2023-11-01 00:38:39.4315|0|DEBUG|Microsoft.AspNetCore.DataProtection.Repositories.FileSystemXmlRepository|Reading data from file 'C:\Users\Алексей\AppData\Local\ASP.NET\DataProtection-Keys\key-201f091d-1492-40cf-8448-2970d8f8302a.xml'. 
2023-11-01 00:38:39.4315|0|DEBUG|Microsoft.AspNetCore.DataProtection.Repositories.FileSystemXmlRepository|Reading data from file 'C:\Users\Алексей\AppData\Local\ASP.NET\DataProtection-Keys\key-36f42311-3483-4917-8846-1f1bdd7768ee.xml'. 
2023-11-01 00:38:39.4315|0|DEBUG|Microsoft.AspNetCore.DataProtection.Repositories.FileSystemXmlRepository|Reading data from file 'C:\Users\Алексей\AppData\Local\ASP.NET\DataProtection-Keys\key-8c2d20ac-a7d5-4fe4-b7a0-731f36d4f54e.xml'. 
2023-11-01 00:38:39.4315|0|DEBUG|Microsoft.AspNetCore.DataProtection.Repositories.FileSystemXmlRepository|Reading data from file 'C:\Users\Алексей\AppData\Local\ASP.NET\DataProtection-Keys\key-fe0fd9ec-cbd2-45ba-94c2-4c4db8302271.xml'. 
2023-11-01 00:38:39.4315|0|ERROR|DwellEase.Service.Services.Implementations.RentalService|Apartmentpages are not found 
2023-11-01 00:38:39.4315|0|DEBUG|Microsoft.AspNetCore.DataProtection.KeyManagement.XmlKeyManager|Found key {201f091d-1492-40cf-8448-2970d8f8302a}. 
2023-11-01 00:38:39.4315|0|DEBUG|Microsoft.AspNetCore.DataProtection.KeyManagement.XmlKeyManager|Found key {36f42311-3483-4917-8846-1f1bdd7768ee}. 
2023-11-01 00:38:39.4315|0|DEBUG|Microsoft.AspNetCore.DataProtection.KeyManagement.XmlKeyManager|Found key {8c2d20ac-a7d5-4fe4-b7a0-731f36d4f54e}. 
2023-11-01 00:38:39.4315|0|DEBUG|Microsoft.AspNetCore.DataProtection.KeyManagement.XmlKeyManager|Found key {fe0fd9ec-cbd2-45ba-94c2-4c4db8302271}. 
2023-11-01 00:38:39.4496|0|DEBUG|Microsoft.AspNetCore.DataProtection.KeyManagement.DefaultKeyResolver|Considering key {36f42311-3483-4917-8846-1f1bdd7768ee} with expiration date 2023-12-30 19:24:09Z as default key. 
2023-11-01 00:38:39.4496|0|DEBUG|Microsoft.AspNetCore.DataProtection.TypeForwardingActivator|Forwarded activator type request from Microsoft.AspNetCore.DataProtection.XmlEncryption.DpapiXmlDecryptor, Microsoft.AspNetCore.DataProtection, Version=7.0.0.0, Culture=neutral, PublicKeyToken=adb9793829ddae60 to Microsoft.AspNetCore.DataProtection.XmlEncryption.DpapiXmlDecryptor, Microsoft.AspNetCore.DataProtection, Culture=neutral, PublicKeyToken=adb9793829ddae60 
2023-11-01 00:38:39.4496|0|DEBUG|Microsoft.AspNetCore.DataProtection.XmlEncryption.DpapiXmlDecryptor|Decrypting secret element using Windows DPAPI. 
2023-11-01 00:38:39.4496|0|DEBUG|Microsoft.AspNetCore.DataProtection.TypeForwardingActivator|Forwarded activator type request from Microsoft.AspNetCore.DataProtection.AuthenticatedEncryption.ConfigurationModel.AuthenticatedEncryptorDescriptorDeserializer, Microsoft.AspNetCore.DataProtection, Version=7.0.0.0, Culture=neutral, PublicKeyToken=adb9793829ddae60 to Microsoft.AspNetCore.DataProtection.AuthenticatedEncryption.ConfigurationModel.AuthenticatedEncryptorDescriptorDeserializer, Microsoft.AspNetCore.DataProtection, Culture=neutral, PublicKeyToken=adb9793829ddae60 
2023-11-01 00:38:39.4496|0|DEBUG|Microsoft.AspNetCore.DataProtection.AuthenticatedEncryption.CngCbcAuthenticatedEncryptorFactory|Opening CNG algorithm 'AES' from provider '(null)' with chaining mode CBC. 
2023-11-01 00:38:39.4645|0|DEBUG|Microsoft.AspNetCore.DataProtection.AuthenticatedEncryption.CngCbcAuthenticatedEncryptorFactory|Opening CNG algorithm 'SHA256' from provider '(null)' with HMAC. 
2023-11-01 00:38:39.4645|0|DEBUG|Microsoft.AspNetCore.DataProtection.KeyManagement.KeyRingProvider|Using key {36f42311-3483-4917-8846-1f1bdd7768ee} as the default key. 
2023-11-01 00:38:39.4645|0|DEBUG|Microsoft.AspNetCore.DataProtection.Internal.DataProtectionHostedService|Key ring with default key {36f42311-3483-4917-8846-1f1bdd7768ee} was loaded during application startup. 
2023-11-01 00:38:39.4842|0|DEBUG|Microsoft.AspNetCore.Hosting.Diagnostics|Loaded hosting startup assembly DwellEase.WebAPI 
2023-11-01 00:38:39.4842|0|INFO|Microsoft.Hosting.Lifetime|Application started. Press Ctrl+C to shut down. 
2023-11-01 00:38:39.4842|0|INFO|Microsoft.Hosting.Lifetime|Hosting environment: Development 
2023-11-01 00:38:39.4842|0|INFO|Microsoft.Hosting.Lifetime|Content root path: C:\AProject\DwellEase\DwellEase.WebAPI 
2023-11-01 00:38:39.4873|0|TRACE|Microsoft.AspNetCore.Http.Connections.Internal.HttpConnectionManager|Starting connection heartbeat. 
2023-11-01 00:38:39.4873|0|DEBUG|Microsoft.Extensions.Hosting.Internal.Host|Hosting started 
2023-11-01 00:38:39.5139|0|INFO|Microsoft.AspNetCore.Hosting.Diagnostics|Request starting HTTP/2 GET https://localhost:44300/ - - 
2023-11-01 00:38:39.5139|0|DEBUG|Microsoft.AspNetCore.HostFiltering.HostFilteringMiddleware|Wildcard detected, all requests with hosts will be allowed. 
2023-11-01 00:38:39.5139|0|TRACE|Microsoft.AspNetCore.HostFiltering.HostFilteringMiddleware|All hosts are allowed. 
2023-11-01 00:38:39.5139|0|DEBUG|Microsoft.AspNetCore.StaticFiles.StaticFileMiddleware|The request path / does not match a supported file type 
2023-11-01 00:38:39.5476|0|DEBUG|Microsoft.AspNetCore.Routing.Matching.DfaMatcher|1 candidate(s) found for the request path '/' 
2023-11-01 00:38:39.5476|0|DEBUG|Microsoft.AspNetCore.Routing.Matching.DfaMatcher|Endpoint 'Fallback {*path:nonfile}' with route pattern '{*path:nonfile}' is valid for the request path '/' 
2023-11-01 00:38:39.5476|0|DEBUG|Microsoft.AspNetCore.Routing.EndpointRoutingMiddleware|Request matched endpoint 'Fallback {*path:nonfile}' 
2023-11-01 00:38:39.5882|0|DEBUG|Microsoft.AspNetCore.Authentication.JwtBearer.JwtBearerHandler|AuthenticationScheme: Bearer was not authenticated. 
2023-11-01 00:38:39.5905|0|INFO|Microsoft.AspNetCore.Routing.EndpointMiddleware|Executing endpoint 'Fallback {*path:nonfile}' 
2023-11-01 00:38:39.5905|0|DEBUG|Microsoft.AspNetCore.StaticFiles.StaticFileMiddleware|The request path /index.html does not match an existing file 
2023-11-01 00:38:39.5905|0|INFO|Microsoft.AspNetCore.Routing.EndpointMiddleware|Executed endpoint 'Fallback {*path:nonfile}' 
2023-11-01 00:38:39.6117|0|DEBUG|Microsoft.AspNetCore.Server.IIS.Core.IISHttpServer|Connection ID "18230571309580943363" disconnecting. 
2023-11-01 00:38:39.6117|0|INFO|Microsoft.AspNetCore.Hosting.Diagnostics|Request finished HTTP/2 GET https://localhost:44300/ - - - 404 - - 105.8747ms 
2023-11-01 00:39:09.4372|0|ERROR|DwellEase.Service.Services.Implementations.RentalService|Apartmentpages are not found 
2023-11-01 00:39:39.4472|0|ERROR|DwellEase.Service.Services.Implementations.RentalService|Apartmentpages are not found 
2023-11-01 00:40:09.4532|0|ERROR|DwellEase.Service.Services.Implementations.RentalService|Apartmentpages are not found 
2023-11-01 00:40:39.4521|0|ERROR|DwellEase.Service.Services.Implementations.RentalService|Apartmentpages are not found 
2023-11-01 00:41:09.4655|0|ERROR|DwellEase.Service.Services.Implementations.RentalService|Apartmentpages are not found 
2023-11-01 00:41:39.4759|0|ERROR|DwellEase.Service.Services.Implementations.RentalService|Apartmentpages are not found 
2023-11-01 00:42:09.4782|0|ERROR|DwellEase.Service.Services.Implementations.RentalService|Apartmentpages are not found 
2023-11-01 00:42:39.4914|0|ERROR|DwellEase.Service.Services.Implementations.RentalService|Apartmentpages are not found 
2023-11-01 00:42:53.9116|0|INFO|Microsoft.AspNetCore.Hosting.Diagnostics|Request starting HTTP/1.1 GET https://localhost:44300/Account/GetUser - - 
2023-11-01 00:42:53.9116|0|TRACE|Microsoft.AspNetCore.HostFiltering.HostFilteringMiddleware|All hosts are allowed. 
2023-11-01 00:42:53.9116|0|DEBUG|Microsoft.AspNetCore.StaticFiles.StaticFileMiddleware|The request path /Account/GetUser does not match a supported file type 
2023-11-01 00:42:53.9116|0|DEBUG|Microsoft.AspNetCore.Routing.Matching.DfaMatcher|2 candidate(s) found for the request path '/Account/GetUser' 
2023-11-01 00:42:53.9116|0|DEBUG|Microsoft.AspNetCore.Routing.Matching.DfaMatcher|Endpoint 'DwellEase.WebAPI.Controllers.AccountsController.TestGetUserByToken (DwellEase.WebAPI)' with route pattern 'Account/GetUser' is valid for the request path '/Account/GetUser' 
2023-11-01 00:42:53.9172|0|DEBUG|Microsoft.AspNetCore.Routing.Matching.DfaMatcher|Endpoint 'Fallback {*path:nonfile}' with route pattern '{*path:nonfile}' is valid for the request path '/Account/GetUser' 
2023-11-01 00:42:53.9172|0|DEBUG|Microsoft.AspNetCore.Routing.EndpointRoutingMiddleware|Request matched endpoint 'DwellEase.WebAPI.Controllers.AccountsController.TestGetUserByToken (DwellEase.WebAPI)' 
2023-11-01 00:42:54.0824|0|INFO|Microsoft.AspNetCore.Authentication.JwtBearer.JwtBearerHandler|Failed to validate the token. Microsoft.IdentityModel.Tokens.SecurityTokenExpiredException: IDX10223: Lifetime validation failed. The token is expired. ValidTo (UTC): '31.10.2023 20:39:55', Current time (UTC): '31.10.2023 21:42:54'.
   at Microsoft.IdentityModel.Tokens.Validators.ValidateLifetime(Nullable`1 notBefore, Nullable`1 expires, SecurityToken securityToken, TokenValidationParameters validationParameters)
   at System.IdentityModel.Tokens.Jwt.JwtSecurityTokenHandler.ValidateLifetime(Nullable`1 notBefore, Nullable`1 expires, JwtSecurityToken jwtToken, TokenValidationParameters validationParameters)
   at System.IdentityModel.Tokens.Jwt.JwtSecurityTokenHandler.ValidateTokenPayload(JwtSecurityToken jwtToken, TokenValidationParameters validationParameters, BaseConfiguration configuration)
   at System.IdentityModel.Tokens.Jwt.JwtSecurityTokenHandler.ValidateJWS(String token, TokenValidationParameters validationParameters, BaseConfiguration currentConfiguration, SecurityToken& signatureValidatedToken, ExceptionDispatchInfo& exceptionThrown)
--- End of stack trace from previous location ---
   at System.IdentityModel.Tokens.Jwt.JwtSecurityTokenHandler.ValidateToken(String token, JwtSecurityToken outerToken, TokenValidationParameters validationParameters, SecurityToken& signatureValidatedToken)
   at System.IdentityModel.Tokens.Jwt.JwtSecurityTokenHandler.ValidateToken(String token, TokenValidationParameters validationParameters, SecurityToken& validatedToken)
   at Microsoft.AspNetCore.Authentication.JwtBearer.JwtBearerHandler.HandleAuthenticateAsync()
2023-11-01 00:42:54.1126|0|INFO|Microsoft.AspNetCore.Authentication.JwtBearer.JwtBearerHandler|Bearer was not authenticated. Failure message: IDX10223: Lifetime validation failed. The token is expired. ValidTo (UTC): '31.10.2023 20:39:55', Current time (UTC): '31.10.2023 21:42:54'. 
2023-11-01 00:42:54.1126|0|INFO|Microsoft.AspNetCore.Routing.EndpointMiddleware|Executing endpoint 'DwellEase.WebAPI.Controllers.AccountsController.TestGetUserByToken (DwellEase.WebAPI)' 
2023-11-01 00:42:54.1614|0|INFO|Microsoft.AspNetCore.Mvc.Infrastructure.ControllerActionInvoker|Route matched with {action = "TestGetUserByToken", controller = "Accounts", area = ""}. Executing controller action with signature System.Threading.Tasks.Task`1[Microsoft.AspNetCore.Mvc.IActionResult] TestGetUserByToken() on controller DwellEase.WebAPI.Controllers.AccountsController (DwellEase.WebAPI). 
2023-11-01 00:42:54.1614|0|DEBUG|Microsoft.AspNetCore.Mvc.Infrastructure.ControllerActionInvoker|Execution plan of authorization filters (in the following order): None 
2023-11-01 00:42:54.1614|0|DEBUG|Microsoft.AspNetCore.Mvc.Infrastructure.ControllerActionInvoker|Execution plan of resource filters (in the following order): None 
2023-11-01 00:42:54.1614|0|DEBUG|Microsoft.AspNetCore.Mvc.Infrastructure.ControllerActionInvoker|Execution plan of action filters (in the following order): Microsoft.AspNetCore.Mvc.ModelBinding.UnsupportedContentTypeFilter (Order: -3000), Microsoft.AspNetCore.Mvc.Infrastructure.ModelStateInvalidFilter (Order: -2000) 
2023-11-01 00:42:54.1614|0|DEBUG|Microsoft.AspNetCore.Mvc.Infrastructure.ControllerActionInvoker|Execution plan of exception filters (in the following order): None 
2023-11-01 00:42:54.1614|0|DEBUG|Microsoft.AspNetCore.Mvc.Infrastructure.ControllerActionInvoker|Execution plan of result filters (in the following order): Microsoft.AspNetCore.Mvc.Infrastructure.ClientErrorResultFilter (Order: -2000) 
2023-11-01 00:42:54.1691|0|DEBUG|Microsoft.AspNetCore.Mvc.Infrastructure.ControllerActionInvoker|Executing controller factory for controller DwellEase.WebAPI.Controllers.AccountsController (DwellEase.WebAPI) 
2023-11-01 00:42:54.1691|0|DEBUG|Microsoft.AspNetCore.Mvc.Infrastructure.ControllerActionInvoker|Executed controller factory for controller DwellEase.WebAPI.Controllers.AccountsController (DwellEase.WebAPI) 
2023-11-01 00:42:54.1691|0|TRACE|Microsoft.AspNetCore.Mvc.Infrastructure.ControllerActionInvoker|Action Filter: Before executing OnActionExecuting on filter Microsoft.AspNetCore.Mvc.ModelBinding.UnsupportedContentTypeFilter. 
2023-11-01 00:42:54.1691|0|TRACE|Microsoft.AspNetCore.Mvc.Infrastructure.ControllerActionInvoker|Action Filter: After executing OnActionExecuting on filter Microsoft.AspNetCore.Mvc.ModelBinding.UnsupportedContentTypeFilter. 
2023-11-01 00:42:54.1691|0|TRACE|Microsoft.AspNetCore.Mvc.Infrastructure.ControllerActionInvoker|Action Filter: Before executing OnActionExecuting on filter Microsoft.AspNetCore.Mvc.Infrastructure.ModelStateInvalidFilter. 
2023-11-01 00:42:54.1816|0|TRACE|Microsoft.AspNetCore.Mvc.Infrastructure.ControllerActionInvoker|Action Filter: After executing OnActionExecuting on filter Microsoft.AspNetCore.Mvc.Infrastructure.ModelStateInvalidFilter. 
2023-11-01 00:42:54.1816|0|INFO|Microsoft.AspNetCore.Mvc.Infrastructure.ControllerActionInvoker|Executing action method DwellEase.WebAPI.Controllers.AccountsController.TestGetUserByToken (DwellEase.WebAPI) - Validation state: Valid 
2023-11-01 00:42:54.2078|0|INFO|Microsoft.AspNetCore.Mvc.Infrastructure.ControllerActionInvoker|Executed action method DwellEase.WebAPI.Controllers.AccountsController.TestGetUserByToken (DwellEase.WebAPI), returned result Microsoft.AspNetCore.Mvc.OkObjectResult in 8.273ms. 
2023-11-01 00:42:54.2078|0|TRACE|Microsoft.AspNetCore.Mvc.Infrastructure.ControllerActionInvoker|Action Filter: Before executing OnActionExecuted on filter Microsoft.AspNetCore.Mvc.Infrastructure.ModelStateInvalidFilter. 
2023-11-01 00:42:54.2078|0|TRACE|Microsoft.AspNetCore.Mvc.Infrastructure.ControllerActionInvoker|Action Filter: After executing OnActionExecuted on filter Microsoft.AspNetCore.Mvc.Infrastructure.ModelStateInvalidFilter. 
2023-11-01 00:42:54.2078|0|TRACE|Microsoft.AspNetCore.Mvc.Infrastructure.ControllerActionInvoker|Action Filter: Before executing OnActionExecuted on filter Microsoft.AspNetCore.Mvc.ModelBinding.UnsupportedContentTypeFilter. 
2023-11-01 00:42:54.2078|0|TRACE|Microsoft.AspNetCore.Mvc.Infrastructure.ControllerActionInvoker|Action Filter: After executing OnActionExecuted on filter Microsoft.AspNetCore.Mvc.ModelBinding.UnsupportedContentTypeFilter. 
2023-11-01 00:42:54.2078|0|TRACE|Microsoft.AspNetCore.Mvc.Infrastructure.ControllerActionInvoker|Result Filter: Before executing OnResultExecuting on filter Microsoft.AspNetCore.Mvc.Infrastructure.ClientErrorResultFilter. 
2023-11-01 00:42:54.2078|0|TRACE|Microsoft.AspNetCore.Mvc.Infrastructure.ControllerActionInvoker|Result Filter: After executing OnResultExecuting on filter Microsoft.AspNetCore.Mvc.Infrastructure.ClientErrorResultFilter. 
2023-11-01 00:42:54.2164|0|TRACE|Microsoft.AspNetCore.Mvc.Infrastructure.ControllerActionInvoker|Before executing action result Microsoft.AspNetCore.Mvc.OkObjectResult. 
2023-11-01 00:42:54.2164|0|DEBUG|Microsoft.AspNetCore.Mvc.Infrastructure.DefaultOutputFormatterSelector|List of registered output formatters, in the following order: Microsoft.AspNetCore.Mvc.Formatters.HttpNoContentOutputFormatter, Microsoft.AspNetCore.Mvc.Formatters.StringOutputFormatter, Microsoft.AspNetCore.Mvc.Formatters.StreamOutputFormatter, Microsoft.AspNetCore.Mvc.Formatters.SystemTextJsonOutputFormatter 
2023-11-01 00:42:54.2164|0|DEBUG|Microsoft.AspNetCore.Mvc.Infrastructure.DefaultOutputFormatterSelector|No information found on request to perform content negotiation. 
2023-11-01 00:42:54.2164|0|DEBUG|Microsoft.AspNetCore.Mvc.Infrastructure.DefaultOutputFormatterSelector|Attempting to select an output formatter without using a content type as no explicit content types were specified for the response. 
2023-11-01 00:42:54.2164|0|DEBUG|Microsoft.AspNetCore.Mvc.Infrastructure.DefaultOutputFormatterSelector|Attempting to select the first formatter in the output formatters list which can write the result. 
2023-11-01 00:42:54.2164|0|DEBUG|Microsoft.AspNetCore.Mvc.Infrastructure.DefaultOutputFormatterSelector|Selected output formatter 'Microsoft.AspNetCore.Mvc.Formatters.StringOutputFormatter' and content type 'text/plain' to write the response. 
2023-11-01 00:42:54.2164|0|INFO|Microsoft.AspNetCore.Mvc.Infrastructure.ObjectResultExecutor|Executing OkObjectResult, writing value of type 'System.String'. 
2023-11-01 00:42:54.2706|0|TRACE|Microsoft.AspNetCore.Mvc.Infrastructure.ControllerActionInvoker|After executing action result Microsoft.AspNetCore.Mvc.OkObjectResult. 
2023-11-01 00:42:54.2706|0|TRACE|Microsoft.AspNetCore.Mvc.Infrastructure.ControllerActionInvoker|Result Filter: Before executing OnResultExecuted on filter Microsoft.AspNetCore.Mvc.Infrastructure.ClientErrorResultFilter. 
2023-11-01 00:42:54.2706|0|TRACE|Microsoft.AspNetCore.Mvc.Infrastructure.ControllerActionInvoker|Result Filter: After executing OnResultExecuted on filter Microsoft.AspNetCore.Mvc.Infrastructure.ClientErrorResultFilter. 
2023-11-01 00:42:54.2841|0|INFO|Microsoft.AspNetCore.Mvc.Infrastructure.ControllerActionInvoker|Executed action DwellEase.WebAPI.Controllers.AccountsController.TestGetUserByToken (DwellEase.WebAPI) in 107.037ms 
2023-11-01 00:42:54.2841|0|INFO|Microsoft.AspNetCore.Routing.EndpointMiddleware|Executed endpoint 'DwellEase.WebAPI.Controllers.AccountsController.TestGetUserByToken (DwellEase.WebAPI)' 
2023-11-01 00:42:54.2841|0|INFO|Microsoft.AspNetCore.Hosting.Diagnostics|Request finished HTTP/1.1 GET https://localhost:44300/Account/GetUser - - - 200 - text/plain;+charset=utf-8 380.3388ms 
2023-11-01 00:43:09.4985|0|ERROR|DwellEase.Service.Services.Implementations.RentalService|Apartmentpages are not found 
2023-11-01 00:43:39.5109|0|ERROR|DwellEase.Service.Services.Implementations.RentalService|Apartmentpages are not found 
2023-11-01 00:44:09.5227|0|ERROR|DwellEase.Service.Services.Implementations.RentalService|Apartmentpages are not found 
2023-11-01 00:44:39.5356|0|ERROR|DwellEase.Service.Services.Implementations.RentalService|Apartmentpages are not found 
2023-11-01 00:45:09.5442|0|ERROR|DwellEase.Service.Services.Implementations.RentalService|Apartmentpages are not found 
2023-11-01 00:45:39.5605|0|ERROR|DwellEase.Service.Services.Implementations.RentalService|Apartmentpages are not found 
2023-11-01 00:46:09.5654|0|ERROR|DwellEase.Service.Services.Implementations.RentalService|Apartmentpages are not found 
2023-11-01 00:46:39.5768|0|ERROR|DwellEase.Service.Services.Implementations.RentalService|Apartmentpages are not found 
2023-11-01 00:46:56.6319|0|INFO|Microsoft.AspNetCore.Hosting.Diagnostics|Request starting HTTP/1.1 POST https://localhost:44300/Creator/ApartmentPage/CreateApartmentPage application/json 377 
2023-11-01 00:46:56.6319|0|TRACE|Microsoft.AspNetCore.HostFiltering.HostFilteringMiddleware|All hosts are allowed. 
2023-11-01 00:46:56.6319|0|DEBUG|Microsoft.AspNetCore.StaticFiles.StaticFileMiddleware|POST requests are not supported 
2023-11-01 00:46:56.6319|0|DEBUG|Microsoft.AspNetCore.Routing.Matching.DfaMatcher|1 candidate(s) found for the request path '/Creator/ApartmentPage/CreateApartmentPage' 
2023-11-01 00:46:56.6319|0|DEBUG|Microsoft.AspNetCore.Routing.EndpointRoutingMiddleware|Request matched endpoint '405 HTTP Method Not Supported' 
2023-11-01 00:46:56.6428|0|INFO|Microsoft.AspNetCore.Authentication.JwtBearer.JwtBearerHandler|Failed to validate the token. Microsoft.IdentityModel.Tokens.SecurityTokenExpiredException: IDX10223: Lifetime validation failed. The token is expired. ValidTo (UTC): '31.10.2023 20:07:00', Current time (UTC): '31.10.2023 21:46:56'.
   at Microsoft.IdentityModel.Tokens.Validators.ValidateLifetime(Nullable`1 notBefore, Nullable`1 expires, SecurityToken securityToken, TokenValidationParameters validationParameters)
   at System.IdentityModel.Tokens.Jwt.JwtSecurityTokenHandler.ValidateLifetime(Nullable`1 notBefore, Nullable`1 expires, JwtSecurityToken jwtToken, TokenValidationParameters validationParameters)
   at System.IdentityModel.Tokens.Jwt.JwtSecurityTokenHandler.ValidateTokenPayload(JwtSecurityToken jwtToken, TokenValidationParameters validationParameters, BaseConfiguration configuration)
   at System.IdentityModel.Tokens.Jwt.JwtSecurityTokenHandler.ValidateJWS(String token, TokenValidationParameters validationParameters, BaseConfiguration currentConfiguration, SecurityToken& signatureValidatedToken, ExceptionDispatchInfo& exceptionThrown)
--- End of stack trace from previous location ---
   at System.IdentityModel.Tokens.Jwt.JwtSecurityTokenHandler.ValidateToken(String token, JwtSecurityToken outerToken, TokenValidationParameters validationParameters, SecurityToken& signatureValidatedToken)
   at System.IdentityModel.Tokens.Jwt.JwtSecurityTokenHandler.ValidateToken(String token, TokenValidationParameters validationParameters, SecurityToken& validatedToken)
   at Microsoft.AspNetCore.Authentication.JwtBearer.JwtBearerHandler.HandleAuthenticateAsync()
2023-11-01 00:46:56.6428|0|INFO|Microsoft.AspNetCore.Authentication.JwtBearer.JwtBearerHandler|Bearer was not authenticated. Failure message: IDX10223: Lifetime validation failed. The token is expired. ValidTo (UTC): '31.10.2023 20:07:00', Current time (UTC): '31.10.2023 21:46:56'. 
2023-11-01 00:46:56.6428|0|INFO|Microsoft.AspNetCore.Routing.EndpointMiddleware|Executing endpoint '405 HTTP Method Not Supported' 
2023-11-01 00:46:56.6428|0|INFO|Microsoft.AspNetCore.Routing.EndpointMiddleware|Executed endpoint '405 HTTP Method Not Supported' 
2023-11-01 00:46:56.6428|0|INFO|Microsoft.AspNetCore.Hosting.Diagnostics|Request finished HTTP/1.1 POST https://localhost:44300/Creator/ApartmentPage/CreateApartmentPage application/json 377 - 405 - - 13.5219ms 
2023-11-01 00:47:09.5810|0|ERROR|DwellEase.Service.Services.Implementations.RentalService|Apartmentpages are not found 
2023-11-01 00:47:39.5936|0|ERROR|DwellEase.Service.Services.Implementations.RentalService|Apartmentpages are not found 
2023-11-01 00:48:09.6028|0|ERROR|DwellEase.Service.Services.Implementations.RentalService|Apartmentpages are not found 
2023-11-01 00:48:14.8427|0|INFO|Microsoft.Hosting.Lifetime|Application is shutting down... 
2023-11-01 00:48:14.8427|0|TRACE|Microsoft.AspNetCore.Http.Connections.Internal.HttpConnectionManager|Ending connection heartbeat. 
2023-11-01 00:48:14.8427|0|DEBUG|Microsoft.Extensions.Hosting.Internal.Host|Hosting stopping 
2023-11-01 00:48:14.8427|0|ERROR|DwellEase.WebAPI.BackgroundTasks.RentalExpirationWorker|An error occurred during rental expiration check. System.Threading.Tasks.TaskCanceledException: A task was canceled.
   at DwellEase.WebAPI.BackgroundTasks.RentalExpirationWorker.ExecuteAsync(CancellationToken stoppingToken) in C:\AProject\DwellEase\DwellEase.WebAPI\BackgroundTasks\RentalExpirationWorker.cs:line 43
2023-11-01 00:48:14.8650|0|DEBUG|Microsoft.Extensions.Hosting.Internal.Host|Hosting stopped 
2023-11-01 00:48:22.8078|0|DEBUG|Microsoft.AspNetCore.Mvc.ModelBinding.ModelBinderFactory|Registered model binder providers, in the following order: Microsoft.AspNetCore.Mvc.ModelBinding.Binders.BinderTypeModelBinderProvider, Microsoft.AspNetCore.Mvc.ModelBinding.Binders.ServicesModelBinderProvider, Microsoft.AspNetCore.Mvc.ModelBinding.Binders.BodyModelBinderProvider, Microsoft.AspNetCore.Mvc.ModelBinding.Binders.HeaderModelBinderProvider, Microsoft.AspNetCore.Mvc.ModelBinding.Binders.FloatingPointTypeModelBinderProvider, Microsoft.AspNetCore.Mvc.ModelBinding.Binders.EnumTypeModelBinderProvider, Microsoft.AspNetCore.Mvc.ModelBinding.Binders.DateTimeModelBinderProvider, Microsoft.AspNetCore.Mvc.ModelBinding.Binders.SimpleTypeModelBinderProvider, Microsoft.AspNetCore.Mvc.ModelBinding.Binders.TryParseModelBinderProvider, Microsoft.AspNetCore.Mvc.ModelBinding.Binders.CancellationTokenModelBinderProvider, Microsoft.AspNetCore.Mvc.ModelBinding.Binders.ByteArrayModelBinderProvider, Microsoft.AspNetCore.Mvc.ModelBinding.Binders.FormFileModelBinderProvider, Microsoft.AspNetCore.Mvc.ModelBinding.Binders.FormCollectionModelBinderProvider, Microsoft.AspNetCore.Mvc.ModelBinding.Binders.KeyValuePairModelBinderProvider, Microsoft.AspNetCore.Mvc.ModelBinding.Binders.DictionaryModelBinderProvider, Microsoft.AspNetCore.Mvc.ModelBinding.Binders.ArrayModelBinderProvider, Microsoft.AspNetCore.Mvc.ModelBinding.Binders.CollectionModelBinderProvider, Microsoft.AspNetCore.Mvc.ModelBinding.Binders.ComplexObjectModelBinderProvider 
2023-11-01 00:48:22.8939|0|DEBUG|Microsoft.AspNetCore.SignalR.Internal.DefaultHubProtocolResolver|Registered SignalR Protocol: json, implemented by Microsoft.AspNetCore.SignalR.Protocol.JsonHubProtocol. 
2023-11-01 00:48:22.9151|0|TRACE|Microsoft.AspNetCore.SignalR.Internal.DefaultHubDispatcher|'RentalHub' hub method 'SendRemainingTimeUpdate' is bound. 
2023-11-01 00:48:22.9219|0|ERROR|Program|Program initial 
2023-11-01 00:48:22.9219|0|DEBUG|Microsoft.Extensions.Hosting.Internal.Host|Hosting starting 
2023-11-01 00:48:22.9444|0|INFO|Microsoft.AspNetCore.DataProtection.KeyManagement.XmlKeyManager|User profile is available. Using 'C:\Users\Алексей\AppData\Local\ASP.NET\DataProtection-Keys' as key repository and Windows DPAPI to encrypt keys at rest. 
2023-11-01 00:48:22.9794|0|DEBUG|Microsoft.AspNetCore.DataProtection.Repositories.FileSystemXmlRepository|Reading data from file 'C:\Users\Алексей\AppData\Local\ASP.NET\DataProtection-Keys\key-201f091d-1492-40cf-8448-2970d8f8302a.xml'. 
2023-11-01 00:48:22.9794|0|ERROR|DwellEase.Service.Services.Implementations.RentalService|Apartmentpages are not found 
2023-11-01 00:48:22.9794|0|DEBUG|Microsoft.AspNetCore.DataProtection.Repositories.FileSystemXmlRepository|Reading data from file 'C:\Users\Алексей\AppData\Local\ASP.NET\DataProtection-Keys\key-36f42311-3483-4917-8846-1f1bdd7768ee.xml'. 
2023-11-01 00:48:22.9794|0|DEBUG|Microsoft.AspNetCore.DataProtection.Repositories.FileSystemXmlRepository|Reading data from file 'C:\Users\Алексей\AppData\Local\ASP.NET\DataProtection-Keys\key-8c2d20ac-a7d5-4fe4-b7a0-731f36d4f54e.xml'. 
2023-11-01 00:48:22.9794|0|DEBUG|Microsoft.AspNetCore.DataProtection.Repositories.FileSystemXmlRepository|Reading data from file 'C:\Users\Алексей\AppData\Local\ASP.NET\DataProtection-Keys\key-fe0fd9ec-cbd2-45ba-94c2-4c4db8302271.xml'. 
2023-11-01 00:48:22.9794|0|DEBUG|Microsoft.AspNetCore.DataProtection.KeyManagement.XmlKeyManager|Found key {201f091d-1492-40cf-8448-2970d8f8302a}. 
2023-11-01 00:48:22.9794|0|DEBUG|Microsoft.AspNetCore.DataProtection.KeyManagement.XmlKeyManager|Found key {36f42311-3483-4917-8846-1f1bdd7768ee}. 
2023-11-01 00:48:22.9794|0|DEBUG|Microsoft.AspNetCore.DataProtection.KeyManagement.XmlKeyManager|Found key {8c2d20ac-a7d5-4fe4-b7a0-731f36d4f54e}. 
2023-11-01 00:48:22.9794|0|DEBUG|Microsoft.AspNetCore.DataProtection.KeyManagement.XmlKeyManager|Found key {fe0fd9ec-cbd2-45ba-94c2-4c4db8302271}. 
2023-11-01 00:48:22.9794|0|DEBUG|Microsoft.AspNetCore.DataProtection.KeyManagement.DefaultKeyResolver|Considering key {36f42311-3483-4917-8846-1f1bdd7768ee} with expiration date 2023-12-30 19:24:09Z as default key. 
2023-11-01 00:48:22.9959|0|DEBUG|Microsoft.AspNetCore.DataProtection.TypeForwardingActivator|Forwarded activator type request from Microsoft.AspNetCore.DataProtection.XmlEncryption.DpapiXmlDecryptor, Microsoft.AspNetCore.DataProtection, Version=7.0.0.0, Culture=neutral, PublicKeyToken=adb9793829ddae60 to Microsoft.AspNetCore.DataProtection.XmlEncryption.DpapiXmlDecryptor, Microsoft.AspNetCore.DataProtection, Culture=neutral, PublicKeyToken=adb9793829ddae60 
2023-11-01 00:48:22.9959|0|DEBUG|Microsoft.AspNetCore.DataProtection.XmlEncryption.DpapiXmlDecryptor|Decrypting secret element using Windows DPAPI. 
2023-11-01 00:48:22.9959|0|DEBUG|Microsoft.AspNetCore.DataProtection.TypeForwardingActivator|Forwarded activator type request from Microsoft.AspNetCore.DataProtection.AuthenticatedEncryption.ConfigurationModel.AuthenticatedEncryptorDescriptorDeserializer, Microsoft.AspNetCore.DataProtection, Version=7.0.0.0, Culture=neutral, PublicKeyToken=adb9793829ddae60 to Microsoft.AspNetCore.DataProtection.AuthenticatedEncryption.ConfigurationModel.AuthenticatedEncryptorDescriptorDeserializer, Microsoft.AspNetCore.DataProtection, Culture=neutral, PublicKeyToken=adb9793829ddae60 
2023-11-01 00:48:22.9959|0|DEBUG|Microsoft.AspNetCore.DataProtection.AuthenticatedEncryption.CngCbcAuthenticatedEncryptorFactory|Opening CNG algorithm 'AES' from provider '(null)' with chaining mode CBC. 
2023-11-01 00:48:22.9959|0|DEBUG|Microsoft.AspNetCore.DataProtection.AuthenticatedEncryption.CngCbcAuthenticatedEncryptorFactory|Opening CNG algorithm 'SHA256' from provider '(null)' with HMAC. 
2023-11-01 00:48:22.9959|0|DEBUG|Microsoft.AspNetCore.DataProtection.KeyManagement.KeyRingProvider|Using key {36f42311-3483-4917-8846-1f1bdd7768ee} as the default key. 
2023-11-01 00:48:22.9959|0|DEBUG|Microsoft.AspNetCore.DataProtection.Internal.DataProtectionHostedService|Key ring with default key {36f42311-3483-4917-8846-1f1bdd7768ee} was loaded during application startup. 
2023-11-01 00:48:23.0186|0|DEBUG|Microsoft.AspNetCore.Hosting.Diagnostics|Loaded hosting startup assembly DwellEase.WebAPI 
2023-11-01 00:48:23.0186|0|INFO|Microsoft.Hosting.Lifetime|Application started. Press Ctrl+C to shut down. 
2023-11-01 00:48:23.0186|0|INFO|Microsoft.Hosting.Lifetime|Hosting environment: Development 
2023-11-01 00:48:23.0186|0|INFO|Microsoft.Hosting.Lifetime|Content root path: C:\AProject\DwellEase\DwellEase.WebAPI 
2023-11-01 00:48:23.0186|0|TRACE|Microsoft.AspNetCore.Http.Connections.Internal.HttpConnectionManager|Starting connection heartbeat. 
2023-11-01 00:48:23.0186|0|DEBUG|Microsoft.Extensions.Hosting.Internal.Host|Hosting started 
2023-11-01 00:48:23.0401|0|INFO|Microsoft.AspNetCore.Hosting.Diagnostics|Request starting HTTP/2 GET https://localhost:44300/ - - 
2023-11-01 00:48:23.0401|0|DEBUG|Microsoft.AspNetCore.HostFiltering.HostFilteringMiddleware|Wildcard detected, all requests with hosts will be allowed. 
2023-11-01 00:48:23.0401|0|TRACE|Microsoft.AspNetCore.HostFiltering.HostFilteringMiddleware|All hosts are allowed. 
2023-11-01 00:48:23.0401|0|DEBUG|Microsoft.AspNetCore.StaticFiles.StaticFileMiddleware|The request path / does not match a supported file type 
2023-11-01 00:48:23.0633|0|DEBUG|Microsoft.AspNetCore.Routing.Matching.DfaMatcher|1 candidate(s) found for the request path '/' 
2023-11-01 00:48:23.0633|0|DEBUG|Microsoft.AspNetCore.Routing.Matching.DfaMatcher|Endpoint 'Fallback {*path:nonfile}' with route pattern '{*path:nonfile}' is valid for the request path '/' 
2023-11-01 00:48:23.0633|0|DEBUG|Microsoft.AspNetCore.Routing.EndpointRoutingMiddleware|Request matched endpoint 'Fallback {*path:nonfile}' 
2023-11-01 00:48:23.0949|0|DEBUG|Microsoft.AspNetCore.Authentication.JwtBearer.JwtBearerHandler|AuthenticationScheme: Bearer was not authenticated. 
2023-11-01 00:48:23.0949|0|INFO|Microsoft.AspNetCore.Routing.EndpointMiddleware|Executing endpoint 'Fallback {*path:nonfile}' 
2023-11-01 00:48:23.0949|0|DEBUG|Microsoft.AspNetCore.StaticFiles.StaticFileMiddleware|The request path /index.html does not match an existing file 
2023-11-01 00:48:23.0949|0|INFO|Microsoft.AspNetCore.Routing.EndpointMiddleware|Executed endpoint 'Fallback {*path:nonfile}' 
2023-11-01 00:48:23.1126|0|DEBUG|Microsoft.AspNetCore.Server.IIS.Core.IISHttpServer|Connection ID "18374686493361831984" disconnecting. 
2023-11-01 00:48:23.1126|0|INFO|Microsoft.AspNetCore.Hosting.Diagnostics|Request finished HTTP/2 GET https://localhost:44300/ - - - 404 - - 75.5016ms 
2023-11-01 00:48:52.9972|0|ERROR|DwellEase.Service.Services.Implementations.RentalService|Apartmentpages are not found 
2023-11-01 00:49:23.0072|0|ERROR|DwellEase.Service.Services.Implementations.RentalService|Apartmentpages are not found 
2023-11-01 00:49:50.5625|0|INFO|Microsoft.AspNetCore.Hosting.Diagnostics|Request starting HTTP/2 POST https://localhost:44300/Creator/ApartmentPage/CreateApartmentPage multipart/form-data;+boundary=----WebKitFormBoundarygXpy2apY1u9Y2dvp 315524 
2023-11-01 00:49:50.5625|0|TRACE|Microsoft.AspNetCore.HostFiltering.HostFilteringMiddleware|All hosts are allowed. 
2023-11-01 00:49:50.5625|0|DEBUG|Microsoft.AspNetCore.StaticFiles.StaticFileMiddleware|POST requests are not supported 
2023-11-01 00:49:50.5625|0|DEBUG|Microsoft.AspNetCore.Cors.Infrastructure.CorsService|The request has an origin header: 'https://localhost:44315'. 
2023-11-01 00:49:50.5625|0|INFO|Microsoft.AspNetCore.Cors.Infrastructure.CorsService|CORS policy execution successful. 
2023-11-01 00:49:50.5733|0|DEBUG|Microsoft.AspNetCore.Routing.Matching.DfaMatcher|1 candidate(s) found for the request path '/Creator/ApartmentPage/CreateApartmentPage' 
2023-11-01 00:49:50.5733|0|DEBUG|Microsoft.AspNetCore.Routing.EndpointRoutingMiddleware|Request matched endpoint '405 HTTP Method Not Supported' 
2023-11-01 00:49:50.5733|0|DEBUG|Microsoft.AspNetCore.Authentication.JwtBearer.JwtBearerHandler|AuthenticationScheme: Bearer was not authenticated. 
2023-11-01 00:49:50.5733|0|INFO|Microsoft.AspNetCore.Routing.EndpointMiddleware|Executing endpoint '405 HTTP Method Not Supported' 
2023-11-01 00:49:50.5733|0|INFO|Microsoft.AspNetCore.Routing.EndpointMiddleware|Executed endpoint '405 HTTP Method Not Supported' 
2023-11-01 00:49:50.5733|0|DEBUG|Microsoft.AspNetCore.Server.IIS.Core.IISHttpServer|Connection ID "18374686489066864681" disconnecting. 
2023-11-01 00:49:50.5733|0|INFO|Microsoft.AspNetCore.Hosting.Diagnostics|Request finished HTTP/2 POST https://localhost:44300/Creator/ApartmentPage/CreateApartmentPage multipart/form-data;+boundary=----WebKitFormBoundarygXpy2apY1u9Y2dvp 315524 - 405 - - 25.5725ms 
2023-11-01 00:49:53.0257|0|ERROR|DwellEase.Service.Services.Implementations.RentalService|Apartmentpages are not found 
2023-11-01 00:50:23.0314|0|ERROR|DwellEase.Service.Services.Implementations.RentalService|Apartmentpages are not found 
2023-11-01 00:50:53.0355|0|ERROR|DwellEase.Service.Services.Implementations.RentalService|Apartmentpages are not found 
2023-11-01 00:51:23.0447|0|ERROR|DwellEase.Service.Services.Implementations.RentalService|Apartmentpages are not found 
2023-11-01 00:51:53.0462|0|ERROR|DwellEase.Service.Services.Implementations.RentalService|Apartmentpages are not found 
2023-11-01 00:52:23.0610|0|ERROR|DwellEase.Service.Services.Implementations.RentalService|Apartmentpages are not found 
2023-11-01 00:52:46.9279|0|INFO|Microsoft.AspNetCore.Hosting.Diagnostics|Request starting HTTP/2 POST https://localhost:44300/Creator/ApartmentPage/CreateApartmentPage multipart/form-data;+boundary=----WebKitFormBoundary5xtBYtRR5Ulq4EQD 315524 
2023-11-01 00:52:46.9279|0|TRACE|Microsoft.AspNetCore.HostFiltering.HostFilteringMiddleware|All hosts are allowed. 
2023-11-01 00:52:46.9279|0|DEBUG|Microsoft.AspNetCore.StaticFiles.StaticFileMiddleware|POST requests are not supported 
2023-11-01 00:52:46.9279|0|DEBUG|Microsoft.AspNetCore.Cors.Infrastructure.CorsService|The request has an origin header: 'https://localhost:44315'. 
2023-11-01 00:52:46.9279|0|INFO|Microsoft.AspNetCore.Cors.Infrastructure.CorsService|CORS policy execution successful. 
2023-11-01 00:52:46.9350|0|DEBUG|Microsoft.AspNetCore.Routing.Matching.DfaMatcher|1 candidate(s) found for the request path '/Creator/ApartmentPage/CreateApartmentPage' 
2023-11-01 00:52:46.9350|0|DEBUG|Microsoft.AspNetCore.Routing.EndpointRoutingMiddleware|Request matched endpoint '405 HTTP Method Not Supported' 
2023-11-01 00:52:46.9350|0|DEBUG|Microsoft.AspNetCore.Authentication.JwtBearer.JwtBearerHandler|AuthenticationScheme: Bearer was not authenticated. 
2023-11-01 00:52:46.9350|0|INFO|Microsoft.AspNetCore.Routing.EndpointMiddleware|Executing endpoint '405 HTTP Method Not Supported' 
2023-11-01 00:52:46.9350|0|INFO|Microsoft.AspNetCore.Routing.EndpointMiddleware|Executed endpoint '405 HTTP Method Not Supported' 
2023-11-01 00:52:46.9350|0|INFO|Microsoft.AspNetCore.Hosting.Diagnostics|Request finished HTTP/2 POST https://localhost:44300/Creator/ApartmentPage/CreateApartmentPage multipart/form-data;+boundary=----WebKitFormBoundary5xtBYtRR5Ulq4EQD 315524 - 405 - - 14.9136ms 
2023-11-01 00:52:53.0706|0|ERROR|DwellEase.Service.Services.Implementations.RentalService|Apartmentpages are not found 
2023-11-01 00:53:23.0866|0|ERROR|DwellEase.Service.Services.Implementations.RentalService|Apartmentpages are not found 
2023-11-01 00:53:53.0935|0|ERROR|DwellEase.Service.Services.Implementations.RentalService|Apartmentpages are not found 
2023-11-01 00:54:23.1088|0|ERROR|DwellEase.Service.Services.Implementations.RentalService|Apartmentpages are not found 
2023-11-01 00:54:53.1153|0|ERROR|DwellEase.Service.Services.Implementations.RentalService|Apartmentpages are not found 
2023-11-01 00:55:23.1168|0|ERROR|DwellEase.Service.Services.Implementations.RentalService|Apartmentpages are not found 
2023-11-01 00:55:53.1262|0|ERROR|DwellEase.Service.Services.Implementations.RentalService|Apartmentpages are not found 
2023-11-01 00:56:23.1289|0|ERROR|DwellEase.Service.Services.Implementations.RentalService|Apartmentpages are not found 
2023-11-01 00:56:53.1401|0|ERROR|DwellEase.Service.Services.Implementations.RentalService|Apartmentpages are not found 
2023-11-01 00:57:23.1566|0|ERROR|DwellEase.Service.Services.Implementations.RentalService|Apartmentpages are not found 
2023-11-01 00:57:53.1589|0|ERROR|DwellEase.Service.Services.Implementations.RentalService|Apartmentpages are not found 
2023-11-01 00:58:23.1721|0|ERROR|DwellEase.Service.Services.Implementations.RentalService|Apartmentpages are not found 
2023-11-01 00:58:42.7262|0|INFO|Microsoft.AspNetCore.Hosting.Diagnostics|Request starting HTTP/2 OPTIONS https://localhost:44300/Creator/ApartmentPage/CreateApartmentPage - - 
2023-11-01 00:58:42.7262|0|TRACE|Microsoft.AspNetCore.HostFiltering.HostFilteringMiddleware|All hosts are allowed. 
2023-11-01 00:58:42.7262|0|DEBUG|Microsoft.AspNetCore.StaticFiles.StaticFileMiddleware|OPTIONS requests are not supported 
2023-11-01 00:58:42.7262|0|DEBUG|Microsoft.AspNetCore.Cors.Infrastructure.CorsService|The request has an origin header: 'https://localhost:44315'. 
2023-11-01 00:58:42.7262|0|INFO|Microsoft.AspNetCore.Cors.Infrastructure.CorsService|CORS policy execution successful. 
2023-11-01 00:58:42.7314|0|DEBUG|Microsoft.AspNetCore.Cors.Infrastructure.CorsService|The request is a preflight request. 
2023-11-01 00:58:42.7314|0|INFO|Microsoft.AspNetCore.Hosting.Diagnostics|Request finished HTTP/2 OPTIONS https://localhost:44300/Creator/ApartmentPage/CreateApartmentPage - - - 204 - - 8.0933ms 
2023-11-01 00:58:42.7314|0|DEBUG|Microsoft.AspNetCore.Server.IIS.Core.IISHttpServer|Connection ID "18230571296696041511" disconnecting. 
2023-11-01 00:58:42.7314|0|INFO|Microsoft.AspNetCore.Hosting.Diagnostics|Request starting HTTP/2 POST https://localhost:44300/Creator/ApartmentPage/CreateApartmentPage multipart/form-data;+boundary=----WebKitFormBoundaryjg4NOQ3NQh7RpaGs 492952 
2023-11-01 00:58:42.7314|0|TRACE|Microsoft.AspNetCore.HostFiltering.HostFilteringMiddleware|All hosts are allowed. 
2023-11-01 00:58:42.7314|0|DEBUG|Microsoft.AspNetCore.StaticFiles.StaticFileMiddleware|POST requests are not supported 
2023-11-01 00:58:42.7314|0|DEBUG|Microsoft.AspNetCore.Cors.Infrastructure.CorsService|The request has an origin header: 'https://localhost:44315'. 
2023-11-01 00:58:42.7314|0|INFO|Microsoft.AspNetCore.Cors.Infrastructure.CorsService|CORS policy execution successful. 
2023-11-01 00:58:42.7314|0|DEBUG|Microsoft.AspNetCore.Routing.Matching.DfaMatcher|1 candidate(s) found for the request path '/Creator/ApartmentPage/CreateApartmentPage' 
2023-11-01 00:58:42.7314|0|DEBUG|Microsoft.AspNetCore.Routing.EndpointRoutingMiddleware|Request matched endpoint '405 HTTP Method Not Supported' 
2023-11-01 00:58:42.8947|0|INFO|Microsoft.AspNetCore.Authentication.JwtBearer.JwtBearerHandler|Failed to validate the token. Microsoft.IdentityModel.Tokens.SecurityTokenExpiredException: IDX10223: Lifetime validation failed. The token is expired. ValidTo (UTC): '31.10.2023 20:39:55', Current time (UTC): '31.10.2023 21:58:42'.
   at Microsoft.IdentityModel.Tokens.Validators.ValidateLifetime(Nullable`1 notBefore, Nullable`1 expires, SecurityToken securityToken, TokenValidationParameters validationParameters)
   at System.IdentityModel.Tokens.Jwt.JwtSecurityTokenHandler.ValidateLifetime(Nullable`1 notBefore, Nullable`1 expires, JwtSecurityToken jwtToken, TokenValidationParameters validationParameters)
   at System.IdentityModel.Tokens.Jwt.JwtSecurityTokenHandler.ValidateTokenPayload(JwtSecurityToken jwtToken, TokenValidationParameters validationParameters, BaseConfiguration configuration)
   at System.IdentityModel.Tokens.Jwt.JwtSecurityTokenHandler.ValidateJWS(String token, TokenValidationParameters validationParameters, BaseConfiguration currentConfiguration, SecurityToken& signatureValidatedToken, ExceptionDispatchInfo& exceptionThrown)
--- End of stack trace from previous location ---
   at System.IdentityModel.Tokens.Jwt.JwtSecurityTokenHandler.ValidateToken(String token, JwtSecurityToken outerToken, TokenValidationParameters validationParameters, SecurityToken& signatureValidatedToken)
   at System.IdentityModel.Tokens.Jwt.JwtSecurityTokenHandler.ValidateToken(String token, TokenValidationParameters validationParameters, SecurityToken& validatedToken)
   at Microsoft.AspNetCore.Authentication.JwtBearer.JwtBearerHandler.HandleAuthenticateAsync()
2023-11-01 00:58:42.9260|0|INFO|Microsoft.AspNetCore.Authentication.JwtBearer.JwtBearerHandler|Bearer was not authenticated. Failure message: IDX10223: Lifetime validation failed. The token is expired. ValidTo (UTC): '31.10.2023 20:39:55', Current time (UTC): '31.10.2023 21:58:42'. 
2023-11-01 00:58:42.9260|0|INFO|Microsoft.AspNetCore.Routing.EndpointMiddleware|Executing endpoint '405 HTTP Method Not Supported' 
2023-11-01 00:58:42.9260|0|INFO|Microsoft.AspNetCore.Routing.EndpointMiddleware|Executed endpoint '405 HTTP Method Not Supported' 
2023-11-01 00:58:42.9260|0|INFO|Microsoft.AspNetCore.Hosting.Diagnostics|Request finished HTTP/2 POST https://localhost:44300/Creator/ApartmentPage/CreateApartmentPage multipart/form-data;+boundary=----WebKitFormBoundaryjg4NOQ3NQh7RpaGs 492952 - 405 - - 189.2591ms 
2023-11-01 00:58:53.1873|0|ERROR|DwellEase.Service.Services.Implementations.RentalService|Apartmentpages are not found 
2023-11-01 00:59:23.1992|0|ERROR|DwellEase.Service.Services.Implementations.RentalService|Apartmentpages are not found 
2023-11-01 00:59:53.2091|0|ERROR|DwellEase.Service.Services.Implementations.RentalService|Apartmentpages are not found 
2023-11-01 00:59:59.8577|0|INFO|Microsoft.AspNetCore.Hosting.Diagnostics|Request starting HTTP/1.1 POST https://localhost:44300/Account/Login application/json 54 
2023-11-01 00:59:59.8577|0|TRACE|Microsoft.AspNetCore.HostFiltering.HostFilteringMiddleware|All hosts are allowed. 
2023-11-01 00:59:59.8577|0|DEBUG|Microsoft.AspNetCore.StaticFiles.StaticFileMiddleware|POST requests are not supported 
2023-11-01 00:59:59.8577|0|DEBUG|Microsoft.AspNetCore.Routing.Matching.DfaMatcher|1 candidate(s) found for the request path '/Account/Login' 
2023-11-01 00:59:59.8577|0|DEBUG|Microsoft.AspNetCore.Routing.Matching.DfaMatcher|Endpoint 'DwellEase.WebAPI.Controllers.AccountsController.Authenticate (DwellEase.WebAPI)' with route pattern 'Account/Login' is valid for the request path '/Account/Login' 
2023-11-01 00:59:59.8577|0|DEBUG|Microsoft.AspNetCore.Routing.EndpointRoutingMiddleware|Request matched endpoint 'DwellEase.WebAPI.Controllers.AccountsController.Authenticate (DwellEase.WebAPI)' 
2023-11-01 00:59:59.8577|0|DEBUG|Microsoft.AspNetCore.Authentication.JwtBearer.JwtBearerHandler|AuthenticationScheme: Bearer was not authenticated. 
2023-11-01 00:59:59.8577|0|INFO|Microsoft.AspNetCore.Routing.EndpointMiddleware|Executing endpoint 'DwellEase.WebAPI.Controllers.AccountsController.Authenticate (DwellEase.WebAPI)' 
2023-11-01 00:59:59.9212|0|INFO|Microsoft.AspNetCore.Mvc.Infrastructure.ControllerActionInvoker|Route matched with {action = "Authenticate", controller = "Accounts", area = ""}. Executing controller action with signature System.Threading.Tasks.Task`1[Microsoft.AspNetCore.Mvc.ActionResult`1[DwellEase.Domain.Models.Identity.AuthResponse]] Authenticate(DwellEase.Domain.Models.Identity.AuthRequest) on controller DwellEase.WebAPI.Controllers.AccountsController (DwellEase.WebAPI). 
2023-11-01 00:59:59.9212|0|DEBUG|Microsoft.AspNetCore.Mvc.Infrastructure.ControllerActionInvoker|Execution plan of authorization filters (in the following order): None 
2023-11-01 00:59:59.9212|0|DEBUG|Microsoft.AspNetCore.Mvc.Infrastructure.ControllerActionInvoker|Execution plan of resource filters (in the following order): None 
2023-11-01 00:59:59.9212|0|DEBUG|Microsoft.AspNetCore.Mvc.Infrastructure.ControllerActionInvoker|Execution plan of action filters (in the following order): Microsoft.AspNetCore.Mvc.ModelBinding.UnsupportedContentTypeFilter (Order: -3000), Microsoft.AspNetCore.Mvc.Infrastructure.ModelStateInvalidFilter (Order: -2000) 
2023-11-01 00:59:59.9212|0|DEBUG|Microsoft.AspNetCore.Mvc.Infrastructure.ControllerActionInvoker|Execution plan of exception filters (in the following order): None 
2023-11-01 00:59:59.9212|0|DEBUG|Microsoft.AspNetCore.Mvc.Infrastructure.ControllerActionInvoker|Execution plan of result filters (in the following order): Microsoft.AspNetCore.Mvc.Infrastructure.ClientErrorResultFilter (Order: -2000) 
2023-11-01 00:59:59.9212|0|DEBUG|Microsoft.AspNetCore.Mvc.Infrastructure.ControllerActionInvoker|Executing controller factory for controller DwellEase.WebAPI.Controllers.AccountsController (DwellEase.WebAPI) 
2023-11-01 00:59:59.9357|0|DEBUG|Microsoft.AspNetCore.Mvc.Infrastructure.ControllerActionInvoker|Executed controller factory for controller DwellEase.WebAPI.Controllers.AccountsController (DwellEase.WebAPI) 
2023-11-01 00:59:59.9475|0|DEBUG|Microsoft.AspNetCore.Mvc.ModelBinding.ParameterBinder|Attempting to bind parameter 'request' of type 'DwellEase.Domain.Models.Identity.AuthRequest' ... 
2023-11-01 00:59:59.9475|0|DEBUG|Microsoft.AspNetCore.Mvc.ModelBinding.Binders.BodyModelBinder|Attempting to bind parameter 'request' of type 'DwellEase.Domain.Models.Identity.AuthRequest' using the name '' in request data ... 
2023-11-01 00:59:59.9475|0|DEBUG|Microsoft.AspNetCore.Mvc.ModelBinding.Binders.BodyModelBinder|Selected input formatter 'Microsoft.AspNetCore.Mvc.Formatters.SystemTextJsonInputFormatter' for content type 'application/json'. 
2023-11-01 01:00:00.2338|0|DEBUG|Microsoft.AspNetCore.Mvc.Formatters.SystemTextJsonInputFormatter|JSON input formatter succeeded, deserializing to type 'DwellEase.Domain.Models.Identity.AuthRequest' 
2023-11-01 01:00:00.2338|0|DEBUG|Microsoft.AspNetCore.Mvc.ModelBinding.Binders.BodyModelBinder|Done attempting to bind parameter 'request' of type 'DwellEase.Domain.Models.Identity.AuthRequest'. 
2023-11-01 01:00:00.2338|0|DEBUG|Microsoft.AspNetCore.Mvc.ModelBinding.ParameterBinder|Done attempting to bind parameter 'request' of type 'DwellEase.Domain.Models.Identity.AuthRequest'. 
2023-11-01 01:00:00.2338|0|DEBUG|Microsoft.AspNetCore.Mvc.ModelBinding.ParameterBinder|Attempting to validate the bound parameter 'request' of type 'DwellEase.Domain.Models.Identity.AuthRequest' ... 
2023-11-01 01:00:00.2536|0|DEBUG|Microsoft.AspNetCore.Mvc.ModelBinding.ParameterBinder|Done attempting to validate the bound parameter 'request' of type 'DwellEase.Domain.Models.Identity.AuthRequest'. 
2023-11-01 01:00:00.2536|0|TRACE|Microsoft.AspNetCore.Mvc.Infrastructure.ControllerActionInvoker|Action Filter: Before executing OnActionExecuting on filter Microsoft.AspNetCore.Mvc.ModelBinding.UnsupportedContentTypeFilter. 
2023-11-01 01:00:00.2617|0|TRACE|Microsoft.AspNetCore.Mvc.Infrastructure.ControllerActionInvoker|Action Filter: After executing OnActionExecuting on filter Microsoft.AspNetCore.Mvc.ModelBinding.UnsupportedContentTypeFilter. 
2023-11-01 01:00:00.2617|0|TRACE|Microsoft.AspNetCore.Mvc.Infrastructure.ControllerActionInvoker|Action Filter: Before executing OnActionExecuting on filter Microsoft.AspNetCore.Mvc.Infrastructure.ModelStateInvalidFilter. 
2023-11-01 01:00:00.2617|0|TRACE|Microsoft.AspNetCore.Mvc.Infrastructure.ControllerActionInvoker|Action Filter: After executing OnActionExecuting on filter Microsoft.AspNetCore.Mvc.Infrastructure.ModelStateInvalidFilter. 
2023-11-01 01:00:00.2617|0|INFO|Microsoft.AspNetCore.Mvc.Infrastructure.ControllerActionInvoker|Executing action method DwellEase.WebAPI.Controllers.AccountsController.Authenticate (DwellEase.WebAPI) - Validation state: Valid 
2023-11-01 01:00:00.2617|0|TRACE|Microsoft.AspNetCore.Mvc.Infrastructure.ControllerActionInvoker|Executing action method DwellEase.WebAPI.Controllers.AccountsController.Authenticate (DwellEase.WebAPI) with arguments (DwellEase.Domain.Models.Identity.AuthRequest) 
2023-11-01 01:00:01.8024|0|INFO|DwellEase.WebAPI.Controllers.AccountsController|eyJhbGciOiJIUzI1NiIsInR5cCI6IkpXVCJ9.eyJodHRwOi8vc2NoZW1hcy54bWxzb2FwLm9yZy93cy8yMDA1LzA1L2lkZW50aXR5L2NsYWltcy9uYW1laWRlbnRpZmllciI6ImRhNzAyNWY0LTdmMzQtNDU4Yy05NDJiLTI4NTBkY2U4YTFlZiIsImh0dHA6Ly9zY2hlbWFzLnhtbHNvYXAub3JnL3dzLzIwMDUvMDUvaWRlbnRpdHkvY2xhaW1zL25hbWUiOiJBbGV4IiwiaHR0cDovL3NjaGVtYXMueG1sc29hcC5vcmcvd3MvMjAwNS8wNS9pZGVudGl0eS9jbGFpbXMvZW1haWxhZGRyZXNzIjoicGFwYXB1c0BnbWFpbC5jb20iLCJodHRwOi8vc2NoZW1hcy5taWNyb3NvZnQuY29tL3dzLzIwMDgvMDYvaWRlbnRpdHkvY2xhaW1zL3JvbGUiOiJDcmVhdG9yIiwiZXhwIjoxNjk4NzkxNDAxLCJpc3MiOiJodHRwczovL2xvY2FsaG9zdDo0NDMwMCIsImF1ZCI6Imh0dHBzOi8vbG9jYWxob3N0OjQ0MzAwIn0.zcVMkw7TOZ6zSwMR4mVbc8FADen4d7eMQViFcVZzszA 
2023-11-01 01:00:01.8230|0|INFO|Microsoft.AspNetCore.Mvc.Infrastructure.ControllerActionInvoker|Executed action method DwellEase.WebAPI.Controllers.AccountsController.Authenticate (DwellEase.WebAPI), returned result Microsoft.AspNetCore.Mvc.OkObjectResult in 1541.4451ms. 
2023-11-01 01:00:01.8230|0|TRACE|Microsoft.AspNetCore.Mvc.Infrastructure.ControllerActionInvoker|Action Filter: Before executing OnActionExecuted on filter Microsoft.AspNetCore.Mvc.Infrastructure.ModelStateInvalidFilter. 
2023-11-01 01:00:01.8230|0|TRACE|Microsoft.AspNetCore.Mvc.Infrastructure.ControllerActionInvoker|Action Filter: After executing OnActionExecuted on filter Microsoft.AspNetCore.Mvc.Infrastructure.ModelStateInvalidFilter. 
2023-11-01 01:00:01.8230|0|TRACE|Microsoft.AspNetCore.Mvc.Infrastructure.ControllerActionInvoker|Action Filter: Before executing OnActionExecuted on filter Microsoft.AspNetCore.Mvc.ModelBinding.UnsupportedContentTypeFilter. 
2023-11-01 01:00:01.8230|0|TRACE|Microsoft.AspNetCore.Mvc.Infrastructure.ControllerActionInvoker|Action Filter: After executing OnActionExecuted on filter Microsoft.AspNetCore.Mvc.ModelBinding.UnsupportedContentTypeFilter. 
2023-11-01 01:00:01.8327|0|TRACE|Microsoft.AspNetCore.Mvc.Infrastructure.ControllerActionInvoker|Result Filter: Before executing OnResultExecuting on filter Microsoft.AspNetCore.Mvc.Infrastructure.ClientErrorResultFilter. 
2023-11-01 01:00:01.8327|0|TRACE|Microsoft.AspNetCore.Mvc.Infrastructure.ControllerActionInvoker|Result Filter: After executing OnResultExecuting on filter Microsoft.AspNetCore.Mvc.Infrastructure.ClientErrorResultFilter. 
2023-11-01 01:00:01.8327|0|TRACE|Microsoft.AspNetCore.Mvc.Infrastructure.ControllerActionInvoker|Before executing action result Microsoft.AspNetCore.Mvc.OkObjectResult. 
2023-11-01 01:00:01.8327|0|DEBUG|Microsoft.AspNetCore.Mvc.Infrastructure.DefaultOutputFormatterSelector|List of registered output formatters, in the following order: Microsoft.AspNetCore.Mvc.Formatters.HttpNoContentOutputFormatter, Microsoft.AspNetCore.Mvc.Formatters.StringOutputFormatter, Microsoft.AspNetCore.Mvc.Formatters.StreamOutputFormatter, Microsoft.AspNetCore.Mvc.Formatters.SystemTextJsonOutputFormatter 
2023-11-01 01:00:01.8465|0|DEBUG|Microsoft.AspNetCore.Mvc.Infrastructure.DefaultOutputFormatterSelector|No information found on request to perform content negotiation. 
2023-11-01 01:00:01.8465|0|DEBUG|Microsoft.AspNetCore.Mvc.Infrastructure.DefaultOutputFormatterSelector|Attempting to select an output formatter without using a content type as no explicit content types were specified for the response. 
2023-11-01 01:00:01.8465|0|DEBUG|Microsoft.AspNetCore.Mvc.Infrastructure.DefaultOutputFormatterSelector|Attempting to select the first formatter in the output formatters list which can write the result. 
2023-11-01 01:00:01.8465|0|DEBUG|Microsoft.AspNetCore.Mvc.Infrastructure.DefaultOutputFormatterSelector|Selected output formatter 'Microsoft.AspNetCore.Mvc.Formatters.SystemTextJsonOutputFormatter' and content type 'application/json' to write the response. 
2023-11-01 01:00:01.8465|0|INFO|Microsoft.AspNetCore.Mvc.Infrastructure.ObjectResultExecutor|Executing OkObjectResult, writing value of type 'DwellEase.Domain.Models.Identity.LoginResponse'. 
2023-11-01 01:00:01.9048|0|TRACE|Microsoft.AspNetCore.Mvc.Infrastructure.ControllerActionInvoker|After executing action result Microsoft.AspNetCore.Mvc.OkObjectResult. 
2023-11-01 01:00:01.9048|0|TRACE|Microsoft.AspNetCore.Mvc.Infrastructure.ControllerActionInvoker|Result Filter: Before executing OnResultExecuted on filter Microsoft.AspNetCore.Mvc.Infrastructure.ClientErrorResultFilter. 
2023-11-01 01:00:01.9048|0|TRACE|Microsoft.AspNetCore.Mvc.Infrastructure.ControllerActionInvoker|Result Filter: After executing OnResultExecuted on filter Microsoft.AspNetCore.Mvc.Infrastructure.ClientErrorResultFilter. 
2023-11-01 01:00:01.9048|0|INFO|Microsoft.AspNetCore.Mvc.Infrastructure.ControllerActionInvoker|Executed action DwellEase.WebAPI.Controllers.AccountsController.Authenticate (DwellEase.WebAPI) in 1983.3423ms 
2023-11-01 01:00:01.9048|0|INFO|Microsoft.AspNetCore.Routing.EndpointMiddleware|Executed endpoint 'DwellEase.WebAPI.Controllers.AccountsController.Authenticate (DwellEase.WebAPI)' 
2023-11-01 01:00:01.9285|0|INFO|Microsoft.AspNetCore.Hosting.Diagnostics|Request finished HTTP/1.1 POST https://localhost:44300/Account/Login application/json 54 - 200 - application/json;+charset=utf-8 2070.8727ms 
2023-11-01 01:00:20.1616|0|INFO|Microsoft.AspNetCore.Hosting.Diagnostics|Request starting HTTP/2 OPTIONS https://localhost:44300/Creator/ApartmentPage/CreateApartmentPage - - 
2023-11-01 01:00:20.1616|0|TRACE|Microsoft.AspNetCore.HostFiltering.HostFilteringMiddleware|All hosts are allowed. 
2023-11-01 01:00:20.1616|0|DEBUG|Microsoft.AspNetCore.StaticFiles.StaticFileMiddleware|OPTIONS requests are not supported 
2023-11-01 01:00:20.1616|0|DEBUG|Microsoft.AspNetCore.Cors.Infrastructure.CorsService|The request has an origin header: 'https://localhost:44315'. 
2023-11-01 01:00:20.1616|0|INFO|Microsoft.AspNetCore.Cors.Infrastructure.CorsService|CORS policy execution successful. 
2023-11-01 01:00:20.1616|0|DEBUG|Microsoft.AspNetCore.Cors.Infrastructure.CorsService|The request is a preflight request. 
2023-11-01 01:00:20.1616|0|INFO|Microsoft.AspNetCore.Hosting.Diagnostics|Request finished HTTP/2 OPTIONS https://localhost:44300/Creator/ApartmentPage/CreateApartmentPage - - - 204 - - 2.9222ms 
2023-11-01 01:00:20.1709|0|INFO|Microsoft.AspNetCore.Hosting.Diagnostics|Request starting HTTP/2 POST https://localhost:44300/Creator/ApartmentPage/CreateApartmentPage multipart/form-data;+boundary=----WebKitFormBoundaryhAlF3scQowkzM2E4 492952 
2023-11-01 01:00:20.1709|0|TRACE|Microsoft.AspNetCore.HostFiltering.HostFilteringMiddleware|All hosts are allowed. 
2023-11-01 01:00:20.1709|0|DEBUG|Microsoft.AspNetCore.StaticFiles.StaticFileMiddleware|POST requests are not supported 
2023-11-01 01:00:20.1709|0|DEBUG|Microsoft.AspNetCore.Cors.Infrastructure.CorsService|The request has an origin header: 'https://localhost:44315'. 
2023-11-01 01:00:20.1709|0|INFO|Microsoft.AspNetCore.Cors.Infrastructure.CorsService|CORS policy execution successful. 
2023-11-01 01:00:20.1709|0|DEBUG|Microsoft.AspNetCore.Routing.Matching.DfaMatcher|1 candidate(s) found for the request path '/Creator/ApartmentPage/CreateApartmentPage' 
2023-11-01 01:00:20.1709|0|DEBUG|Microsoft.AspNetCore.Routing.EndpointRoutingMiddleware|Request matched endpoint '405 HTTP Method Not Supported' 
2023-11-01 01:00:20.1947|0|DEBUG|Microsoft.AspNetCore.Authentication.JwtBearer.JwtBearerHandler|Successfully validated the token. 
2023-11-01 01:00:20.1947|0|DEBUG|Microsoft.AspNetCore.Authentication.JwtBearer.JwtBearerHandler|AuthenticationScheme: Bearer was successfully authenticated. 
2023-11-01 01:00:20.2019|0|INFO|Microsoft.AspNetCore.Routing.EndpointMiddleware|Executing endpoint '405 HTTP Method Not Supported' 
2023-11-01 01:00:20.2019|0|INFO|Microsoft.AspNetCore.Routing.EndpointMiddleware|Executed endpoint '405 HTTP Method Not Supported' 
2023-11-01 01:00:20.2019|0|INFO|Microsoft.AspNetCore.Hosting.Diagnostics|Request finished HTTP/2 POST https://localhost:44300/Creator/ApartmentPage/CreateApartmentPage multipart/form-data;+boundary=----WebKitFormBoundaryhAlF3scQowkzM2E4 492952 - 405 - - 31.7496ms 
2023-11-01 01:00:23.2176|0|ERROR|DwellEase.Service.Services.Implementations.RentalService|Apartmentpages are not found 
2023-11-01 01:00:53.2273|0|ERROR|DwellEase.Service.Services.Implementations.RentalService|Apartmentpages are not found 
2023-11-01 01:01:23.2400|0|ERROR|DwellEase.Service.Services.Implementations.RentalService|Apartmentpages are not found 
2023-11-01 01:02:02.2177|0|INFO|Microsoft.Hosting.Lifetime|Application is shutting down... 
2023-11-01 01:02:02.2177|0|DEBUG|Microsoft.Extensions.Hosting.Internal.Host|Hosting stopping 
2023-11-01 01:02:02.3571|0|TRACE|Microsoft.AspNetCore.Http.Connections.Internal.HttpConnectionManager|Ending connection heartbeat. 
