2023-09-21 13:53:36.0362|0|INFO|Program|Program initial |url: |action: |Program.<Main>$| body: 
2023-09-21 13:53:36.3726|0|ERROR|DwellEase.Service.Services.Implementations.RentalService|Apartmentpages are not found |url: |action: |DwellEase.Service.Services.Implementations.RentalService.CheckAndUpdateApartmentStatus| body: 
2023-09-21 13:53:36.7263|0|INFO|Microsoft.Hosting.Lifetime|Application started. Press Ctrl+C to shut down. |url: |action: |Microsoft.Extensions.Hosting.Internal.ConsoleLifetime.OnApplicationStarted| body: 
2023-09-21 13:53:36.7263|0|INFO|Microsoft.Hosting.Lifetime|Hosting environment: Development |url: |action: |Microsoft.Extensions.Hosting.Internal.ConsoleLifetime.OnApplicationStarted| body: 
2023-09-21 13:53:36.7263|0|INFO|Microsoft.Hosting.Lifetime|Content root path: C:\AProject\DwellEase\DwellEase.WebAPI |url: |action: |Microsoft.Extensions.Hosting.Internal.ApplicationLifetime.NotifyStarted| body: 
2023-09-21 13:54:06.3902|0|ERROR|DwellEase.Service.Services.Implementations.RentalService|Apartmentpages are not found |url: |action: |DwellEase.Service.Services.Implementations.RentalService.CheckAndUpdateApartmentStatus| body: 
2023-09-21 13:54:36.4062|0|ERROR|DwellEase.Service.Services.Implementations.RentalService|Apartmentpages are not found |url: |action: |DwellEase.Service.Services.Implementations.RentalService.CheckAndUpdateApartmentStatus| body: 
2023-09-21 13:55:06.5648|0|ERROR|DwellEase.Service.Services.Implementations.RentalService|Apartmentpages with not ended rent are not found |url: |action: |DwellEase.Service.Services.Implementations.RentalService.CheckAndUpdateApartmentStatus| body: 
2023-09-21 13:55:36.5750|0|ERROR|DwellEase.Service.Services.Implementations.RentalService|Apartmentpages with not ended rent are not found |url: |action: |DwellEase.Service.Services.Implementations.RentalService.CheckAndUpdateApartmentStatus| body: 
2023-09-21 13:56:06.5827|0|ERROR|DwellEase.Service.Services.Implementations.RentalService|Apartmentpages with not ended rent are not found |url: |action: |DwellEase.Service.Services.Implementations.RentalService.CheckAndUpdateApartmentStatus| body: 
2023-09-21 13:56:36.5932|0|ERROR|DwellEase.Service.Services.Implementations.RentalService|Apartmentpages with not ended rent are not found |url: |action: |DwellEase.Service.Services.Implementations.RentalService.CheckAndUpdateApartmentStatus| body: 
2023-09-21 13:57:06.6067|0|ERROR|DwellEase.Service.Services.Implementations.RentalService|Apartmentpages with not ended rent are not found |url: |action: |DwellEase.Service.Services.Implementations.RentalService.CheckAndUpdateApartmentStatus| body: 
2023-09-21 13:57:11.3377|0|INFO|Microsoft.Hosting.Lifetime|Application is shutting down... |url: |action: |Microsoft.Extensions.Hosting.Internal.ApplicationLifetime.StopApplication| body: 
2023-09-21 13:57:11.3377|0|ERROR|DwellEase.WebAPI.BackgroundTasks.RentalExpirationWorker|An error occurred during rental expiration check. System.Threading.Tasks.TaskCanceledException: A task was canceled.
   at DwellEase.WebAPI.BackgroundTasks.RentalExpirationWorker.ExecuteAsync(CancellationToken stoppingToken) in C:\AProject\DwellEase\DwellEase.WebAPI\BackgroundTasks\RentalExpirationWorker.cs:line 42|url: |action: |DwellEase.WebAPI.BackgroundTasks.RentalExpirationWorker.ExecuteAsync| body: 
2023-09-21 13:57:29.7746|0|INFO|Program|Program initial |url: |action: |Program.<Main>$| body: 
2023-09-21 13:57:29.9097|0|INFO|Microsoft.Hosting.Lifetime|Application started. Press Ctrl+C to shut down. |url: |action: |Microsoft.Extensions.Hosting.Internal.ConsoleLifetime.OnApplicationStarted| body: 
2023-09-21 13:57:29.9097|0|INFO|Microsoft.Hosting.Lifetime|Hosting environment: Development |url: |action: |Microsoft.Extensions.Hosting.Internal.ConsoleLifetime.OnApplicationStarted| body: 
2023-09-21 13:57:29.9097|0|INFO|Microsoft.Hosting.Lifetime|Content root path: C:\AProject\DwellEase\DwellEase.WebAPI |url: |action: |Microsoft.Extensions.Hosting.Internal.ApplicationLifetime.NotifyStarted| body: 
2023-09-21 13:57:29.9334|0|ERROR|DwellEase.Service.Services.Implementations.RentalService|Apartmentpages with not ended rent are not found |url: |action: |DwellEase.Service.Services.Implementations.RentalService.CheckAndUpdateApartmentStatus| body: 
2023-09-21 13:57:39.8742|0|INFO|Microsoft.Hosting.Lifetime|Application is shutting down... |url: |action: |Microsoft.Extensions.Hosting.Internal.ApplicationLifetime.StopApplication| body: 
2023-09-21 13:57:39.8786|0|ERROR|DwellEase.WebAPI.BackgroundTasks.RentalExpirationWorker|An error occurred during rental expiration check. System.Threading.Tasks.TaskCanceledException: A task was canceled.
   at DwellEase.WebAPI.BackgroundTasks.RentalExpirationWorker.ExecuteAsync(CancellationToken stoppingToken) in C:\AProject\DwellEase\DwellEase.WebAPI\BackgroundTasks\RentalExpirationWorker.cs:line 42|url: |action: |DwellEase.WebAPI.BackgroundTasks.RentalExpirationWorker.ExecuteAsync| body: 
