2023-09-20 02:29:08.2844|0|INFO|Program|Program initial |url: |action: |Program.<Main>$| body: 
2023-09-20 02:29:09.2309|0|INFO|Microsoft.Hosting.Lifetime|Application started. Press Ctrl+C to shut down. |url: |action: |Microsoft.Extensions.Hosting.Internal.ConsoleLifetime.OnApplicationStarted| body: 
2023-09-20 02:29:09.2309|0|INFO|Microsoft.Hosting.Lifetime|Hosting environment: Development |url: |action: |Microsoft.Extensions.Hosting.Internal.ConsoleLifetime.OnApplicationStarted| body: 
2023-09-20 02:29:09.2309|0|INFO|Microsoft.Hosting.Lifetime|Content root path: C:\AProject\DwellEase\DwellEase.WebAPI |url: |action: |Microsoft.Extensions.Hosting.Internal.ApplicationLifetime.NotifyStarted| body: 
2023-09-20 02:29:09.6843|0|ERROR|DwellEase.Service.Services.Implementations.RentalService|Apartmentpages with not ended rent are not found |url: |action: |DwellEase.Service.Services.Implementations.RentalService.CheckAndUpdateApartmentStatus| body: 
2023-09-20 02:29:39.7162|0|ERROR|DwellEase.Service.Services.Implementations.RentalService|Apartmentpages with not ended rent are not found |url: |action: |DwellEase.Service.Services.Implementations.RentalService.CheckAndUpdateApartmentStatus| body: 
2023-09-20 02:30:09.7332|0|ERROR|DwellEase.Service.Services.Implementations.RentalService|Apartmentpages with not ended rent are not found |url: |action: |DwellEase.Service.Services.Implementations.RentalService.CheckAndUpdateApartmentStatus| body: 
2023-09-20 02:30:39.7566|0|ERROR|DwellEase.Service.Services.Implementations.RentalService|Apartmentpages with not ended rent are not found |url: |action: |DwellEase.Service.Services.Implementations.RentalService.CheckAndUpdateApartmentStatus| body: 
2023-09-20 02:31:09.7794|0|ERROR|DwellEase.Service.Services.Implementations.RentalService|Apartmentpages with not ended rent are not found |url: |action: |DwellEase.Service.Services.Implementations.RentalService.CheckAndUpdateApartmentStatus| body: 
2023-09-20 02:31:39.7992|0|ERROR|DwellEase.Service.Services.Implementations.RentalService|Apartmentpages with not ended rent are not found |url: |action: |DwellEase.Service.Services.Implementations.RentalService.CheckAndUpdateApartmentStatus| body: 
2023-09-20 02:32:09.8236|0|ERROR|DwellEase.Service.Services.Implementations.RentalService|Apartmentpages with not ended rent are not found |url: |action: |DwellEase.Service.Services.Implementations.RentalService.CheckAndUpdateApartmentStatus| body: 
2023-09-20 02:32:39.8570|0|ERROR|DwellEase.Service.Services.Implementations.RentalService|Apartmentpages with not ended rent are not found |url: |action: |DwellEase.Service.Services.Implementations.RentalService.CheckAndUpdateApartmentStatus| body: 
2023-09-20 02:33:09.8667|0|ERROR|DwellEase.Service.Services.Implementations.RentalService|Apartmentpages with not ended rent are not found |url: |action: |DwellEase.Service.Services.Implementations.RentalService.CheckAndUpdateApartmentStatus| body: 
2023-09-20 02:33:39.8956|0|ERROR|DwellEase.Service.Services.Implementations.RentalService|Apartmentpages with not ended rent are not found |url: |action: |DwellEase.Service.Services.Implementations.RentalService.CheckAndUpdateApartmentStatus| body: 
2023-09-20 02:34:09.9110|0|ERROR|DwellEase.Service.Services.Implementations.RentalService|Apartmentpages with not ended rent are not found |url: |action: |DwellEase.Service.Services.Implementations.RentalService.CheckAndUpdateApartmentStatus| body: 
2023-09-20 02:34:39.9380|0|ERROR|DwellEase.Service.Services.Implementations.RentalService|Apartmentpages with not ended rent are not found |url: |action: |DwellEase.Service.Services.Implementations.RentalService.CheckAndUpdateApartmentStatus| body: 
2023-09-20 02:35:09.9585|0|ERROR|DwellEase.Service.Services.Implementations.RentalService|Apartmentpages with not ended rent are not found |url: |action: |DwellEase.Service.Services.Implementations.RentalService.CheckAndUpdateApartmentStatus| body: 
2023-09-20 02:35:39.9785|0|ERROR|DwellEase.Service.Services.Implementations.RentalService|Apartmentpages with not ended rent are not found |url: |action: |DwellEase.Service.Services.Implementations.RentalService.CheckAndUpdateApartmentStatus| body: 
2023-09-20 02:36:10.0026|0|ERROR|DwellEase.Service.Services.Implementations.RentalService|Apartmentpages with not ended rent are not found |url: |action: |DwellEase.Service.Services.Implementations.RentalService.CheckAndUpdateApartmentStatus| body: 
2023-09-20 02:36:40.0239|0|ERROR|DwellEase.Service.Services.Implementations.RentalService|Apartmentpages with not ended rent are not found |url: |action: |DwellEase.Service.Services.Implementations.RentalService.CheckAndUpdateApartmentStatus| body: 
2023-09-20 02:37:10.0523|0|ERROR|DwellEase.Service.Services.Implementations.RentalService|Apartmentpages with not ended rent are not found |url: |action: |DwellEase.Service.Services.Implementations.RentalService.CheckAndUpdateApartmentStatus| body: 
2023-09-20 02:37:40.0776|0|ERROR|DwellEase.Service.Services.Implementations.RentalService|Apartmentpages with not ended rent are not found |url: |action: |DwellEase.Service.Services.Implementations.RentalService.CheckAndUpdateApartmentStatus| body: 
2023-09-20 02:38:03.8632|0|INFO|Microsoft.Hosting.Lifetime|Application is shutting down... |url: |action: |Microsoft.Extensions.Hosting.Internal.ApplicationLifetime.StopApplication| body: 
2023-09-20 02:38:03.8632|0|ERROR|DwellEase.WebAPI.BackgroundTasks.RentalExpirationWorker|An error occurred during rental expiration check. System.Threading.Tasks.TaskCanceledException: A task was canceled.
   at DwellEase.WebAPI.BackgroundTasks.RentalExpirationWorker.ExecuteAsync(CancellationToken stoppingToken) in C:\AProject\DwellEase\DwellEase.WebAPI\BackgroundTasks\RentalExpirationWorker.cs:line 42|url: |action: |DwellEase.WebAPI.BackgroundTasks.RentalExpirationWorker.ExecuteAsync| body: 
2023-09-20 02:38:19.0067|0|INFO|Program|Program initial |url: |action: |Program.<Main>$| body: 
2023-09-20 02:38:19.1459|0|INFO|Microsoft.Hosting.Lifetime|Application started. Press Ctrl+C to shut down. |url: |action: |Microsoft.Extensions.Hosting.Internal.ConsoleLifetime.OnApplicationStarted| body: 
2023-09-20 02:38:19.1459|0|INFO|Microsoft.Hosting.Lifetime|Hosting environment: Development |url: |action: |Microsoft.Extensions.Hosting.Internal.ConsoleLifetime.OnApplicationStarted| body: 
2023-09-20 02:38:19.1459|0|INFO|Microsoft.Hosting.Lifetime|Content root path: C:\AProject\DwellEase\DwellEase.WebAPI |url: |action: |Microsoft.Extensions.Hosting.Internal.ApplicationLifetime.NotifyStarted| body: 
2023-09-20 02:38:19.3004|0|ERROR|DwellEase.Service.Services.Implementations.RentalService|Apartmentpages with not ended rent are not found |url: |action: |DwellEase.Service.Services.Implementations.RentalService.CheckAndUpdateApartmentStatus| body: 
2023-09-20 02:38:49.3516|0|ERROR|DwellEase.Service.Services.Implementations.RentalService|Apartmentpages with not ended rent are not found |url: |action: |DwellEase.Service.Services.Implementations.RentalService.CheckAndUpdateApartmentStatus| body: 
2023-09-20 02:39:19.3852|0|ERROR|DwellEase.Service.Services.Implementations.RentalService|Apartmentpages with not ended rent are not found |url: |action: |DwellEase.Service.Services.Implementations.RentalService.CheckAndUpdateApartmentStatus| body: 
2023-09-20 02:39:36.7911|0|ERROR|DwellEase.Service.Services.Implementations.UserService|User with username: Alex not found |url: https://localhost/Account/Register|action: Register|DwellEase.Service.Services.Implementations.UserService.HandleError| body: 
2023-09-20 02:39:49.3979|0|ERROR|DwellEase.Service.Services.Implementations.RentalService|Apartmentpages with not ended rent are not found |url: |action: |DwellEase.Service.Services.Implementations.RentalService.CheckAndUpdateApartmentStatus| body: 
2023-09-20 02:40:19.4113|0|ERROR|DwellEase.Service.Services.Implementations.RentalService|Apartmentpages with not ended rent are not found |url: |action: |DwellEase.Service.Services.Implementations.RentalService.CheckAndUpdateApartmentStatus| body: 
2023-09-20 02:40:49.4392|0|ERROR|DwellEase.Service.Services.Implementations.RentalService|Apartmentpages with not ended rent are not found |url: |action: |DwellEase.Service.Services.Implementations.RentalService.CheckAndUpdateApartmentStatus| body: 
2023-09-20 02:41:19.4478|0|ERROR|DwellEase.Service.Services.Implementations.RentalService|Apartmentpages with not ended rent are not found |url: |action: |DwellEase.Service.Services.Implementations.RentalService.CheckAndUpdateApartmentStatus| body: 
2023-09-20 02:41:49.4574|0|ERROR|DwellEase.Service.Services.Implementations.RentalService|Apartmentpages with not ended rent are not found |url: |action: |DwellEase.Service.Services.Implementations.RentalService.CheckAndUpdateApartmentStatus| body: 
2023-09-20 02:42:19.4710|0|ERROR|DwellEase.Service.Services.Implementations.RentalService|Apartmentpages with not ended rent are not found |url: |action: |DwellEase.Service.Services.Implementations.RentalService.CheckAndUpdateApartmentStatus| body: 
2023-09-20 02:42:30.7737|0|ERROR|DwellEase.Service.Services.Implementations.UserService|User with username: Alexander not found |url: https://localhost/Account/Register|action: Register|DwellEase.Service.Services.Implementations.UserService.HandleError| body: 
2023-09-20 02:42:49.4906|0|ERROR|DwellEase.Service.Services.Implementations.RentalService|Apartmentpages with not ended rent are not found |url: |action: |DwellEase.Service.Services.Implementations.RentalService.CheckAndUpdateApartmentStatus| body: 
2023-09-20 02:43:19.5165|0|ERROR|DwellEase.Service.Services.Implementations.RentalService|Apartmentpages with not ended rent are not found |url: |action: |DwellEase.Service.Services.Implementations.RentalService.CheckAndUpdateApartmentStatus| body: 
2023-09-20 02:43:43.6134|0|ERROR|DwellEase.Service.Services.Implementations.UserService|User with username: Alexander not found |url: https://localhost/Account/Register|action: Register|DwellEase.Service.Services.Implementations.UserService.HandleError| body: 
2023-09-20 02:43:49.5357|0|ERROR|DwellEase.Service.Services.Implementations.RentalService|Apartmentpages with not ended rent are not found |url: |action: |DwellEase.Service.Services.Implementations.RentalService.CheckAndUpdateApartmentStatus| body: 
2023-09-20 02:45:47.5366|0|INFO|Program|Program initial |url: |action: |Program.<Main>$| body: 
2023-09-20 02:45:47.6922|0|INFO|Microsoft.Hosting.Lifetime|Application started. Press Ctrl+C to shut down. |url: |action: |Microsoft.Extensions.Hosting.Internal.ConsoleLifetime.OnApplicationStarted| body: 
2023-09-20 02:45:47.6922|0|INFO|Microsoft.Hosting.Lifetime|Hosting environment: Development |url: |action: |Microsoft.Extensions.Hosting.Internal.ConsoleLifetime.OnApplicationStarted| body: 
2023-09-20 02:45:47.6922|0|INFO|Microsoft.Hosting.Lifetime|Content root path: C:\AProject\DwellEase\DwellEase.WebAPI |url: |action: |Microsoft.Extensions.Hosting.Internal.ApplicationLifetime.NotifyStarted| body: 
2023-09-20 02:45:47.8559|0|ERROR|DwellEase.Service.Services.Implementations.RentalService|Apartmentpages with not ended rent are not found |url: |action: |DwellEase.Service.Services.Implementations.RentalService.CheckAndUpdateApartmentStatus| body: 
2023-09-20 02:46:17.8862|0|ERROR|DwellEase.Service.Services.Implementations.RentalService|Apartmentpages with not ended rent are not found |url: |action: |DwellEase.Service.Services.Implementations.RentalService.CheckAndUpdateApartmentStatus| body: 
2023-09-20 02:46:27.7353|0|ERROR|DwellEase.Service.Services.Implementations.UserService|User with username: Alexey not found |url: https://localhost/Account/Register|action: Register|DwellEase.Service.Services.Implementations.UserService.HandleError| body: 
2023-09-20 02:46:47.9238|0|ERROR|DwellEase.Service.Services.Implementations.RentalService|Apartmentpages with not ended rent are not found |url: |action: |DwellEase.Service.Services.Implementations.RentalService.CheckAndUpdateApartmentStatus| body: 
2023-09-20 02:47:17.9427|0|ERROR|DwellEase.Service.Services.Implementations.RentalService|Apartmentpages with not ended rent are not found |url: |action: |DwellEase.Service.Services.Implementations.RentalService.CheckAndUpdateApartmentStatus| body: 
2023-09-20 02:47:47.9694|0|ERROR|DwellEase.Service.Services.Implementations.RentalService|Apartmentpages with not ended rent are not found |url: |action: |DwellEase.Service.Services.Implementations.RentalService.CheckAndUpdateApartmentStatus| body: 
2023-09-20 02:48:17.9973|0|ERROR|DwellEase.Service.Services.Implementations.RentalService|Apartmentpages with not ended rent are not found |url: |action: |DwellEase.Service.Services.Implementations.RentalService.CheckAndUpdateApartmentStatus| body: 
2023-09-20 02:48:48.0640|0|ERROR|DwellEase.Service.Services.Implementations.RentalService|Apartmentpages with not ended rent are not found |url: |action: |DwellEase.Service.Services.Implementations.RentalService.CheckAndUpdateApartmentStatus| body: 
2023-09-20 02:49:17.1614|0|ERROR|DwellEase.Service.Services.Implementations.UserService|User with username: Alexey not found |url: https://localhost/Account/Register|action: Register|DwellEase.Service.Services.Implementations.UserService.HandleError| body: 
2023-09-20 02:49:18.0886|0|ERROR|DwellEase.Service.Services.Implementations.RentalService|Apartmentpages with not ended rent are not found |url: |action: |DwellEase.Service.Services.Implementations.RentalService.CheckAndUpdateApartmentStatus| body: 
2023-09-20 02:49:48.0947|0|ERROR|DwellEase.Service.Services.Implementations.RentalService|Apartmentpages with not ended rent are not found |url: |action: |DwellEase.Service.Services.Implementations.RentalService.CheckAndUpdateApartmentStatus| body: 
2023-09-20 02:50:18.0994|0|ERROR|DwellEase.Service.Services.Implementations.RentalService|Apartmentpages with not ended rent are not found |url: |action: |DwellEase.Service.Services.Implementations.RentalService.CheckAndUpdateApartmentStatus| body: 
2023-09-20 02:50:48.1211|0|ERROR|DwellEase.Service.Services.Implementations.RentalService|Apartmentpages with not ended rent are not found |url: |action: |DwellEase.Service.Services.Implementations.RentalService.CheckAndUpdateApartmentStatus| body: 
2023-09-20 02:51:18.1508|0|ERROR|DwellEase.Service.Services.Implementations.RentalService|Apartmentpages with not ended rent are not found |url: |action: |DwellEase.Service.Services.Implementations.RentalService.CheckAndUpdateApartmentStatus| body: 
2023-09-20 02:51:48.1690|0|ERROR|DwellEase.Service.Services.Implementations.RentalService|Apartmentpages with not ended rent are not found |url: |action: |DwellEase.Service.Services.Implementations.RentalService.CheckAndUpdateApartmentStatus| body: 
2023-09-20 02:52:04.2302|0|INFO|Microsoft.Hosting.Lifetime|Application is shutting down... |url: |action: |Microsoft.Extensions.Hosting.Internal.ApplicationLifetime.StopApplication| body: 
2023-09-20 02:52:04.2302|0|ERROR|DwellEase.WebAPI.BackgroundTasks.RentalExpirationWorker|An error occurred during rental expiration check. System.Threading.Tasks.TaskCanceledException: A task was canceled.
   at DwellEase.WebAPI.BackgroundTasks.RentalExpirationWorker.ExecuteAsync(CancellationToken stoppingToken) in C:\AProject\DwellEase\DwellEase.WebAPI\BackgroundTasks\RentalExpirationWorker.cs:line 42|url: |action: |DwellEase.WebAPI.BackgroundTasks.RentalExpirationWorker.ExecuteAsync| body: 
2023-09-20 02:52:32.2877|0|INFO|Program|Program initial |url: |action: |Program.<Main>$| body: 
2023-09-20 02:52:32.9605|0|INFO|Microsoft.Hosting.Lifetime|Application started. Press Ctrl+C to shut down. |url: |action: |Microsoft.Extensions.Hosting.Internal.ConsoleLifetime.OnApplicationStarted| body: 
2023-09-20 02:52:32.9605|0|INFO|Microsoft.Hosting.Lifetime|Hosting environment: Development |url: |action: |Microsoft.Extensions.Hosting.Internal.ConsoleLifetime.OnApplicationStarted| body: 
2023-09-20 02:52:32.9605|0|INFO|Microsoft.Hosting.Lifetime|Content root path: C:\AProject\DwellEase\DwellEase.WebAPI |url: |action: |Microsoft.Extensions.Hosting.Internal.ApplicationLifetime.NotifyStarted| body: 
2023-09-20 02:52:33.8112|0|ERROR|DwellEase.Service.Services.Implementations.RentalService|Apartmentpages with not ended rent are not found |url: |action: |DwellEase.Service.Services.Implementations.RentalService.CheckAndUpdateApartmentStatus| body: 
2023-09-20 02:53:03.9399|0|ERROR|DwellEase.Service.Services.Implementations.RentalService|Apartmentpages with not ended rent are not found |url: |action: |DwellEase.Service.Services.Implementations.RentalService.CheckAndUpdateApartmentStatus| body: 
2023-09-20 02:54:22.4942|0|INFO|Program|Program initial |url: |action: |Program.<Main>$| body: 
2023-09-20 02:54:22.6635|0|INFO|Microsoft.Hosting.Lifetime|Application started. Press Ctrl+C to shut down. |url: |action: |Microsoft.Extensions.Hosting.Internal.ConsoleLifetime.OnApplicationStarted| body: 
2023-09-20 02:54:22.6635|0|INFO|Microsoft.Hosting.Lifetime|Hosting environment: Development |url: |action: |Microsoft.Extensions.Hosting.Internal.ConsoleLifetime.OnApplicationStarted| body: 
2023-09-20 02:54:22.6635|0|INFO|Microsoft.Hosting.Lifetime|Content root path: C:\AProject\DwellEase\DwellEase.WebAPI |url: |action: |Microsoft.Extensions.Hosting.Internal.ApplicationLifetime.NotifyStarted| body: 
2023-09-20 02:54:22.8533|0|ERROR|DwellEase.Service.Services.Implementations.RentalService|Apartmentpages with not ended rent are not found |url: |action: |DwellEase.Service.Services.Implementations.RentalService.CheckAndUpdateApartmentStatus| body: 
2023-09-20 02:54:52.8733|0|ERROR|DwellEase.Service.Services.Implementations.RentalService|Apartmentpages with not ended rent are not found |url: |action: |DwellEase.Service.Services.Implementations.RentalService.CheckAndUpdateApartmentStatus| body: 
2023-09-20 02:55:22.9010|0|ERROR|DwellEase.Service.Services.Implementations.RentalService|Apartmentpages with not ended rent are not found |url: |action: |DwellEase.Service.Services.Implementations.RentalService.CheckAndUpdateApartmentStatus| body: 
2023-09-20 02:55:52.9212|0|ERROR|DwellEase.Service.Services.Implementations.RentalService|Apartmentpages with not ended rent are not found |url: |action: |DwellEase.Service.Services.Implementations.RentalService.CheckAndUpdateApartmentStatus| body: 
2023-09-20 02:56:22.9459|0|ERROR|DwellEase.Service.Services.Implementations.RentalService|Apartmentpages with not ended rent are not found |url: |action: |DwellEase.Service.Services.Implementations.RentalService.CheckAndUpdateApartmentStatus| body: 
2023-09-20 02:56:36.9855|0|INFO|Microsoft.Hosting.Lifetime|Application is shutting down... |url: |action: |Microsoft.Extensions.Hosting.Internal.ApplicationLifetime.StopApplication| body: 
2023-09-20 02:56:36.9855|0|ERROR|DwellEase.WebAPI.BackgroundTasks.RentalExpirationWorker|An error occurred during rental expiration check. System.Threading.Tasks.TaskCanceledException: A task was canceled.
   at DwellEase.WebAPI.BackgroundTasks.RentalExpirationWorker.ExecuteAsync(CancellationToken stoppingToken) in C:\AProject\DwellEase\DwellEase.WebAPI\BackgroundTasks\RentalExpirationWorker.cs:line 42|url: |action: |DwellEase.WebAPI.BackgroundTasks.RentalExpirationWorker.ExecuteAsync| body: 
2023-09-20 02:56:54.9708|0|INFO|Program|Program initial |url: |action: |Program.<Main>$| body: 
2023-09-20 02:56:55.5590|0|INFO|Microsoft.Hosting.Lifetime|Application started. Press Ctrl+C to shut down. |url: |action: |Microsoft.Extensions.Hosting.Internal.ConsoleLifetime.OnApplicationStarted| body: 
2023-09-20 02:56:55.5590|0|INFO|Microsoft.Hosting.Lifetime|Hosting environment: Development |url: |action: |Microsoft.Extensions.Hosting.Internal.ConsoleLifetime.OnApplicationStarted| body: 
2023-09-20 02:56:55.5590|0|INFO|Microsoft.Hosting.Lifetime|Content root path: C:\AProject\DwellEase\DwellEase.WebAPI |url: |action: |Microsoft.Extensions.Hosting.Internal.ApplicationLifetime.NotifyStarted| body: 
2023-09-20 02:56:56.0930|0|ERROR|DwellEase.Service.Services.Implementations.RentalService|Apartmentpages with not ended rent are not found |url: |action: |DwellEase.Service.Services.Implementations.RentalService.CheckAndUpdateApartmentStatus| body: 
2023-09-20 02:57:26.2018|0|ERROR|DwellEase.Service.Services.Implementations.RentalService|Apartmentpages with not ended rent are not found |url: |action: |DwellEase.Service.Services.Implementations.RentalService.CheckAndUpdateApartmentStatus| body: 
2023-09-20 02:58:20.9385|0|ERROR|DwellEase.Service.Services.Implementations.RentalService|Apartmentpages with not ended rent are not found |url: |action: |DwellEase.Service.Services.Implementations.RentalService.CheckAndUpdateApartmentStatus| body: 
2023-09-20 03:00:03.2010|0|INFO|Program|Program initial |url: |action: |Program.<Main>$| body: 
2023-09-20 03:00:03.7529|0|INFO|Microsoft.Hosting.Lifetime|Application started. Press Ctrl+C to shut down. |url: |action: |Microsoft.Extensions.Hosting.Internal.ConsoleLifetime.OnApplicationStarted| body: 
2023-09-20 03:00:03.7529|0|INFO|Microsoft.Hosting.Lifetime|Hosting environment: Development |url: |action: |Microsoft.Extensions.Hosting.Internal.ConsoleLifetime.OnApplicationStarted| body: 
2023-09-20 03:00:03.7529|0|INFO|Microsoft.Hosting.Lifetime|Content root path: C:\AProject\DwellEase\DwellEase.WebAPI |url: |action: |Microsoft.Extensions.Hosting.Internal.ApplicationLifetime.NotifyStarted| body: 
2023-09-20 03:00:04.3615|0|ERROR|DwellEase.Service.Services.Implementations.RentalService|Apartmentpages with not ended rent are not found |url: |action: |DwellEase.Service.Services.Implementations.RentalService.CheckAndUpdateApartmentStatus| body: 
2023-09-20 03:00:41.1034|0|ERROR|DwellEase.Service.Services.Implementations.RentalService|Apartmentpages with not ended rent are not found |url: |action: |DwellEase.Service.Services.Implementations.RentalService.CheckAndUpdateApartmentStatus| body: 
2023-09-20 03:01:11.1986|0|ERROR|DwellEase.Service.Services.Implementations.RentalService|Apartmentpages with not ended rent are not found |url: |action: |DwellEase.Service.Services.Implementations.RentalService.CheckAndUpdateApartmentStatus| body: 
2023-09-20 03:02:21.9255|0|ERROR|DwellEase.Service.Services.Implementations.RentalService|Apartmentpages with not ended rent are not found |url: |action: |DwellEase.Service.Services.Implementations.RentalService.CheckAndUpdateApartmentStatus| body: 
2023-09-20 03:04:44.5448|0|INFO|Program|Program initial |url: |action: |Program.<Main>$| body: 
2023-09-20 03:04:45.1014|0|INFO|Microsoft.Hosting.Lifetime|Application started. Press Ctrl+C to shut down. |url: |action: |Microsoft.Extensions.Hosting.Internal.ConsoleLifetime.OnApplicationStarted| body: 
2023-09-20 03:04:45.1049|0|INFO|Microsoft.Hosting.Lifetime|Hosting environment: Development |url: |action: |Microsoft.Extensions.Hosting.Internal.ConsoleLifetime.OnApplicationStarted| body: 
2023-09-20 03:04:45.1049|0|INFO|Microsoft.Hosting.Lifetime|Content root path: C:\AProject\DwellEase\DwellEase.WebAPI |url: |action: |Microsoft.Extensions.Hosting.Internal.ApplicationLifetime.NotifyStarted| body: 
2023-09-20 03:04:45.7221|0|ERROR|DwellEase.Service.Services.Implementations.RentalService|Apartmentpages with not ended rent are not found |url: |action: |DwellEase.Service.Services.Implementations.RentalService.CheckAndUpdateApartmentStatus| body: 
2023-09-20 03:05:15.7548|0|ERROR|DwellEase.Service.Services.Implementations.RentalService|Apartmentpages with not ended rent are not found |url: |action: |DwellEase.Service.Services.Implementations.RentalService.CheckAndUpdateApartmentStatus| body: 
2023-09-20 03:05:45.8211|0|ERROR|DwellEase.Service.Services.Implementations.RentalService|Apartmentpages with not ended rent are not found |url: |action: |DwellEase.Service.Services.Implementations.RentalService.CheckAndUpdateApartmentStatus| body: 
2023-09-20 03:07:18.4417|0|INFO|Program|Program initial |url: |action: |Program.<Main>$| body: 
2023-09-20 03:07:18.8277|0|ERROR|DwellEase.Service.Services.Implementations.RentalService|Apartmentpages with not ended rent are not found |url: |action: |DwellEase.Service.Services.Implementations.RentalService.CheckAndUpdateApartmentStatus| body: 
2023-09-20 03:07:18.8400|0|INFO|Microsoft.Hosting.Lifetime|Now listening on: https://localhost:7134 |url: |action: |Microsoft.AspNetCore.Hosting.GenericWebHostService.StartAsync| body: 
2023-09-20 03:07:18.8400|0|INFO|Microsoft.Hosting.Lifetime|Now listening on: http://localhost:5023 |url: |action: |Microsoft.AspNetCore.Hosting.GenericWebHostService.StartAsync| body: 
2023-09-20 03:07:18.8400|0|INFO|Microsoft.Hosting.Lifetime|Application started. Press Ctrl+C to shut down. |url: |action: |Microsoft.Extensions.Hosting.Internal.ConsoleLifetime.OnApplicationStarted| body: 
2023-09-20 03:07:18.8400|0|INFO|Microsoft.Hosting.Lifetime|Hosting environment: Development |url: |action: |Microsoft.Extensions.Hosting.Internal.ConsoleLifetime.OnApplicationStarted| body: 
2023-09-20 03:07:18.8400|0|INFO|Microsoft.Hosting.Lifetime|Content root path: C:\AProject\DwellEase\DwellEase.WebAPI |url: |action: |Microsoft.Extensions.Hosting.Internal.ApplicationLifetime.NotifyStarted| body: 
2023-09-20 03:07:51.9278|0|INFO|Program|Program initial |url: |action: |Program.<Main>$| body: 
2023-09-20 03:07:52.5312|0|INFO|Microsoft.Hosting.Lifetime|Application started. Press Ctrl+C to shut down. |url: |action: |Microsoft.Extensions.Hosting.Internal.ConsoleLifetime.OnApplicationStarted| body: 
2023-09-20 03:07:52.5312|0|INFO|Microsoft.Hosting.Lifetime|Hosting environment: Development |url: |action: |Microsoft.Extensions.Hosting.Internal.ConsoleLifetime.OnApplicationStarted| body: 
2023-09-20 03:07:52.5312|0|INFO|Microsoft.Hosting.Lifetime|Content root path: C:\AProject\DwellEase\DwellEase.WebAPI |url: |action: |Microsoft.Extensions.Hosting.Internal.ApplicationLifetime.NotifyStarted| body: 
2023-09-20 03:07:53.1810|0|ERROR|DwellEase.Service.Services.Implementations.RentalService|Apartmentpages with not ended rent are not found |url: |action: |DwellEase.Service.Services.Implementations.RentalService.CheckAndUpdateApartmentStatus| body: 
2023-09-20 03:08:23.5785|0|ERROR|DwellEase.Service.Services.Implementations.RentalService|Apartmentpages with not ended rent are not found |url: |action: |DwellEase.Service.Services.Implementations.RentalService.CheckAndUpdateApartmentStatus| body: 
2023-09-20 03:09:22.8614|0|INFO|Program|Program initial |url: |action: |Program.<Main>$| body: 
2023-09-20 03:09:23.4014|0|INFO|Microsoft.Hosting.Lifetime|Application started. Press Ctrl+C to shut down. |url: |action: |Microsoft.Extensions.Hosting.Internal.ConsoleLifetime.OnApplicationStarted| body: 
2023-09-20 03:09:23.4014|0|INFO|Microsoft.Hosting.Lifetime|Hosting environment: Development |url: |action: |Microsoft.Extensions.Hosting.Internal.ConsoleLifetime.OnApplicationStarted| body: 
2023-09-20 03:09:23.4014|0|INFO|Microsoft.Hosting.Lifetime|Content root path: C:\AProject\DwellEase\DwellEase.WebAPI |url: |action: |Microsoft.Extensions.Hosting.Internal.ApplicationLifetime.NotifyStarted| body: 
2023-09-20 03:09:24.0165|0|ERROR|DwellEase.Service.Services.Implementations.RentalService|Apartmentpages with not ended rent are not found |url: |action: |DwellEase.Service.Services.Implementations.RentalService.CheckAndUpdateApartmentStatus| body: 
2023-09-20 03:09:54.1046|0|ERROR|DwellEase.Service.Services.Implementations.RentalService|Apartmentpages with not ended rent are not found |url: |action: |DwellEase.Service.Services.Implementations.RentalService.CheckAndUpdateApartmentStatus| body: 
2023-09-20 03:11:12.4191|0|INFO|Program|Program initial |url: |action: |Program.<Main>$| body: 
2023-09-20 03:11:13.0126|0|INFO|Microsoft.Hosting.Lifetime|Application started. Press Ctrl+C to shut down. |url: |action: |Microsoft.Extensions.Hosting.Internal.ConsoleLifetime.OnApplicationStarted| body: 
2023-09-20 03:11:13.0126|0|INFO|Microsoft.Hosting.Lifetime|Hosting environment: Development |url: |action: |Microsoft.Extensions.Hosting.Internal.ConsoleLifetime.OnApplicationStarted| body: 
2023-09-20 03:11:13.0126|0|INFO|Microsoft.Hosting.Lifetime|Content root path: C:\AProject\DwellEase\DwellEase.WebAPI |url: |action: |Microsoft.Extensions.Hosting.Internal.ApplicationLifetime.NotifyStarted| body: 
2023-09-20 03:11:13.6412|0|ERROR|DwellEase.Service.Services.Implementations.RentalService|Apartmentpages with not ended rent are not found |url: |action: |DwellEase.Service.Services.Implementations.RentalService.CheckAndUpdateApartmentStatus| body: 
2023-09-20 03:11:45.3173|0|ERROR|DwellEase.Service.Services.Implementations.RentalService|Apartmentpages with not ended rent are not found |url: |action: |DwellEase.Service.Services.Implementations.RentalService.CheckAndUpdateApartmentStatus| body: 
2023-09-20 03:12:15.3867|0|ERROR|DwellEase.Service.Services.Implementations.RentalService|Apartmentpages with not ended rent are not found |url: |action: |DwellEase.Service.Services.Implementations.RentalService.CheckAndUpdateApartmentStatus| body: 
2023-09-20 03:12:45.5034|0|ERROR|DwellEase.Service.Services.Implementations.RentalService|Apartmentpages with not ended rent are not found |url: |action: |DwellEase.Service.Services.Implementations.RentalService.CheckAndUpdateApartmentStatus| body: 
2023-09-20 03:13:15.5738|0|ERROR|DwellEase.Service.Services.Implementations.RentalService|Apartmentpages with not ended rent are not found |url: |action: |DwellEase.Service.Services.Implementations.RentalService.CheckAndUpdateApartmentStatus| body: 
2023-09-20 03:13:48.8944|0|INFO|Program|Program initial |url: |action: |Program.<Main>$| body: 
2023-09-20 03:13:49.0426|0|INFO|Microsoft.Hosting.Lifetime|Application started. Press Ctrl+C to shut down. |url: |action: |Microsoft.Extensions.Hosting.Internal.ConsoleLifetime.OnApplicationStarted| body: 
2023-09-20 03:13:49.0426|0|INFO|Microsoft.Hosting.Lifetime|Hosting environment: Development |url: |action: |Microsoft.Extensions.Hosting.Internal.ConsoleLifetime.OnApplicationStarted| body: 
2023-09-20 03:13:49.0426|0|INFO|Microsoft.Hosting.Lifetime|Content root path: C:\AProject\DwellEase\DwellEase.WebAPI |url: |action: |Microsoft.Extensions.Hosting.Internal.ApplicationLifetime.NotifyStarted| body: 
2023-09-20 03:13:49.2652|0|ERROR|DwellEase.Service.Services.Implementations.RentalService|Apartmentpages with not ended rent are not found |url: |action: |DwellEase.Service.Services.Implementations.RentalService.CheckAndUpdateApartmentStatus| body: 
2023-09-20 03:14:19.2918|0|ERROR|DwellEase.Service.Services.Implementations.RentalService|Apartmentpages with not ended rent are not found |url: |action: |DwellEase.Service.Services.Implementations.RentalService.CheckAndUpdateApartmentStatus| body: 
2023-09-20 03:14:49.3227|0|ERROR|DwellEase.Service.Services.Implementations.RentalService|Apartmentpages with not ended rent are not found |url: |action: |DwellEase.Service.Services.Implementations.RentalService.CheckAndUpdateApartmentStatus| body: 
2023-09-20 03:15:16.8680|0|INFO|Microsoft.Hosting.Lifetime|Application is shutting down... |url: |action: |Microsoft.Extensions.Hosting.Internal.ApplicationLifetime.StopApplication| body: 
2023-09-20 03:15:16.8680|0|ERROR|DwellEase.WebAPI.BackgroundTasks.RentalExpirationWorker|An error occurred during rental expiration check. System.Threading.Tasks.TaskCanceledException: A task was canceled.
   at DwellEase.WebAPI.BackgroundTasks.RentalExpirationWorker.ExecuteAsync(CancellationToken stoppingToken) in C:\AProject\DwellEase\DwellEase.WebAPI\BackgroundTasks\RentalExpirationWorker.cs:line 42|url: |action: |DwellEase.WebAPI.BackgroundTasks.RentalExpirationWorker.ExecuteAsync| body: 
2023-09-20 03:16:36.4033|0|INFO|Program|Program initial |url: |action: |Program.<Main>$| body: 
2023-09-20 03:16:36.5407|0|INFO|Microsoft.Hosting.Lifetime|Application started. Press Ctrl+C to shut down. |url: |action: |Microsoft.Extensions.Hosting.Internal.ConsoleLifetime.OnApplicationStarted| body: 
2023-09-20 03:16:36.5407|0|INFO|Microsoft.Hosting.Lifetime|Hosting environment: Development |url: |action: |Microsoft.Extensions.Hosting.Internal.ConsoleLifetime.OnApplicationStarted| body: 
2023-09-20 03:16:36.5407|0|INFO|Microsoft.Hosting.Lifetime|Content root path: C:\AProject\DwellEase\DwellEase.WebAPI |url: |action: |Microsoft.Extensions.Hosting.Internal.ApplicationLifetime.NotifyStarted| body: 
2023-09-20 03:16:36.7366|0|ERROR|DwellEase.Service.Services.Implementations.RentalService|Apartmentpages with not ended rent are not found |url: |action: |DwellEase.Service.Services.Implementations.RentalService.CheckAndUpdateApartmentStatus| body: 
2023-09-20 03:17:06.7511|0|ERROR|DwellEase.Service.Services.Implementations.RentalService|Apartmentpages with not ended rent are not found |url: |action: |DwellEase.Service.Services.Implementations.RentalService.CheckAndUpdateApartmentStatus| body: 
2023-09-20 03:17:36.7772|0|ERROR|DwellEase.Service.Services.Implementations.RentalService|Apartmentpages with not ended rent are not found |url: |action: |DwellEase.Service.Services.Implementations.RentalService.CheckAndUpdateApartmentStatus| body: 
2023-09-20 03:18:06.7987|0|ERROR|DwellEase.Service.Services.Implementations.RentalService|Apartmentpages with not ended rent are not found |url: |action: |DwellEase.Service.Services.Implementations.RentalService.CheckAndUpdateApartmentStatus| body: 
2023-09-20 03:18:36.8296|0|ERROR|DwellEase.Service.Services.Implementations.RentalService|Apartmentpages with not ended rent are not found |url: |action: |DwellEase.Service.Services.Implementations.RentalService.CheckAndUpdateApartmentStatus| body: 
2023-09-20 03:19:06.8357|0|ERROR|DwellEase.Service.Services.Implementations.RentalService|Apartmentpages with not ended rent are not found |url: |action: |DwellEase.Service.Services.Implementations.RentalService.CheckAndUpdateApartmentStatus| body: 
2023-09-20 03:19:36.8468|0|ERROR|DwellEase.Service.Services.Implementations.RentalService|Apartmentpages with not ended rent are not found |url: |action: |DwellEase.Service.Services.Implementations.RentalService.CheckAndUpdateApartmentStatus| body: 
2023-09-20 03:20:06.8707|0|ERROR|DwellEase.Service.Services.Implementations.RentalService|Apartmentpages with not ended rent are not found |url: |action: |DwellEase.Service.Services.Implementations.RentalService.CheckAndUpdateApartmentStatus| body: 
2023-09-20 03:20:36.9002|0|ERROR|DwellEase.Service.Services.Implementations.RentalService|Apartmentpages with not ended rent are not found |url: |action: |DwellEase.Service.Services.Implementations.RentalService.CheckAndUpdateApartmentStatus| body: 
2023-09-20 03:21:06.9326|0|ERROR|DwellEase.Service.Services.Implementations.RentalService|Apartmentpages with not ended rent are not found |url: |action: |DwellEase.Service.Services.Implementations.RentalService.CheckAndUpdateApartmentStatus| body: 
2023-09-20 03:21:36.9639|0|ERROR|DwellEase.Service.Services.Implementations.RentalService|Apartmentpages with not ended rent are not found |url: |action: |DwellEase.Service.Services.Implementations.RentalService.CheckAndUpdateApartmentStatus| body: 
2023-09-20 03:22:06.9906|0|ERROR|DwellEase.Service.Services.Implementations.RentalService|Apartmentpages with not ended rent are not found |url: |action: |DwellEase.Service.Services.Implementations.RentalService.CheckAndUpdateApartmentStatus| body: 
2023-09-20 03:22:37.0077|0|ERROR|DwellEase.Service.Services.Implementations.RentalService|Apartmentpages with not ended rent are not found |url: |action: |DwellEase.Service.Services.Implementations.RentalService.CheckAndUpdateApartmentStatus| body: 
2023-09-20 03:23:07.0422|0|ERROR|DwellEase.Service.Services.Implementations.RentalService|Apartmentpages with not ended rent are not found |url: |action: |DwellEase.Service.Services.Implementations.RentalService.CheckAndUpdateApartmentStatus| body: 
2023-09-20 03:23:37.0637|0|ERROR|DwellEase.Service.Services.Implementations.RentalService|Apartmentpages with not ended rent are not found |url: |action: |DwellEase.Service.Services.Implementations.RentalService.CheckAndUpdateApartmentStatus| body: 
2023-09-20 03:24:07.0832|0|ERROR|DwellEase.Service.Services.Implementations.RentalService|Apartmentpages with not ended rent are not found |url: |action: |DwellEase.Service.Services.Implementations.RentalService.CheckAndUpdateApartmentStatus| body: 
2023-09-20 03:24:37.1060|0|ERROR|DwellEase.Service.Services.Implementations.RentalService|Apartmentpages with not ended rent are not found |url: |action: |DwellEase.Service.Services.Implementations.RentalService.CheckAndUpdateApartmentStatus| body: 
2023-09-20 03:25:07.1261|0|ERROR|DwellEase.Service.Services.Implementations.RentalService|Apartmentpages with not ended rent are not found |url: |action: |DwellEase.Service.Services.Implementations.RentalService.CheckAndUpdateApartmentStatus| body: 
2023-09-20 03:25:37.1563|0|ERROR|DwellEase.Service.Services.Implementations.RentalService|Apartmentpages with not ended rent are not found |url: |action: |DwellEase.Service.Services.Implementations.RentalService.CheckAndUpdateApartmentStatus| body: 
2023-09-20 03:32:40.0474|0|INFO|Program|Program initial |url: |action: |Program.<Main>$| body: 
2023-09-20 03:32:40.1726|0|INFO|Microsoft.Hosting.Lifetime|Application started. Press Ctrl+C to shut down. |url: |action: |Microsoft.Extensions.Hosting.Internal.ConsoleLifetime.OnApplicationStarted| body: 
2023-09-20 03:32:40.1726|0|INFO|Microsoft.Hosting.Lifetime|Hosting environment: Development |url: |action: |Microsoft.Extensions.Hosting.Internal.ConsoleLifetime.OnApplicationStarted| body: 
2023-09-20 03:32:40.1726|0|INFO|Microsoft.Hosting.Lifetime|Content root path: C:\AProject\DwellEase\DwellEase.WebAPI |url: |action: |Microsoft.Extensions.Hosting.Internal.ApplicationLifetime.NotifyStarted| body: 
2023-09-20 03:32:40.3837|0|ERROR|DwellEase.Service.Services.Implementations.RentalService|Apartmentpages with not ended rent are not found |url: |action: |DwellEase.Service.Services.Implementations.RentalService.CheckAndUpdateApartmentStatus| body: 
2023-09-20 03:33:10.4082|0|ERROR|DwellEase.Service.Services.Implementations.RentalService|Apartmentpages with not ended rent are not found |url: |action: |DwellEase.Service.Services.Implementations.RentalService.CheckAndUpdateApartmentStatus| body: 
2023-09-20 03:33:13.7865|0|INFO|Microsoft.Hosting.Lifetime|Application is shutting down... |url: |action: |Microsoft.Extensions.Hosting.Internal.ApplicationLifetime.StopApplication| body: 
2023-09-20 03:33:13.7865|0|ERROR|DwellEase.WebAPI.BackgroundTasks.RentalExpirationWorker|An error occurred during rental expiration check. System.Threading.Tasks.TaskCanceledException: A task was canceled.
   at DwellEase.WebAPI.BackgroundTasks.RentalExpirationWorker.ExecuteAsync(CancellationToken stoppingToken) in C:\AProject\DwellEase\DwellEase.WebAPI\BackgroundTasks\RentalExpirationWorker.cs:line 42|url: |action: |DwellEase.WebAPI.BackgroundTasks.RentalExpirationWorker.ExecuteAsync| body: 
