2023-11-07 21:00:56.9953|0|ERROR|Program|Program initial |url: |action: |Program.<Main>$| body: 
2023-11-07 21:00:57.1238|0|ERROR|DwellEase.Service.Services.Implementations.RentalService|Apartmentpages are not found |url: |action: |DwellEase.Service.Services.Implementations.RentalService.CheckAndUpdateApartmentStatus| body: 
2023-11-07 21:00:57.2381|0|INFO|Microsoft.Hosting.Lifetime|Application started. Press Ctrl+C to shut down. |url: |action: |Microsoft.Extensions.Hosting.Internal.ConsoleLifetime.OnApplicationStarted| body: 
2023-11-07 21:00:57.2381|0|INFO|Microsoft.Hosting.Lifetime|Hosting environment: Development |url: |action: |Microsoft.Extensions.Hosting.Internal.ConsoleLifetime.OnApplicationStarted| body: 
2023-11-07 21:00:57.2381|0|INFO|Microsoft.Hosting.Lifetime|Content root path: C:\AProject\DwellEase\DwellEase.WebAPI |url: |action: |Microsoft.Extensions.Hosting.Internal.ApplicationLifetime.NotifyStarted| body: 
2023-11-07 21:01:06.5690|0|INFO|DwellEase.WebAPI.Controllers.AccountsController|eyJhbGciOiJIUzI1NiIsInR5cCI6IkpXVCJ9.eyJodHRwOi8vc2NoZW1hcy54bWxzb2FwLm9yZy93cy8yMDA1LzA1L2lkZW50aXR5L2NsYWltcy9uYW1laWRlbnRpZmllciI6ImRhNzAyNWY0LTdmMzQtNDU4Yy05NDJiLTI4NTBkY2U4YTFlZiIsImh0dHA6Ly9zY2hlbWFzLnhtbHNvYXAub3JnL3dzLzIwMDUvMDUvaWRlbnRpdHkvY2xhaW1zL25hbWUiOiJBbGV4IiwiaHR0cDovL3NjaGVtYXMueG1sc29hcC5vcmcvd3MvMjAwNS8wNS9pZGVudGl0eS9jbGFpbXMvZW1haWxhZGRyZXNzIjoicGFwYXB1c0BnbWFpbC5jb20iLCJodHRwOi8vc2NoZW1hcy5taWNyb3NvZnQuY29tL3dzLzIwMDgvMDYvaWRlbnRpdHkvY2xhaW1zL3JvbGUiOiJDcmVhdG9yIiwiZXhwIjoxNjk5MzgxODY2LCJpc3MiOiJodHRwczovL2xvY2FsaG9zdDo0NDMwMCIsImF1ZCI6Imh0dHBzOi8vbG9jYWxob3N0OjQ0MzAwIn0.tQyWqkmUrK4G2LwxZv5aXUlRwMkYuD7UTBxKELRYheo |url: https://localhost/Account/Login|action: Authenticate|DwellEase.WebAPI.Controllers.AccountsController.Authenticate| body: 
2023-11-07 21:01:27.1387|0|ERROR|DwellEase.Service.Services.Implementations.RentalService|Apartmentpages are not found |url: |action: |DwellEase.Service.Services.Implementations.RentalService.CheckAndUpdateApartmentStatus| body: 
2023-11-07 21:01:57.1400|0|ERROR|DwellEase.Service.Services.Implementations.RentalService|Apartmentpages are not found |url: |action: |DwellEase.Service.Services.Implementations.RentalService.CheckAndUpdateApartmentStatus| body: 
2023-11-07 21:02:27.1441|0|ERROR|DwellEase.Service.Services.Implementations.RentalService|Apartmentpages are not found |url: |action: |DwellEase.Service.Services.Implementations.RentalService.CheckAndUpdateApartmentStatus| body: 
2023-11-07 21:02:57.1558|0|ERROR|DwellEase.Service.Services.Implementations.RentalService|Apartmentpages are not found |url: |action: |DwellEase.Service.Services.Implementations.RentalService.CheckAndUpdateApartmentStatus| body: 
2023-11-07 21:03:27.1856|0|ERROR|DwellEase.Service.Services.Implementations.RentalService|Apartmentpages are not found |url: |action: |DwellEase.Service.Services.Implementations.RentalService.CheckAndUpdateApartmentStatus| body: 
2023-11-07 21:03:57.1879|0|ERROR|DwellEase.Service.Services.Implementations.RentalService|Apartmentpages are not found |url: |action: |DwellEase.Service.Services.Implementations.RentalService.CheckAndUpdateApartmentStatus| body: 
2023-11-07 21:04:27.1880|0|ERROR|DwellEase.Service.Services.Implementations.RentalService|Apartmentpages are not found |url: |action: |DwellEase.Service.Services.Implementations.RentalService.CheckAndUpdateApartmentStatus| body: 
2023-11-07 21:04:57.1928|0|ERROR|DwellEase.Service.Services.Implementations.RentalService|Apartmentpages are not found |url: |action: |DwellEase.Service.Services.Implementations.RentalService.CheckAndUpdateApartmentStatus| body: 
2023-11-07 21:05:27.2190|0|ERROR|DwellEase.Service.Services.Implementations.RentalService|Apartmentpages are not found |url: |action: |DwellEase.Service.Services.Implementations.RentalService.CheckAndUpdateApartmentStatus| body: 
2023-11-07 21:05:57.2247|0|ERROR|DwellEase.Service.Services.Implementations.RentalService|Apartmentpages are not found |url: |action: |DwellEase.Service.Services.Implementations.RentalService.CheckAndUpdateApartmentStatus| body: 
2023-11-07 21:06:27.2359|0|ERROR|DwellEase.Service.Services.Implementations.RentalService|Apartmentpages are not found |url: |action: |DwellEase.Service.Services.Implementations.RentalService.CheckAndUpdateApartmentStatus| body: 
2023-11-07 21:06:57.2444|0|ERROR|DwellEase.Service.Services.Implementations.RentalService|Apartmentpages are not found |url: |action: |DwellEase.Service.Services.Implementations.RentalService.CheckAndUpdateApartmentStatus| body: 
2023-11-07 21:07:27.2697|0|ERROR|DwellEase.Service.Services.Implementations.RentalService|Apartmentpages are not found |url: |action: |DwellEase.Service.Services.Implementations.RentalService.CheckAndUpdateApartmentStatus| body: 
2023-11-07 21:07:57.2942|0|ERROR|DwellEase.Service.Services.Implementations.RentalService|Apartmentpages are not found |url: |action: |DwellEase.Service.Services.Implementations.RentalService.CheckAndUpdateApartmentStatus| body: 
2023-11-07 21:08:27.3140|0|ERROR|DwellEase.Service.Services.Implementations.RentalService|Apartmentpages are not found |url: |action: |DwellEase.Service.Services.Implementations.RentalService.CheckAndUpdateApartmentStatus| body: 
2023-11-07 21:08:57.3364|0|ERROR|DwellEase.Service.Services.Implementations.RentalService|Apartmentpages are not found |url: |action: |DwellEase.Service.Services.Implementations.RentalService.CheckAndUpdateApartmentStatus| body: 
2023-11-07 21:09:27.3579|0|ERROR|DwellEase.Service.Services.Implementations.RentalService|Apartmentpages are not found |url: |action: |DwellEase.Service.Services.Implementations.RentalService.CheckAndUpdateApartmentStatus| body: 
2023-11-07 21:09:57.3844|0|ERROR|DwellEase.Service.Services.Implementations.RentalService|Apartmentpages are not found |url: |action: |DwellEase.Service.Services.Implementations.RentalService.CheckAndUpdateApartmentStatus| body: 
2023-11-07 21:10:27.4125|0|ERROR|DwellEase.Service.Services.Implementations.RentalService|Apartmentpages are not found |url: |action: |DwellEase.Service.Services.Implementations.RentalService.CheckAndUpdateApartmentStatus| body: 
2023-11-07 21:10:57.4155|0|ERROR|DwellEase.Service.Services.Implementations.RentalService|Apartmentpages are not found |url: |action: |DwellEase.Service.Services.Implementations.RentalService.CheckAndUpdateApartmentStatus| body: 
2023-11-07 21:11:27.4655|0|ERROR|DwellEase.Service.Services.Implementations.RentalService|Apartmentpages are not found |url: |action: |DwellEase.Service.Services.Implementations.RentalService.CheckAndUpdateApartmentStatus| body: 
2023-11-07 21:11:57.4747|0|ERROR|DwellEase.Service.Services.Implementations.RentalService|Apartmentpages are not found |url: |action: |DwellEase.Service.Services.Implementations.RentalService.CheckAndUpdateApartmentStatus| body: 
2023-11-07 21:12:27.4785|0|ERROR|DwellEase.Service.Services.Implementations.RentalService|Apartmentpages are not found |url: |action: |DwellEase.Service.Services.Implementations.RentalService.CheckAndUpdateApartmentStatus| body: 
2023-11-07 21:12:57.4833|0|ERROR|DwellEase.Service.Services.Implementations.RentalService|Apartmentpages are not found |url: |action: |DwellEase.Service.Services.Implementations.RentalService.CheckAndUpdateApartmentStatus| body: 
2023-11-07 21:13:27.4843|0|ERROR|DwellEase.Service.Services.Implementations.RentalService|Apartmentpages are not found |url: |action: |DwellEase.Service.Services.Implementations.RentalService.CheckAndUpdateApartmentStatus| body: 
2023-11-07 21:13:57.5246|0|ERROR|DwellEase.Service.Services.Implementations.RentalService|Apartmentpages are not found |url: |action: |DwellEase.Service.Services.Implementations.RentalService.CheckAndUpdateApartmentStatus| body: 
2023-11-07 21:14:27.5416|0|ERROR|DwellEase.Service.Services.Implementations.RentalService|Apartmentpages are not found |url: |action: |DwellEase.Service.Services.Implementations.RentalService.CheckAndUpdateApartmentStatus| body: 
2023-11-07 21:14:57.5460|0|ERROR|DwellEase.Service.Services.Implementations.RentalService|Apartmentpages are not found |url: |action: |DwellEase.Service.Services.Implementations.RentalService.CheckAndUpdateApartmentStatus| body: 
2023-11-07 21:15:27.5475|0|ERROR|DwellEase.Service.Services.Implementations.RentalService|Apartmentpages are not found |url: |action: |DwellEase.Service.Services.Implementations.RentalService.CheckAndUpdateApartmentStatus| body: 
2023-11-07 21:15:57.5513|0|ERROR|DwellEase.Service.Services.Implementations.RentalService|Apartmentpages are not found |url: |action: |DwellEase.Service.Services.Implementations.RentalService.CheckAndUpdateApartmentStatus| body: 
2023-11-07 21:16:27.5592|0|ERROR|DwellEase.Service.Services.Implementations.RentalService|Apartmentpages are not found |url: |action: |DwellEase.Service.Services.Implementations.RentalService.CheckAndUpdateApartmentStatus| body: 
2023-11-07 21:16:57.5618|0|ERROR|DwellEase.Service.Services.Implementations.RentalService|Apartmentpages are not found |url: |action: |DwellEase.Service.Services.Implementations.RentalService.CheckAndUpdateApartmentStatus| body: 
2023-11-07 21:17:27.5710|0|ERROR|DwellEase.Service.Services.Implementations.RentalService|Apartmentpages are not found |url: |action: |DwellEase.Service.Services.Implementations.RentalService.CheckAndUpdateApartmentStatus| body: 
2023-11-07 21:17:57.5733|0|ERROR|DwellEase.Service.Services.Implementations.RentalService|Apartmentpages are not found |url: |action: |DwellEase.Service.Services.Implementations.RentalService.CheckAndUpdateApartmentStatus| body: 
2023-11-07 21:18:27.5788|0|ERROR|DwellEase.Service.Services.Implementations.RentalService|Apartmentpages are not found |url: |action: |DwellEase.Service.Services.Implementations.RentalService.CheckAndUpdateApartmentStatus| body: 
2023-11-07 21:18:57.5814|0|ERROR|DwellEase.Service.Services.Implementations.RentalService|Apartmentpages are not found |url: |action: |DwellEase.Service.Services.Implementations.RentalService.CheckAndUpdateApartmentStatus| body: 
2023-11-07 21:19:27.6290|0|ERROR|DwellEase.Service.Services.Implementations.RentalService|Apartmentpages are not found |url: |action: |DwellEase.Service.Services.Implementations.RentalService.CheckAndUpdateApartmentStatus| body: 
2023-11-07 21:19:57.6668|0|ERROR|DwellEase.Service.Services.Implementations.RentalService|Apartmentpages are not found |url: |action: |DwellEase.Service.Services.Implementations.RentalService.CheckAndUpdateApartmentStatus| body: 
2023-11-07 21:20:27.7094|0|ERROR|DwellEase.Service.Services.Implementations.RentalService|Apartmentpages are not found |url: |action: |DwellEase.Service.Services.Implementations.RentalService.CheckAndUpdateApartmentStatus| body: 
2023-11-07 21:20:57.7302|0|ERROR|DwellEase.Service.Services.Implementations.RentalService|Apartmentpages are not found |url: |action: |DwellEase.Service.Services.Implementations.RentalService.CheckAndUpdateApartmentStatus| body: 
2023-11-07 21:21:27.7762|0|ERROR|DwellEase.Service.Services.Implementations.RentalService|Apartmentpages are not found |url: |action: |DwellEase.Service.Services.Implementations.RentalService.CheckAndUpdateApartmentStatus| body: 
2023-11-07 21:21:57.7934|0|ERROR|DwellEase.Service.Services.Implementations.RentalService|Apartmentpages are not found |url: |action: |DwellEase.Service.Services.Implementations.RentalService.CheckAndUpdateApartmentStatus| body: 
2023-11-07 21:22:27.8423|0|ERROR|DwellEase.Service.Services.Implementations.RentalService|Apartmentpages are not found |url: |action: |DwellEase.Service.Services.Implementations.RentalService.CheckAndUpdateApartmentStatus| body: 
2023-11-07 21:22:57.8746|0|ERROR|DwellEase.Service.Services.Implementations.RentalService|Apartmentpages are not found |url: |action: |DwellEase.Service.Services.Implementations.RentalService.CheckAndUpdateApartmentStatus| body: 
2023-11-07 21:23:27.8848|0|ERROR|DwellEase.Service.Services.Implementations.RentalService|Apartmentpages are not found |url: |action: |DwellEase.Service.Services.Implementations.RentalService.CheckAndUpdateApartmentStatus| body: 
2023-11-07 21:23:57.9014|0|ERROR|DwellEase.Service.Services.Implementations.RentalService|Apartmentpages are not found |url: |action: |DwellEase.Service.Services.Implementations.RentalService.CheckAndUpdateApartmentStatus| body: 
2023-11-07 21:24:27.9044|0|ERROR|DwellEase.Service.Services.Implementations.RentalService|Apartmentpages are not found |url: |action: |DwellEase.Service.Services.Implementations.RentalService.CheckAndUpdateApartmentStatus| body: 
2023-11-07 21:24:57.9058|0|ERROR|DwellEase.Service.Services.Implementations.RentalService|Apartmentpages are not found |url: |action: |DwellEase.Service.Services.Implementations.RentalService.CheckAndUpdateApartmentStatus| body: 
2023-11-07 21:25:27.9103|0|ERROR|DwellEase.Service.Services.Implementations.RentalService|Apartmentpages are not found |url: |action: |DwellEase.Service.Services.Implementations.RentalService.CheckAndUpdateApartmentStatus| body: 
2023-11-07 21:25:57.9145|0|ERROR|DwellEase.Service.Services.Implementations.RentalService|Apartmentpages are not found |url: |action: |DwellEase.Service.Services.Implementations.RentalService.CheckAndUpdateApartmentStatus| body: 
2023-11-07 21:26:27.9205|0|ERROR|DwellEase.Service.Services.Implementations.RentalService|Apartmentpages are not found |url: |action: |DwellEase.Service.Services.Implementations.RentalService.CheckAndUpdateApartmentStatus| body: 
2023-11-07 21:26:57.9179|0|ERROR|DwellEase.Service.Services.Implementations.RentalService|Apartmentpages are not found |url: |action: |DwellEase.Service.Services.Implementations.RentalService.CheckAndUpdateApartmentStatus| body: 
